Log file open, 04/03/23 16:30:05
LogWindows: Failed to load 'aqProf.dll' (GetLastError=126)
LogWindows: File 'aqProf.dll' does not exist
LogWindows: Failed to load 'VtuneApi.dll' (GetLastError=126)
LogWindows: File 'VtuneApi.dll' does not exist
LogWindows: Failed to load 'VtuneApi32e.dll' (GetLastError=126)
LogWindows: File 'VtuneApi32e.dll' does not exist
LogConsoleResponse: Display: Failed to find resolution value strings in scalability ini. Falling back to default.
LogConsoleResponse: Display: Failed to find resolution value strings in scalability ini. Falling back to default.
LogInit: Display: Running engine for game: SpaceMiner
LogPlatformFile: Not using cached read wrapper
LogTaskGraph: Started task graph with 5 named threads and 20 total threads with 3 sets of task threads.
LogStats: Stats thread started at 0.199037
LogICUInternationalization: ICU TimeZone Detection - Raw Offset: +3:00, Platform Override: ''
LogInit: Display: Loading text-based GConfig....
LogPluginManager: Mounting plugin MeshPainting
LogPluginManager: Mounting plugin XGEController
LogPluginManager: Mounting plugin Paper2D
LogPluginManager: Mounting plugin AISupport
LogPluginManager: Mounting plugin EnvironmentQueryEditor
LogPluginManager: Mounting plugin LightPropagationVolume
LogPluginManager: Mounting plugin LiveLink
LogPluginManager: Mounting plugin GameplayCameras
LogPluginManager: Mounting plugin CameraShakePreviewer
LogPluginManager: Mounting plugin AssetManagerEditor
LogPluginManager: Mounting plugin CryptoKeys
LogPluginManager: Mounting plugin CurveEditorTools
LogPluginManager: Mounting plugin DataValidation
LogPluginManager: Mounting plugin FacialAnimation
LogPluginManager: Mounting plugin GameplayTagsEditor
LogPluginManager: Mounting plugin GeometryMode
LogPluginManager: Mounting plugin MacGraphicsSwitching
LogPluginManager: Mounting plugin MaterialAnalyzer
LogPluginManager: Mounting plugin MobileLauncherProfileWizard
LogPluginManager: Mounting plugin PluginBrowser
LogPluginManager: Mounting plugin SpeedTreeImporter
LogPluginManager: Mounting plugin DatasmithContent
LogPluginManager: Mounting plugin VariantManagerContent
LogPluginManager: Mounting plugin AlembicImporter
LogPluginManager: Mounting plugin AutomationUtils
LogPluginManager: Mounting plugin BackChannel
LogPluginManager: Mounting plugin ChaosCloth
LogPluginManager: Mounting plugin ChaosClothEditor
LogPluginManager: Mounting plugin ChaosEditor
LogPluginManager: Mounting plugin ChaosNiagara
LogPluginManager: Mounting plugin AnimationSharing
LogPluginManager: Mounting plugin ChaosSolverPlugin
LogPluginManager: Mounting plugin CharacterAI
LogPluginManager: Mounting plugin CLionSourceCodeAccess
LogPluginManager: Mounting plugin CodeLiteSourceCodeAccess
LogPluginManager: Mounting plugin GitSourceControl
LogPluginManager: Mounting plugin NullSourceCodeAccess
LogPluginManager: Mounting plugin KDevelopSourceCodeAccess
LogPluginManager: Mounting plugin PerforceSourceControl
LogPluginManager: Mounting plugin PixWinPlugin
LogPluginManager: Mounting plugin PlasticSourceControl
LogPluginManager: Mounting plugin PluginUtils
LogPluginManager: Mounting plugin PropertyAccessNode
LogPluginManager: Mounting plugin RiderSourceCodeAccess
LogPluginManager: Mounting plugin SubversionSourceControl
LogPluginManager: Mounting plugin TextureFormatOodle
LogPluginManager: Mounting plugin UObjectPlugin
LogPluginManager: Mounting plugin GeometryCache
LogPluginManager: Mounting plugin GeometryCollectionPlugin
LogPluginManager: Mounting plugin GeometryProcessing
LogPluginManager: Mounting plugin MotoSynth
LogPluginManager: Mounting plugin OpenImageDenoise
LogPluginManager: Mounting plugin PlanarCut
LogPluginManager: Mounting plugin ProxyLODPlugin
LogPluginManager: Mounting plugin PlatformCrypto
LogPluginManager: Mounting plugin PythonScriptPlugin
LogPluginManager: Mounting plugin LuminPlatformFeatures
LogPluginManager: Mounting plugin MagicLeap
LogPluginManager: Mounting plugin MagicLeapLightEstimation
LogPluginManager: Mounting plugin MagicLeapMedia
LogPluginManager: Mounting plugin VisualStudioCodeSourceCodeAccess
LogPluginManager: Mounting plugin MagicLeapPassableWorld
LogPluginManager: Mounting plugin VisualStudioSourceCodeAccess
LogPluginManager: Mounting plugin XCodeSourceCodeAccess
LogPluginManager: Mounting plugin MLSDK
LogPluginManager: Mounting plugin Niagara
LogPluginManager: Mounting plugin SkeletalReduction
LogPluginManager: Mounting plugin AndroidMedia
LogPluginManager: Mounting plugin AvfMedia
LogPluginManager: Mounting plugin ImgMedia
LogPluginManager: Mounting plugin MediaCompositing
LogPluginManager: Mounting plugin MediaPlayerEditor
LogPluginManager: Mounting plugin WebMMedia
LogPluginManager: Mounting plugin WmfMedia
LogPluginManager: Mounting plugin TcpMessaging
LogPluginManager: Mounting plugin UdpMessaging
LogPluginManager: Mounting plugin ActorSequence
LogPluginManager: Mounting plugin LevelSequenceEditor
LogPluginManager: Mounting plugin MatineeToLevelSequence
LogPluginManager: Mounting plugin TemplateSequence
LogPluginManager: Mounting plugin OnlineSubsystem
LogPluginManager: Mounting plugin OnlineSubsystemNull
LogPluginManager: Mounting plugin OnlineSubsystemUtils
LogPluginManager: Mounting plugin LauncherChunkInstaller
LogPluginManager: Mounting plugin ActorLayerUtilities
LogPluginManager: Mounting plugin AndroidDeviceProfileSelector
LogPluginManager: Mounting plugin AndroidMoviePlayer
LogPluginManager: Mounting plugin AndroidPermission
LogPluginManager: Mounting plugin AppleImageUtils
LogPluginManager: Mounting plugin AppleMoviePlayer
LogPluginManager: Mounting plugin ArchVisCharacter
LogPluginManager: Mounting plugin AssetTags
LogPluginManager: Mounting plugin AudioCapture
LogPluginManager: Mounting plugin AudioSynesthesia
LogPluginManager: Mounting plugin CableComponent
LogPluginManager: Mounting plugin ChunkDownloader
LogPluginManager: Mounting plugin CustomMeshComponent
LogPluginManager: Mounting plugin EditableMesh
LogPluginManager: Mounting plugin ExampleDeviceProfileSelector
LogPluginManager: Mounting plugin GoogleCloudMessaging
LogPluginManager: Mounting plugin ScreenshotTools
LogPluginManager: Mounting plugin GooglePAD
LogPluginManager: Mounting plugin IOSDeviceProfileSelector
LogPluginManager: Mounting plugin LinuxDeviceProfileSelector
LogPluginManager: Mounting plugin LocationServicesBPLibrary
LogPluginManager: Mounting plugin MobilePatchingUtils
LogPluginManager: Mounting plugin OpenXR
LogPluginManager: Mounting plugin OpenXREyeTracker
LogPluginManager: Mounting plugin OpenXRHandTracking
LogPluginManager: Mounting plugin PhysXVehicles
LogPluginManager: Mounting plugin PostSplashScreen
LogPluginManager: Mounting plugin ProceduralMeshComponent
LogPluginManager: Mounting plugin PropertyAccessEditor
LogPluginManager: Mounting plugin ResonanceAudio
LogPluginManager: Mounting plugin RuntimePhysXCooking
LogPluginManager: Mounting plugin SignificanceManager
LogPluginManager: Mounting plugin SoundFields
LogPluginManager: Mounting plugin Synthesis
LogPluginManager: Mounting plugin Takes
LogPluginManager: Mounting plugin WebMMoviePlayer
LogPluginManager: Mounting plugin WindowsMoviePlayer
LogPluginManager: Mounting plugin OodleData
LogPluginManager: Mounting plugin OodleNetwork
LogPluginManager: Mounting plugin ContentBrowserAssetDataSource
LogPluginManager: Mounting plugin ContentBrowserClassDataSource
LogPluginManager: Mounting plugin ContentBrowserFileDataSource
LogPluginManager: Mounting plugin OnlineSubsystemGooglePlay
LogPluginManager: Mounting plugin OnlineSubsystemIOS
LogPluginManager: Mounting plugin OculusOpenXR
PixWinPlugin: PIX capture plugin failed to initialize! Check that the process is launched from PIX.
LogInit: Using libcurl 7.55.1-DEV
LogInit:  - built for x86_64-pc-win32
LogInit:  - supports SSL with OpenSSL/1.1.1
LogInit:  - supports HTTP deflate (compression) using libz 1.2.8
LogInit:  - other features:
LogInit:      CURL_VERSION_SSL
LogInit:      CURL_VERSION_LIBZ
LogInit:      CURL_VERSION_IPV6
LogInit:      CURL_VERSION_ASYNCHDNS
LogInit:      CURL_VERSION_LARGEFILE
LogInit:      CURL_VERSION_IDN
LogInit:  CurlRequestOptions (configurable via config and command line):
LogInit:  - bVerifyPeer = true  - Libcurl will verify peer certificate
LogInit:  - bUseHttpProxy = false  - Libcurl will NOT use HTTP proxy
LogInit:  - bDontReuseConnections = false  - Libcurl will reuse connections
LogInit:  - MaxHostConnections = 16  - Libcurl will limit the number of connections to a host
LogInit:  - LocalHostAddr = Default
LogInit:  - BufferSize = 65536
LogOnline: OSS: Creating online subsystem instance for: NULL
LogInit: WinSock: version 1.1 (2.2), MaxSocks=32767, MaxUdp=65467
LogOnline: OSS: TryLoadSubsystemAndSetDefault: Loaded subsystem for module [NULL]
LogInit: Build: ++UE4+Release-4.27-CL-18319896
LogInit: Engine Version: 4.27.2-18319896+++UE4+Release-4.27
LogInit: Compatible Engine Version: 4.27.0-17155196+++UE4+Release-4.27
LogInit: Net CL: 17155196
LogInit: OS: Windows 10 (Release 2009) (), CPU: Intel(R) Core(TM) i5-8400 CPU @ 2.80GHz, GPU: NVIDIA GeForce GTX 1060 6GB
LogInit: Compiled (64-bit): Nov 30 2021 07:12:08
LogInit: Compiled with Visual C++: 19.24.28315.00
LogInit: Build Configuration: Development
LogInit: Branch Name: ++UE4+Release-4.27
LogInit: Command Line: 
LogInit: Base Directory: C:/Program Files/Epic Games/UE_4.27/Engine/Binaries/Win64/
LogInit: Allocator: TBB
LogInit: Installed Engine Build: 1
LogDevObjectVersion: Number of dev versions registered: 29
LogDevObjectVersion:   Dev-Blueprints (B0D832E4-1F89-4F0D-ACCF-7EB736FD4AA2): 10
LogDevObjectVersion:   Dev-Build (E1C64328-A22C-4D53-A36C-8E866417BD8C): 0
LogDevObjectVersion:   Dev-Core (375EC13C-06E4-48FB-B500-84F0262A717E): 4
LogDevObjectVersion:   Dev-Editor (E4B068ED-F494-42E9-A231-DA0B2E46BB41): 40
LogDevObjectVersion:   Dev-Framework (CFFC743F-43B0-4480-9391-14DF171D2073): 37
LogDevObjectVersion:   Dev-Mobile (B02B49B5-BB20-44E9-A304-32B752E40360): 3
LogDevObjectVersion:   Dev-Networking (A4E4105C-59A1-49B5-A7C5-40C4547EDFEE): 0
LogDevObjectVersion:   Dev-Online (39C831C9-5AE6-47DC-9A44-9C173E1C8E7C): 0
LogDevObjectVersion:   Dev-Physics (78F01B33-EBEA-4F98-B9B4-84EACCB95AA2): 14
LogDevObjectVersion:   Dev-Platform (6631380F-2D4D-43E0-8009-CF276956A95A): 0
LogDevObjectVersion:   Dev-Rendering (12F88B9F-8875-4AFC-A67C-D90C383ABD29): 45
LogDevObjectVersion:   Dev-Sequencer (7B5AE74C-D270-4C10-A958-57980B212A5A): 13
LogDevObjectVersion:   Dev-VR (D7296918-1DD6-4BDD-9DE2-64A83CC13884): 3
LogDevObjectVersion:   Dev-LoadTimes (C2A15278-BFE7-4AFE-6C17-90FF531DF755): 1
LogDevObjectVersion:   Private-Geometry (6EACA3D4-40EC-4CC1-B786-8BED09428FC5): 3
LogDevObjectVersion:   Dev-AnimPhys (29E575DD-E0A3-4627-9D10-D276232CDCEA): 17
LogDevObjectVersion:   Dev-Anim (AF43A65D-7FD3-4947-9873-3E8ED9C1BB05): 15
LogDevObjectVersion:   Dev-ReflectionCapture (6B266CEC-1EC7-4B8F-A30B-E4D90942FC07): 1
LogDevObjectVersion:   Dev-Automation (0DF73D61-A23F-47EA-B727-89E90C41499A): 1
LogDevObjectVersion:   FortniteMain (601D1886-AC64-4F84-AA16-D3DE0DEAC7D6): 47
LogDevObjectVersion:   FortniteRelease (E7086368-6B23-4C58-8439-1B7016265E91): 1
LogDevObjectVersion:   Dev-Enterprise (9DFFBCD6-494F-0158-E221-12823C92A888): 10
LogDevObjectVersion:   Dev-Niagara (F2AED0AC-9AFE-416F-8664-AA7FFA26D6FC): 1
LogDevObjectVersion:   Dev-Destruction (174F1F0B-B4C6-45A5-B13F-2EE8D0FB917D): 10
LogDevObjectVersion:   Dev-Physics-Ext (35F94A83-E258-406C-A318-09F59610247C): 41
LogDevObjectVersion:   Dev-PhysicsMaterial-Chaos (B68FC16E-8B1B-42E2-B453-215C058844FE): 1
LogDevObjectVersion:   Dev-CineCamera (B2E18506-4273-CFC2-A54E-F4BB758BBA07): 1
LogDevObjectVersion:   Dev-VirtualProduction (64F58936-FD1B-42BA-BA96-7289D5D0FA4E): 1
LogDevObjectVersion:   Dev-MediaFramework (6F0ED827-A609-4895-9C91-998D90180EA4): 2
LogInit: Presizing for max 25165824 objects, including 0 objects not considered by GC, pre-allocating 0 bytes for permanent pool.
LogConfig: Applying CVar settings from Section [/Script/Engine.StreamingSettings] File [C:/Users/VRLab/Documents/GitHub/space-miner/SpaceMiner/Saved/Config/Windows/Engine.ini]
LogConfig: Setting CVar [[s.MinBulkDataSizeForAsyncLoading:131072]]
LogConfig: Setting CVar [[s.AsyncLoadingThreadEnabled:0]]
LogConfig: Setting CVar [[s.EventDrivenLoaderEnabled:1]]
LogConfig: Setting CVar [[s.WarnIfTimeLimitExceeded:0]]
LogConfig: Setting CVar [[s.TimeLimitExceededMultiplier:1.5]]
LogConfig: Setting CVar [[s.TimeLimitExceededMinTime:0.005]]
LogConfig: Setting CVar [[s.UseBackgroundLevelStreaming:1]]
LogConfig: Setting CVar [[s.PriorityAsyncLoadingExtraTime:15.0]]
LogConfig: Setting CVar [[s.LevelStreamingActorsUpdateTimeLimit:5.0]]
LogConfig: Setting CVar [[s.PriorityLevelStreamingActorsUpdateExtraTime:5.0]]
LogConfig: Setting CVar [[s.LevelStreamingComponentsRegistrationGranularity:10]]
LogConfig: Setting CVar [[s.UnregisterComponentsTimeLimit:1.0]]
LogConfig: Setting CVar [[s.LevelStreamingComponentsUnregistrationGranularity:5]]
LogConfig: Setting CVar [[s.FlushStreamingOnExit:1]]
LogInit: Object subsystem initialized
LogConfig: Setting CVar [[con.DebugEarlyDefault:1]]
LogConfig: Setting CVar [[r.setres:1280x720]]
[2023.04.03-13.30.12:072][  0]LogConfig: Setting CVar [[r.VSync:0]]
[2023.04.03-13.30.12:072][  0]LogConfig: Setting CVar [[r.RHICmdBypass:0]]
[2023.04.03-13.30.12:072][  0]LogConfig: Applying CVar settings from Section [/Script/Engine.RendererSettings] File [C:/Users/VRLab/Documents/GitHub/space-miner/SpaceMiner/Saved/Config/Windows/Engine.ini]
[2023.04.03-13.30.12:072][  0]LogConfig: Setting CVar [[r.GPUCrashDebugging:0]]
[2023.04.03-13.30.12:072][  0]LogConfig: Setting CVar [[r.Mobile.DisableVertexFog:1]]
[2023.04.03-13.30.12:072][  0]LogConfig: Setting CVar [[r.Shadow.CSM.MaxMobileCascades:2]]
[2023.04.03-13.30.12:072][  0]LogConfig: Setting CVar [[r.MobileMSAA:4]]
[2023.04.03-13.30.12:072][  0]LogConfig: Setting CVar [[r.Mobile.AllowDitheredLODTransition:0]]
[2023.04.03-13.30.12:072][  0]LogConfig: Setting CVar [[r.Mobile.AllowSoftwareOcclusion:0]]
[2023.04.03-13.30.12:072][  0]LogConfig: Setting CVar [[r.Mobile.VirtualTextures:0]]
[2023.04.03-13.30.12:072][  0]LogConfig: Setting CVar [[r.DiscardUnusedQuality:0]]
[2023.04.03-13.30.12:072][  0]LogConfig: Setting CVar [[r.AllowOcclusionQueries:1]]
[2023.04.03-13.30.12:072][  0]LogConfig: Setting CVar [[r.MinScreenRadiusForLights:0.030000]]
[2023.04.03-13.30.12:072][  0]LogConfig: Setting CVar [[r.MinScreenRadiusForDepthPrepass:0.030000]]
[2023.04.03-13.30.12:072][  0]LogConfig: Setting CVar [[r.MinScreenRadiusForCSMDepth:0.010000]]
[2023.04.03-13.30.12:072][  0]LogConfig: Setting CVar [[r.PrecomputedVisibilityWarning:0]]
[2023.04.03-13.30.12:072][  0]LogConfig: Setting CVar [[r.TextureStreaming:1]]
[2023.04.03-13.30.12:072][  0]LogConfig: Setting CVar [[Compat.UseDXT5NormalMaps:0]]
[2023.04.03-13.30.12:072][  0]LogConfig: Setting CVar [[r.VirtualTextures:0]]
[2023.04.03-13.30.12:072][  0]LogConfig: Setting CVar [[r.VirtualTexturedLightmaps:0]]
[2023.04.03-13.30.12:072][  0]LogConfig: Setting CVar [[r.VT.TileSize:128]]
[2023.04.03-13.30.12:072][  0]LogConfig: Setting CVar [[r.VT.TileBorderSize:4]]
[2023.04.03-13.30.12:072][  0]LogConfig: Setting CVar [[r.vt.FeedbackFactor:16]]
[2023.04.03-13.30.12:072][  0]LogConfig: Setting CVar [[r.VT.EnableCompressZlib:1]]
[2023.04.03-13.30.12:072][  0]LogConfig: Setting CVar [[r.VT.EnableCompressCrunch:0]]
[2023.04.03-13.30.12:072][  0]LogConfig: Setting CVar [[r.ClearCoatNormal:0]]
[2023.04.03-13.30.12:072][  0]LogConfig: Setting CVar [[r.ReflectionCaptureResolution:128]]
[2023.04.03-13.30.12:072][  0]LogConfig: Setting CVar [[r.Mobile.ReflectionCaptureCompression:0]]
[2023.04.03-13.30.12:072][  0]LogConfig: Setting CVar [[r.ReflectionEnvironmentLightmapMixBasedOnRoughness:1]]
[2023.04.03-13.30.12:072][  0]LogConfig: Setting CVar [[r.ForwardShading:1]]
[2023.04.03-13.30.12:072][  0]LogConfig: Setting CVar [[r.VertexFoggingForOpaque:1]]
[2023.04.03-13.30.12:072][  0]LogConfig: Setting CVar [[r.AllowStaticLighting:1]]
[2023.04.03-13.30.12:072][  0]LogConfig: Setting CVar [[r.NormalMapsForStaticLighting:0]]
[2023.04.03-13.30.12:072][  0]LogConfig: Setting CVar [[r.GenerateMeshDistanceFields:0]]
[2023.04.03-13.30.12:072][  0]LogConfig: Setting CVar [[r.DistanceFieldBuild.EightBit:0]]
[2023.04.03-13.30.12:072][  0]LogConfig: Setting CVar [[r.GenerateLandscapeGIData:0]]
[2023.04.03-13.30.12:073][  0]LogConfig: Setting CVar [[r.DistanceFieldBuild.Compress:0]]
[2023.04.03-13.30.12:073][  0]LogConfig: Setting CVar [[r.TessellationAdaptivePixelsPerTriangle:48.000000]]
[2023.04.03-13.30.12:073][  0]LogConfig: Setting CVar [[r.SeparateTranslucency:0]]
[2023.04.03-13.30.12:073][  0]LogConfig: Setting CVar [[r.TranslucentSortPolicy:0]]
[2023.04.03-13.30.12:073][  0]LogConfig: Setting CVar [[r.CustomDepth:1]]
[2023.04.03-13.30.12:073][  0]LogConfig: Setting CVar [[r.CustomDepthTemporalAAJitter:1]]
[2023.04.03-13.30.12:073][  0]LogConfig: Setting CVar [[r.PostProcessing.PropagateAlpha:0]]
[2023.04.03-13.30.12:073][  0]LogConfig: Setting CVar [[r.DefaultFeature.Bloom:0]]
[2023.04.03-13.30.12:073][  0]LogConfig: Setting CVar [[r.DefaultFeature.AmbientOcclusion:0]]
[2023.04.03-13.30.12:073][  0]LogConfig: Setting CVar [[r.DefaultFeature.AmbientOcclusionStaticFraction:1]]
[2023.04.03-13.30.12:073][  0]LogConfig: Setting CVar [[r.DefaultFeature.AutoExposure:0]]
[2023.04.03-13.30.12:073][  0]LogConfig: Setting CVar [[r.DefaultFeature.AutoExposure.Method:0]]
[2023.04.03-13.30.12:073][  0]LogConfig: Setting CVar [[r.DefaultFeature.AutoExposure.Bias:1.000000]]
[2023.04.03-13.30.12:073][  0]LogConfig: Setting CVar [[r.DefaultFeature.AutoExposure.ExtendDefaultLuminanceRange:1]]
[2023.04.03-13.30.12:073][  0]LogConfig: Setting CVar [[r.UsePreExposure:1]]
[2023.04.03-13.30.12:073][  0]LogConfig: Setting CVar [[r.EyeAdaptation.EditorOnly:0]]
[2023.04.03-13.30.12:073][  0]LogConfig: Setting CVar [[r.DefaultFeature.MotionBlur:0]]
[2023.04.03-13.30.12:073][  0]LogConfig: Setting CVar [[r.DefaultFeature.LensFlare:0]]
[2023.04.03-13.30.12:073][  0]LogConfig: Setting CVar [[r.TemporalAA.Upsampling:0]]
[2023.04.03-13.30.12:073][  0]LogConfig: Setting CVar [[r.SSGI.Enable:0]]
[2023.04.03-13.30.12:073][  0]LogConfig: Setting CVar [[r.DefaultFeature.AntiAliasing:3]]
[2023.04.03-13.30.12:074][  0]LogConfig: Setting CVar [[r.DefaultFeature.LightUnits:1]]
[2023.04.03-13.30.12:074][  0]LogConfig: Setting CVar [[r.DefaultBackBufferPixelFormat:4]]
[2023.04.03-13.30.12:074][  0]LogConfig: Setting CVar [[r.Shadow.UnbuiltPreviewInGame:1]]
[2023.04.03-13.30.12:074][  0]LogConfig: Setting CVar [[r.StencilForLODDither:0]]
[2023.04.03-13.30.12:074][  0]LogConfig: Setting CVar [[r.EarlyZPass:3]]
[2023.04.03-13.30.12:074][  0]LogConfig: Setting CVar [[r.EarlyZPassOnlyMaterialMasking:0]]
[2023.04.03-13.30.12:074][  0]LogConfig: Setting CVar [[r.DBuffer:1]]
[2023.04.03-13.30.12:074][  0]LogConfig: Setting CVar [[r.ClearSceneMethod:1]]
[2023.04.03-13.30.12:074][  0]LogConfig: Setting CVar [[r.BasePassOutputsVelocity:0]]
[2023.04.03-13.30.12:074][  0]LogConfig: Setting CVar [[r.VertexDeformationOutputsVelocity:0]]
[2023.04.03-13.30.12:074][  0]LogConfig: Setting CVar [[r.SelectiveBasePassOutputs:0]]
[2023.04.03-13.30.12:074][  0]LogConfig: Setting CVar [[fx.GPUSimulationTextureSizeX:1024]]
[2023.04.03-13.30.12:074][  0]LogConfig: Setting CVar [[fx.GPUSimulationTextureSizeY:1024]]
[2023.04.03-13.30.12:074][  0]LogConfig: Setting CVar [[r.AllowGlobalClipPlane:0]]
[2023.04.03-13.30.12:074][  0]LogConfig: Setting CVar [[r.GBufferFormat:1]]
[2023.04.03-13.30.12:074][  0]LogConfig: Setting CVar [[r.MorphTarget.Mode:1]]
[2023.04.03-13.30.12:074][  0]LogConfig: Setting CVar [[vr.InstancedStereo:1]]
[2023.04.03-13.30.12:074][  0]LogConfig: Setting CVar [[r.MobileHDR:0]]
[2023.04.03-13.30.12:074][  0]LogConfig: Setting CVar [[vr.MobileMultiView:1]]
[2023.04.03-13.30.12:074][  0]LogConfig: Setting CVar [[r.Mobile.UseHWsRGBEncoding:1]]
[2023.04.03-13.30.12:074][  0]LogConfig: Setting CVar [[vr.RoundRobinOcclusion:0]]
[2023.04.03-13.30.12:074][  0]LogConfig: Setting CVar [[vr.ODSCapture:0]]
[2023.04.03-13.30.12:074][  0]LogConfig: Setting CVar [[r.MeshStreaming:0]]
[2023.04.03-13.30.12:074][  0]LogConfig: Setting CVar [[r.WireframeCullThreshold:5.000000]]
[2023.04.03-13.30.12:074][  0]LogConfig: Setting CVar [[r.RayTracing:0]]
[2023.04.03-13.30.12:074][  0]LogConfig: Setting CVar [[r.RayTracing.UseTextureLod:0]]
[2023.04.03-13.30.12:074][  0]LogConfig: Setting CVar [[r.SupportStationarySkylight:1]]
[2023.04.03-13.30.12:074][  0]LogConfig: Setting CVar [[r.SupportLowQualityLightmaps:1]]
[2023.04.03-13.30.12:074][  0]LogConfig: Setting CVar [[r.SupportPointLightWholeSceneShadows:1]]
[2023.04.03-13.30.12:074][  0]LogConfig: Setting CVar [[r.SupportAtmosphericFog:1]]
[2023.04.03-13.30.12:074][  0]LogConfig: Setting CVar [[r.SupportSkyAtmosphere:1]]
[2023.04.03-13.30.12:074][  0]LogConfig: Setting CVar [[r.SupportSkyAtmosphereAffectsHeightFog:0]]
[2023.04.03-13.30.12:075][  0]LogConfig: Setting CVar [[r.SkinCache.CompileShaders:0]]
[2023.04.03-13.30.12:075][  0]LogConfig: Setting CVar [[r.SkinCache.DefaultBehavior:1]]
[2023.04.03-13.30.12:075][  0]LogConfig: Setting CVar [[r.SkinCache.SceneMemoryLimitInMB:128.000000]]
[2023.04.03-13.30.12:075][  0]LogConfig: Setting CVar [[r.Mobile.EnableStaticAndCSMShadowReceivers:1]]
[2023.04.03-13.30.12:075][  0]LogConfig: Setting CVar [[r.Mobile.EnableMovableLightCSMShaderCulling:1]]
[2023.04.03-13.30.12:075][  0]LogConfig: Setting CVar [[r.Mobile.AllowDistanceFieldShadows:1]]
[2023.04.03-13.30.12:075][  0]LogConfig: Setting CVar [[r.Mobile.AllowMovableDirectionalLights:1]]
[2023.04.03-13.30.12:075][  0]LogConfig: Setting CVar [[r.MobileNumDynamicPointLights:4]]
[2023.04.03-13.30.12:075][  0]LogConfig: Setting CVar [[r.MobileDynamicPointLightsUseStaticBranch:1]]
[2023.04.03-13.30.12:075][  0]LogConfig: Setting CVar [[r.Mobile.EnableMovableSpotlights:0]]
[2023.04.03-13.30.12:075][  0]LogConfig: Setting CVar [[r.Mobile.EnableMovableSpotlightsShadow:0]]
[2023.04.03-13.30.12:075][  0]LogConfig: Setting CVar [[r.GPUSkin.Support16BitBoneIndex:0]]
[2023.04.03-13.30.12:075][  0]LogConfig: Setting CVar [[r.GPUSkin.Limit2BoneInfluences:0]]
[2023.04.03-13.30.12:075][  0]LogConfig: Setting CVar [[r.SupportDepthOnlyIndexBuffers:1]]
[2023.04.03-13.30.12:075][  0]LogConfig: Setting CVar [[r.SupportReversedIndexBuffers:1]]
[2023.04.03-13.30.12:075][  0]LogConfig: Setting CVar [[r.LightPropagationVolume:0]]
[2023.04.03-13.30.12:075][  0]LogConfig: Setting CVar [[r.Mobile.AmbientOcclusion:0]]
[2023.04.03-13.30.12:075][  0]LogConfig: Setting CVar [[r.GPUSkin.UnlimitedBoneInfluences:0]]
[2023.04.03-13.30.12:075][  0]LogConfig: Setting CVar [[r.GPUSkin.UnlimitedBoneInfluencesThreshold:8]]
[2023.04.03-13.30.12:075][  0]LogConfig: Setting CVar [[r.Mobile.PlanarReflectionMode:0]]
[2023.04.03-13.30.12:075][  0]LogConfig: Setting CVar [[r.Mobile.SupportGPUScene:1]]
[2023.04.03-13.30.12:075][  0]LogConfig: Applying CVar settings from Section [/Script/Engine.RendererOverrideSettings] File [C:/Users/VRLab/Documents/GitHub/space-miner/SpaceMiner/Saved/Config/Windows/Engine.ini]
[2023.04.03-13.30.12:075][  0]LogConfig: Applying CVar settings from Section [/Script/Engine.StreamingSettings] File [C:/Users/VRLab/Documents/GitHub/space-miner/SpaceMiner/Saved/Config/Windows/Engine.ini]
[2023.04.03-13.30.12:075][  0]LogConfig: Setting CVar [[s.MinBulkDataSizeForAsyncLoading:131072]]
[2023.04.03-13.30.12:075][  0]LogConfig: Setting CVar [[s.AsyncLoadingThreadEnabled:0]]
[2023.04.03-13.30.12:075][  0]LogConfig: Setting CVar [[s.EventDrivenLoaderEnabled:1]]
[2023.04.03-13.30.12:075][  0]LogConfig: Setting CVar [[s.WarnIfTimeLimitExceeded:0]]
[2023.04.03-13.30.12:075][  0]LogConfig: Setting CVar [[s.TimeLimitExceededMultiplier:1.5]]
[2023.04.03-13.30.12:075][  0]LogConfig: Setting CVar [[s.TimeLimitExceededMinTime:0.005]]
[2023.04.03-13.30.12:075][  0]LogConfig: Setting CVar [[s.UseBackgroundLevelStreaming:1]]
[2023.04.03-13.30.12:075][  0]LogConfig: Setting CVar [[s.PriorityAsyncLoadingExtraTime:15.0]]
[2023.04.03-13.30.12:075][  0]LogConfig: Setting CVar [[s.LevelStreamingActorsUpdateTimeLimit:5.0]]
[2023.04.03-13.30.12:075][  0]LogConfig: Setting CVar [[s.PriorityLevelStreamingActorsUpdateExtraTime:5.0]]
[2023.04.03-13.30.12:075][  0]LogConfig: Setting CVar [[s.LevelStreamingComponentsRegistrationGranularity:10]]
[2023.04.03-13.30.12:075][  0]LogConfig: Setting CVar [[s.UnregisterComponentsTimeLimit:1.0]]
[2023.04.03-13.30.12:075][  0]LogConfig: Setting CVar [[s.LevelStreamingComponentsUnregistrationGranularity:5]]
[2023.04.03-13.30.12:075][  0]LogConfig: Setting CVar [[s.FlushStreamingOnExit:1]]
[2023.04.03-13.30.12:075][  0]LogConfig: Applying CVar settings from Section [/Script/Engine.GarbageCollectionSettings] File [C:/Users/VRLab/Documents/GitHub/space-miner/SpaceMiner/Saved/Config/Windows/Engine.ini]
[2023.04.03-13.30.12:075][  0]LogConfig: Setting CVar [[gc.MaxObjectsNotConsideredByGC:1]]
[2023.04.03-13.30.12:075][  0]LogConfig: Setting CVar [[gc.SizeOfPermanentObjectPool:0]]
[2023.04.03-13.30.12:075][  0]LogConfig: Setting CVar [[gc.FlushStreamingOnGC:0]]
[2023.04.03-13.30.12:075][  0]LogConfig: Setting CVar [[gc.NumRetriesBeforeForcingGC:10]]
[2023.04.03-13.30.12:075][  0]LogConfig: Setting CVar [[gc.AllowParallelGC:1]]
[2023.04.03-13.30.12:075][  0]LogConfig: Setting CVar [[gc.TimeBetweenPurgingPendingKillObjects:61.1]]
[2023.04.03-13.30.12:075][  0]LogConfig: Setting CVar [[gc.MaxObjectsInEditor:25165824]]
[2023.04.03-13.30.12:075][  0]LogConfig: Setting CVar [[gc.IncrementalBeginDestroyEnabled:1]]
[2023.04.03-13.30.12:075][  0]LogConfig: Setting CVar [[gc.CreateGCClusters:1]]
[2023.04.03-13.30.12:075][  0]LogConfig: Setting CVar [[gc.MinGCClusterSize:5]]
[2023.04.03-13.30.12:075][  0]LogConfig: Setting CVar [[gc.ActorClusteringEnabled:0]]
[2023.04.03-13.30.12:075][  0]LogConfig: Setting CVar [[gc.BlueprintClusteringEnabled:0]]
[2023.04.03-13.30.12:075][  0]LogConfig: Setting CVar [[gc.UseDisregardForGCOnDedicatedServers:0]]
[2023.04.03-13.30.12:075][  0]LogConfig: Setting CVar [[gc.MultithreadedDestructionEnabled:1]]
[2023.04.03-13.30.12:075][  0]LogConfig: Applying CVar settings from Section [/Script/Engine.NetworkSettings] File [C:/Users/VRLab/Documents/GitHub/space-miner/SpaceMiner/Saved/Config/Windows/Engine.ini]
[2023.04.03-13.30.12:075][  0]LogConfig: Applying CVar settings from Section [/Script/UnrealEd.CookerSettings] File [C:/Users/VRLab/Documents/GitHub/space-miner/SpaceMiner/Saved/Config/Windows/Engine.ini]
[2023.04.03-13.30.12:088][  0]LogConfig: Applying CVar settings from Section [ViewDistanceQuality@3] File [C:/Users/VRLab/Documents/GitHub/space-miner/SpaceMiner/Saved/Config/Windows/Scalability.ini]
[2023.04.03-13.30.12:088][  0]LogConfig: Setting CVar [[r.SkeletalMeshLODBias:0]]
[2023.04.03-13.30.12:088][  0]LogConfig: Setting CVar [[r.ViewDistanceScale:1.0]]
[2023.04.03-13.30.12:088][  0]LogConfig: Applying CVar settings from Section [AntiAliasingQuality@3] File [C:/Users/VRLab/Documents/GitHub/space-miner/SpaceMiner/Saved/Config/Windows/Scalability.ini]
[2023.04.03-13.30.12:088][  0]LogConfig: Setting CVar [[r.PostProcessAAQuality:4]]
[2023.04.03-13.30.12:088][  0]LogConfig: Applying CVar settings from Section [ShadowQuality@3] File [C:/Users/VRLab/Documents/GitHub/space-miner/SpaceMiner/Saved/Config/Windows/Scalability.ini]
[2023.04.03-13.30.12:088][  0]LogConfig: Setting CVar [[r.LightFunctionQuality:1]]
[2023.04.03-13.30.12:088][  0]LogConfig: Setting CVar [[r.ShadowQuality:5]]
[2023.04.03-13.30.12:088][  0]LogConfig: Setting CVar [[r.Shadow.CSM.MaxCascades:10]]
[2023.04.03-13.30.12:088][  0]LogConfig: Setting CVar [[r.Shadow.MaxResolution:2048]]
[2023.04.03-13.30.12:088][  0]LogConfig: Setting CVar [[r.Shadow.MaxCSMResolution:2048]]
[2023.04.03-13.30.12:088][  0]LogConfig: Setting CVar [[r.Shadow.RadiusThreshold:0.01]]
[2023.04.03-13.30.12:088][  0]LogConfig: Setting CVar [[r.Shadow.DistanceScale:1.0]]
[2023.04.03-13.30.12:088][  0]LogConfig: Setting CVar [[r.Shadow.CSM.TransitionScale:1.0]]
[2023.04.03-13.30.12:088][  0]LogConfig: Setting CVar [[r.Shadow.PreShadowResolutionFactor:1.0]]
[2023.04.03-13.30.12:088][  0]LogConfig: Setting CVar [[r.DistanceFieldShadowing:1]]
[2023.04.03-13.30.12:088][  0]LogConfig: Setting CVar [[r.DistanceFieldAO:1]]
[2023.04.03-13.30.12:088][  0]LogConfig: Setting CVar [[r.AOQuality:2]]
[2023.04.03-13.30.12:088][  0]LogConfig: Setting CVar [[r.VolumetricFog:1]]
[2023.04.03-13.30.12:088][  0]LogConfig: Setting CVar [[r.VolumetricFog.GridPixelSize:8]]
[2023.04.03-13.30.12:088][  0]LogConfig: Setting CVar [[r.VolumetricFog.GridSizeZ:128]]
[2023.04.03-13.30.12:088][  0]LogConfig: Setting CVar [[r.VolumetricFog.HistoryMissSupersampleCount:4]]
[2023.04.03-13.30.12:088][  0]LogConfig: Setting CVar [[r.LightMaxDrawDistanceScale:1]]
[2023.04.03-13.30.12:088][  0]LogConfig: Setting CVar [[r.CapsuleShadows:1]]
[2023.04.03-13.30.12:088][  0]LogConfig: Applying CVar settings from Section [PostProcessQuality@3] File [C:/Users/VRLab/Documents/GitHub/space-miner/SpaceMiner/Saved/Config/Windows/Scalability.ini]
[2023.04.03-13.30.12:088][  0]LogConfig: Setting CVar [[r.MotionBlurQuality:4]]
[2023.04.03-13.30.12:088][  0]LogConfig: Setting CVar [[r.AmbientOcclusionMipLevelFactor:0.4]]
[2023.04.03-13.30.12:088][  0]LogConfig: Setting CVar [[r.AmbientOcclusionMaxQuality:100]]
[2023.04.03-13.30.12:088][  0]LogConfig: Setting CVar [[r.AmbientOcclusionLevels:-1]]
[2023.04.03-13.30.12:088][  0]LogConfig: Setting CVar [[r.AmbientOcclusionRadiusScale:1.0]]
[2023.04.03-13.30.12:088][  0]LogConfig: Setting CVar [[r.DepthOfFieldQuality:2]]
[2023.04.03-13.30.12:088][  0]LogConfig: Setting CVar [[r.RenderTargetPoolMin:400]]
[2023.04.03-13.30.12:088][  0]LogConfig: Setting CVar [[r.LensFlareQuality:2]]
[2023.04.03-13.30.12:088][  0]LogConfig: Setting CVar [[r.SceneColorFringeQuality:1]]
[2023.04.03-13.30.12:088][  0]LogConfig: Setting CVar [[r.EyeAdaptationQuality:2]]
[2023.04.03-13.30.12:088][  0]LogConfig: Setting CVar [[r.BloomQuality:5]]
[2023.04.03-13.30.12:088][  0]LogConfig: Setting CVar [[r.FastBlurThreshold:100]]
[2023.04.03-13.30.12:088][  0]LogConfig: Setting CVar [[r.Upscale.Quality:3]]
[2023.04.03-13.30.12:088][  0]LogConfig: Setting CVar [[r.Tonemapper.GrainQuantization:1]]
[2023.04.03-13.30.12:088][  0]LogConfig: Setting CVar [[r.LightShaftQuality:1]]
[2023.04.03-13.30.12:088][  0]LogConfig: Setting CVar [[r.Filter.SizeScale:1]]
[2023.04.03-13.30.12:088][  0]LogConfig: Setting CVar [[r.Tonemapper.Quality:5]]
[2023.04.03-13.30.12:088][  0]LogConfig: Setting CVar [[r.DOF.Gather.AccumulatorQuality:1        ; higher gathering accumulator quality]]
[2023.04.03-13.30.12:088][  0]LogConfig: Setting CVar [[r.DOF.Gather.PostfilterMethod:1          ; Median3x3 postfilering method]]
[2023.04.03-13.30.12:088][  0]LogConfig: Setting CVar [[r.DOF.Gather.EnableBokehSettings:0       ; no bokeh simulation when gathering]]
[2023.04.03-13.30.12:089][  0]LogConfig: Setting CVar [[r.DOF.Gather.RingCount:4                 ; medium number of samples when gathering]]
[2023.04.03-13.30.12:089][  0]LogConfig: Setting CVar [[r.DOF.Scatter.ForegroundCompositing:1    ; additive foreground scattering]]
[2023.04.03-13.30.12:089][  0]LogConfig: Setting CVar [[r.DOF.Scatter.BackgroundCompositing:2    ; additive background scattering]]
[2023.04.03-13.30.12:089][  0]LogConfig: Setting CVar [[r.DOF.Scatter.EnableBokehSettings:1      ; bokeh simulation when scattering]]
[2023.04.03-13.30.12:089][  0]LogConfig: Setting CVar [[r.DOF.Scatter.MaxSpriteRatio:0.1         ; only a maximum of 10% of scattered bokeh]]
[2023.04.03-13.30.12:089][  0]LogConfig: Setting CVar [[r.DOF.Recombine.Quality:1                ; cheap slight out of focus]]
[2023.04.03-13.30.12:089][  0]LogConfig: Setting CVar [[r.DOF.Recombine.EnableBokehSettings:0    ; no bokeh simulation on slight out of focus]]
[2023.04.03-13.30.12:089][  0]LogConfig: Setting CVar [[r.DOF.TemporalAAQuality:1                ; more stable temporal accumulation]]
[2023.04.03-13.30.12:089][  0]LogConfig: Setting CVar [[r.DOF.Kernel.MaxForegroundRadius:0.025]]
[2023.04.03-13.30.12:089][  0]LogConfig: Setting CVar [[r.DOF.Kernel.MaxBackgroundRadius:0.025]]
[2023.04.03-13.30.12:089][  0]LogConfig: Applying CVar settings from Section [TextureQuality@3] File [C:/Users/VRLab/Documents/GitHub/space-miner/SpaceMiner/Saved/Config/Windows/Scalability.ini]
[2023.04.03-13.30.12:089][  0]LogConfig: Setting CVar [[r.Streaming.MipBias:0]]
[2023.04.03-13.30.12:089][  0]LogConfig: Setting CVar [[r.Streaming.AmortizeCPUToGPUCopy:0]]
[2023.04.03-13.30.12:089][  0]LogConfig: Setting CVar [[r.Streaming.MaxNumTexturesToStreamPerFrame:0]]
[2023.04.03-13.30.12:089][  0]LogConfig: Setting CVar [[r.Streaming.Boost:1]]
[2023.04.03-13.30.12:089][  0]LogConfig: Setting CVar [[r.MaxAnisotropy:8]]
[2023.04.03-13.30.12:089][  0]LogConfig: Setting CVar [[r.VT.MaxAnisotropy:8]]
[2023.04.03-13.30.12:089][  0]LogConfig: Setting CVar [[r.Streaming.LimitPoolSizeToVRAM:0]]
[2023.04.03-13.30.12:089][  0]LogConfig: Setting CVar [[r.Streaming.PoolSize:1000]]
[2023.04.03-13.30.12:089][  0]LogConfig: Setting CVar [[r.Streaming.MaxEffectiveScreenSize:0]]
[2023.04.03-13.30.12:089][  0]LogConfig: Applying CVar settings from Section [EffectsQuality@3] File [C:/Users/VRLab/Documents/GitHub/space-miner/SpaceMiner/Saved/Config/Windows/Scalability.ini]
[2023.04.03-13.30.12:089][  0]LogConfig: Setting CVar [[r.TranslucencyLightingVolumeDim:64]]
[2023.04.03-13.30.12:089][  0]LogConfig: Setting CVar [[r.RefractionQuality:2]]
[2023.04.03-13.30.12:089][  0]LogConfig: Setting CVar [[r.SSR.Quality:3]]
[2023.04.03-13.30.12:089][  0]LogConfig: Setting CVar [[r.SSR.HalfResSceneColor:0]]
[2023.04.03-13.30.12:089][  0]LogConfig: Setting CVar [[r.SceneColorFormat:4]]
[2023.04.03-13.30.12:089][  0]LogConfig: Setting CVar [[r.DetailMode:2]]
[2023.04.03-13.30.12:089][  0]LogConfig: Setting CVar [[r.TranslucencyVolumeBlur:1]]
[2023.04.03-13.30.12:089][  0]LogConfig: Setting CVar [[r.MaterialQualityLevel:1 ; High quality]]
[2023.04.03-13.30.12:089][  0]LogConfig: Setting CVar [[r.AnisotropicMaterials:1]]
[2023.04.03-13.30.12:089][  0]LogConfig: Setting CVar [[r.SSS.Scale:1]]
[2023.04.03-13.30.12:089][  0]LogConfig: Setting CVar [[r.SSS.SampleSet:2]]
[2023.04.03-13.30.12:089][  0]LogConfig: Setting CVar [[r.SSS.Quality:1]]
[2023.04.03-13.30.12:089][  0]LogConfig: Setting CVar [[r.SSS.HalfRes:0]]
[2023.04.03-13.30.12:089][  0]LogConfig: Setting CVar [[r.SSGI.Quality:3]]
[2023.04.03-13.30.12:089][  0]LogConfig: Setting CVar [[r.EmitterSpawnRateScale:1.0]]
[2023.04.03-13.30.12:089][  0]LogConfig: Setting CVar [[r.ParticleLightQuality:2]]
[2023.04.03-13.30.12:089][  0]LogConfig: Setting CVar [[r.SkyAtmosphere.AerialPerspectiveLUT.FastApplyOnOpaque:1 ; Always have FastSkyLUT 1 in this case to avoid wrong sky]]
[2023.04.03-13.30.12:089][  0]LogConfig: Setting CVar [[r.SkyAtmosphere.AerialPerspectiveLUT.SampleCountMaxPerSlice:4]]
[2023.04.03-13.30.12:089][  0]LogConfig: Setting CVar [[r.SkyAtmosphere.AerialPerspectiveLUT.DepthResolution:16.0]]
[2023.04.03-13.30.12:089][  0]LogConfig: Setting CVar [[r.SkyAtmosphere.FastSkyLUT:1]]
[2023.04.03-13.30.12:089][  0]LogConfig: Setting CVar [[r.SkyAtmosphere.FastSkyLUT.SampleCountMin:4.0]]
[2023.04.03-13.30.12:089][  0]LogConfig: Setting CVar [[r.SkyAtmosphere.FastSkyLUT.SampleCountMax:128.0]]
[2023.04.03-13.30.12:089][  0]LogConfig: Setting CVar [[r.SkyAtmosphere.SampleCountMin:4.0]]
[2023.04.03-13.30.12:089][  0]LogConfig: Setting CVar [[r.SkyAtmosphere.SampleCountMax:128.0]]
[2023.04.03-13.30.12:089][  0]LogConfig: Setting CVar [[r.SkyAtmosphere.TransmittanceLUT.UseSmallFormat:0]]
[2023.04.03-13.30.12:089][  0]LogConfig: Setting CVar [[r.SkyAtmosphere.TransmittanceLUT.SampleCount:10.0]]
[2023.04.03-13.30.12:089][  0]LogConfig: Setting CVar [[r.SkyAtmosphere.MultiScatteringLUT.SampleCount:15.0]]
[2023.04.03-13.30.12:089][  0]LogConfig: Setting CVar [[r.SkyLight.RealTimeReflectionCapture:1]]
[2023.04.03-13.30.12:089][  0]LogConfig: Applying CVar settings from Section [FoliageQuality@3] File [C:/Users/VRLab/Documents/GitHub/space-miner/SpaceMiner/Saved/Config/Windows/Scalability.ini]
[2023.04.03-13.30.12:089][  0]LogConfig: Setting CVar [[foliage.DensityScale:1.0]]
[2023.04.03-13.30.12:089][  0]LogConfig: Setting CVar [[grass.DensityScale:1.0]]
[2023.04.03-13.30.12:089][  0]LogConfig: Applying CVar settings from Section [ShadingQuality@3] File [C:/Users/VRLab/Documents/GitHub/space-miner/SpaceMiner/Saved/Config/Windows/Scalability.ini]
[2023.04.03-13.30.12:089][  0]LogConfig: Setting CVar [[r.HairStrands.SkyLighting.IntegrationType:2]]
[2023.04.03-13.30.12:089][  0]LogConfig: Setting CVar [[r.HairStrands.SkyAO.SampleCount:4]]
[2023.04.03-13.30.12:089][  0]LogConfig: Setting CVar [[r.HairStrands.Visibility.MSAA.SamplePerPixel:4]]
[2023.04.03-13.30.12:090][  0]LogInit: Selected Device Profile: [Windows]
[2023.04.03-13.30.12:090][  0]LogInit: Applying CVar settings loaded from the selected device profile: [Windows]
[2023.04.03-13.30.12:094][  0]LogHAL: Display: Platform has ~ 16 GB [17128882176 / 17179869184 / 16], which maps to Larger [LargestMinGB=32, LargerMinGB=12, DefaultMinGB=8, SmallerMinGB=6, SmallestMinGB=0)
[2023.04.03-13.30.12:094][  0]LogInit: Going up to parent DeviceProfile []
[2023.04.03-13.30.12:094][  0]LogConfig: Applying CVar settings from Section [ViewDistanceQuality@3] File [C:/Users/VRLab/Documents/GitHub/space-miner/SpaceMiner/Saved/Config/Windows/Scalability.ini]
[2023.04.03-13.30.12:094][  0]LogConfig: Setting CVar [[r.SkeletalMeshLODBias:0]]
[2023.04.03-13.30.12:094][  0]LogConfig: Setting CVar [[r.ViewDistanceScale:1.0]]
[2023.04.03-13.30.12:094][  0]LogConfig: Applying CVar settings from Section [AntiAliasingQuality@3] File [C:/Users/VRLab/Documents/GitHub/space-miner/SpaceMiner/Saved/Config/Windows/Scalability.ini]
[2023.04.03-13.30.12:094][  0]LogConfig: Setting CVar [[r.PostProcessAAQuality:4]]
[2023.04.03-13.30.12:094][  0]LogConfig: Applying CVar settings from Section [ShadowQuality@3] File [C:/Users/VRLab/Documents/GitHub/space-miner/SpaceMiner/Saved/Config/Windows/Scalability.ini]
[2023.04.03-13.30.12:095][  0]LogConfig: Setting CVar [[r.LightFunctionQuality:1]]
[2023.04.03-13.30.12:095][  0]LogConfig: Setting CVar [[r.ShadowQuality:5]]
[2023.04.03-13.30.12:095][  0]LogConfig: Setting CVar [[r.Shadow.CSM.MaxCascades:10]]
[2023.04.03-13.30.12:095][  0]LogConfig: Setting CVar [[r.Shadow.MaxResolution:2048]]
[2023.04.03-13.30.12:095][  0]LogConfig: Setting CVar [[r.Shadow.MaxCSMResolution:2048]]
[2023.04.03-13.30.12:095][  0]LogConfig: Setting CVar [[r.Shadow.RadiusThreshold:0.01]]
[2023.04.03-13.30.12:095][  0]LogConfig: Setting CVar [[r.Shadow.DistanceScale:1.0]]
[2023.04.03-13.30.12:095][  0]LogConfig: Setting CVar [[r.Shadow.CSM.TransitionScale:1.0]]
[2023.04.03-13.30.12:095][  0]LogConfig: Setting CVar [[r.Shadow.PreShadowResolutionFactor:1.0]]
[2023.04.03-13.30.12:095][  0]LogConfig: Setting CVar [[r.DistanceFieldShadowing:1]]
[2023.04.03-13.30.12:095][  0]LogConfig: Setting CVar [[r.DistanceFieldAO:1]]
[2023.04.03-13.30.12:095][  0]LogConfig: Setting CVar [[r.AOQuality:2]]
[2023.04.03-13.30.12:095][  0]LogConfig: Setting CVar [[r.VolumetricFog:1]]
[2023.04.03-13.30.12:095][  0]LogConfig: Setting CVar [[r.VolumetricFog.GridPixelSize:8]]
[2023.04.03-13.30.12:095][  0]LogConfig: Setting CVar [[r.VolumetricFog.GridSizeZ:128]]
[2023.04.03-13.30.12:096][  0]LogConfig: Setting CVar [[r.VolumetricFog.HistoryMissSupersampleCount:4]]
[2023.04.03-13.30.12:096][  0]LogConfig: Setting CVar [[r.LightMaxDrawDistanceScale:1]]
[2023.04.03-13.30.12:096][  0]LogConfig: Setting CVar [[r.CapsuleShadows:1]]
[2023.04.03-13.30.12:096][  0]LogConfig: Applying CVar settings from Section [PostProcessQuality@3] File [C:/Users/VRLab/Documents/GitHub/space-miner/SpaceMiner/Saved/Config/Windows/Scalability.ini]
[2023.04.03-13.30.12:096][  0]LogConfig: Setting CVar [[r.MotionBlurQuality:4]]
[2023.04.03-13.30.12:096][  0]LogConfig: Setting CVar [[r.AmbientOcclusionMipLevelFactor:0.4]]
[2023.04.03-13.30.12:096][  0]LogConfig: Setting CVar [[r.AmbientOcclusionMaxQuality:100]]
[2023.04.03-13.30.12:096][  0]LogConfig: Setting CVar [[r.AmbientOcclusionLevels:-1]]
[2023.04.03-13.30.12:096][  0]LogConfig: Setting CVar [[r.AmbientOcclusionRadiusScale:1.0]]
[2023.04.03-13.30.12:096][  0]LogConfig: Setting CVar [[r.DepthOfFieldQuality:2]]
[2023.04.03-13.30.12:096][  0]LogConfig: Setting CVar [[r.RenderTargetPoolMin:400]]
[2023.04.03-13.30.12:096][  0]LogConfig: Setting CVar [[r.LensFlareQuality:2]]
[2023.04.03-13.30.12:096][  0]LogConfig: Setting CVar [[r.SceneColorFringeQuality:1]]
[2023.04.03-13.30.12:096][  0]LogConfig: Setting CVar [[r.EyeAdaptationQuality:2]]
[2023.04.03-13.30.12:097][  0]LogConfig: Setting CVar [[r.BloomQuality:5]]
[2023.04.03-13.30.12:097][  0]LogConfig: Setting CVar [[r.FastBlurThreshold:100]]
[2023.04.03-13.30.12:097][  0]LogConfig: Setting CVar [[r.Upscale.Quality:3]]
[2023.04.03-13.30.12:097][  0]LogConfig: Setting CVar [[r.Tonemapper.GrainQuantization:1]]
[2023.04.03-13.30.12:097][  0]LogConfig: Setting CVar [[r.LightShaftQuality:1]]
[2023.04.03-13.30.12:097][  0]LogConfig: Setting CVar [[r.Filter.SizeScale:1]]
[2023.04.03-13.30.12:097][  0]LogConfig: Setting CVar [[r.Tonemapper.Quality:5]]
[2023.04.03-13.30.12:097][  0]LogConfig: Setting CVar [[r.DOF.Gather.AccumulatorQuality:1        ; higher gathering accumulator quality]]
[2023.04.03-13.30.12:097][  0]LogConfig: Setting CVar [[r.DOF.Gather.PostfilterMethod:1          ; Median3x3 postfilering method]]
[2023.04.03-13.30.12:097][  0]LogConfig: Setting CVar [[r.DOF.Gather.EnableBokehSettings:0       ; no bokeh simulation when gathering]]
[2023.04.03-13.30.12:097][  0]LogConfig: Setting CVar [[r.DOF.Gather.RingCount:4                 ; medium number of samples when gathering]]
[2023.04.03-13.30.12:097][  0]LogConfig: Setting CVar [[r.DOF.Scatter.ForegroundCompositing:1    ; additive foreground scattering]]
[2023.04.03-13.30.12:097][  0]LogConfig: Setting CVar [[r.DOF.Scatter.BackgroundCompositing:2    ; additive background scattering]]
[2023.04.03-13.30.12:098][  0]LogConfig: Setting CVar [[r.DOF.Scatter.EnableBokehSettings:1      ; bokeh simulation when scattering]]
[2023.04.03-13.30.12:098][  0]LogConfig: Setting CVar [[r.DOF.Scatter.MaxSpriteRatio:0.1         ; only a maximum of 10% of scattered bokeh]]
[2023.04.03-13.30.12:098][  0]LogConfig: Setting CVar [[r.DOF.Recombine.Quality:1                ; cheap slight out of focus]]
[2023.04.03-13.30.12:098][  0]LogConfig: Setting CVar [[r.DOF.Recombine.EnableBokehSettings:0    ; no bokeh simulation on slight out of focus]]
[2023.04.03-13.30.12:098][  0]LogConfig: Setting CVar [[r.DOF.TemporalAAQuality:1                ; more stable temporal accumulation]]
[2023.04.03-13.30.12:098][  0]LogConfig: Setting CVar [[r.DOF.Kernel.MaxForegroundRadius:0.025]]
[2023.04.03-13.30.12:098][  0]LogConfig: Setting CVar [[r.DOF.Kernel.MaxBackgroundRadius:0.025]]
[2023.04.03-13.30.12:098][  0]LogConfig: Applying CVar settings from Section [TextureQuality@3] File [C:/Users/VRLab/Documents/GitHub/space-miner/SpaceMiner/Saved/Config/Windows/Scalability.ini]
[2023.04.03-13.30.12:098][  0]LogConfig: Setting CVar [[r.Streaming.MipBias:0]]
[2023.04.03-13.30.12:098][  0]LogConfig: Setting CVar [[r.Streaming.AmortizeCPUToGPUCopy:0]]
[2023.04.03-13.30.12:098][  0]LogConfig: Setting CVar [[r.Streaming.MaxNumTexturesToStreamPerFrame:0]]
[2023.04.03-13.30.12:098][  0]LogConfig: Setting CVar [[r.Streaming.Boost:1]]
[2023.04.03-13.30.12:099][  0]LogConfig: Setting CVar [[r.MaxAnisotropy:8]]
[2023.04.03-13.30.12:099][  0]LogConfig: Setting CVar [[r.VT.MaxAnisotropy:8]]
[2023.04.03-13.30.12:099][  0]LogConfig: Setting CVar [[r.Streaming.LimitPoolSizeToVRAM:0]]
[2023.04.03-13.30.12:099][  0]LogConfig: Setting CVar [[r.Streaming.PoolSize:1000]]
[2023.04.03-13.30.12:099][  0]LogConfig: Setting CVar [[r.Streaming.MaxEffectiveScreenSize:0]]
[2023.04.03-13.30.12:099][  0]LogConfig: Applying CVar settings from Section [EffectsQuality@3] File [C:/Users/VRLab/Documents/GitHub/space-miner/SpaceMiner/Saved/Config/Windows/Scalability.ini]
[2023.04.03-13.30.12:099][  0]LogConfig: Setting CVar [[r.TranslucencyLightingVolumeDim:64]]
[2023.04.03-13.30.12:099][  0]LogConfig: Setting CVar [[r.RefractionQuality:2]]
[2023.04.03-13.30.12:099][  0]LogConfig: Setting CVar [[r.SSR.Quality:3]]
[2023.04.03-13.30.12:099][  0]LogConfig: Setting CVar [[r.SSR.HalfResSceneColor:0]]
[2023.04.03-13.30.12:099][  0]LogConfig: Setting CVar [[r.SceneColorFormat:4]]
[2023.04.03-13.30.12:099][  0]LogConfig: Setting CVar [[r.DetailMode:2]]
[2023.04.03-13.30.12:099][  0]LogConfig: Setting CVar [[r.TranslucencyVolumeBlur:1]]
[2023.04.03-13.30.12:099][  0]LogConfig: Setting CVar [[r.MaterialQualityLevel:1 ; High quality]]
[2023.04.03-13.30.12:099][  0]LogConfig: Setting CVar [[r.AnisotropicMaterials:1]]
[2023.04.03-13.30.12:099][  0]LogConfig: Setting CVar [[r.SSS.Scale:1]]
[2023.04.03-13.30.12:099][  0]LogConfig: Setting CVar [[r.SSS.SampleSet:2]]
[2023.04.03-13.30.12:099][  0]LogConfig: Setting CVar [[r.SSS.Quality:1]]
[2023.04.03-13.30.12:099][  0]LogConfig: Setting CVar [[r.SSS.HalfRes:0]]
[2023.04.03-13.30.12:100][  0]LogConfig: Setting CVar [[r.SSGI.Quality:3]]
[2023.04.03-13.30.12:100][  0]LogConfig: Setting CVar [[r.EmitterSpawnRateScale:1.0]]
[2023.04.03-13.30.12:100][  0]LogConfig: Setting CVar [[r.ParticleLightQuality:2]]
[2023.04.03-13.30.12:100][  0]LogConfig: Setting CVar [[r.SkyAtmosphere.AerialPerspectiveLUT.FastApplyOnOpaque:1 ; Always have FastSkyLUT 1 in this case to avoid wrong sky]]
[2023.04.03-13.30.12:100][  0]LogConfig: Setting CVar [[r.SkyAtmosphere.AerialPerspectiveLUT.SampleCountMaxPerSlice:4]]
[2023.04.03-13.30.12:100][  0]LogConfig: Setting CVar [[r.SkyAtmosphere.AerialPerspectiveLUT.DepthResolution:16.0]]
[2023.04.03-13.30.12:100][  0]LogConfig: Setting CVar [[r.SkyAtmosphere.FastSkyLUT:1]]
[2023.04.03-13.30.12:100][  0]LogConfig: Setting CVar [[r.SkyAtmosphere.FastSkyLUT.SampleCountMin:4.0]]
[2023.04.03-13.30.12:100][  0]LogConfig: Setting CVar [[r.SkyAtmosphere.FastSkyLUT.SampleCountMax:128.0]]
[2023.04.03-13.30.12:100][  0]LogConfig: Setting CVar [[r.SkyAtmosphere.SampleCountMin:4.0]]
[2023.04.03-13.30.12:100][  0]LogConfig: Setting CVar [[r.SkyAtmosphere.SampleCountMax:128.0]]
[2023.04.03-13.30.12:100][  0]LogConfig: Setting CVar [[r.SkyAtmosphere.TransmittanceLUT.UseSmallFormat:0]]
[2023.04.03-13.30.12:100][  0]LogConfig: Setting CVar [[r.SkyAtmosphere.TransmittanceLUT.SampleCount:10.0]]
[2023.04.03-13.30.12:100][  0]LogConfig: Setting CVar [[r.SkyAtmosphere.MultiScatteringLUT.SampleCount:15.0]]
[2023.04.03-13.30.12:100][  0]LogConfig: Setting CVar [[r.SkyLight.RealTimeReflectionCapture:1]]
[2023.04.03-13.30.12:100][  0]LogConfig: Applying CVar settings from Section [FoliageQuality@3] File [C:/Users/VRLab/Documents/GitHub/space-miner/SpaceMiner/Saved/Config/Windows/Scalability.ini]
[2023.04.03-13.30.12:100][  0]LogConfig: Setting CVar [[foliage.DensityScale:1.0]]
[2023.04.03-13.30.12:100][  0]LogConfig: Setting CVar [[grass.DensityScale:1.0]]
[2023.04.03-13.30.12:100][  0]LogConfig: Applying CVar settings from Section [ShadingQuality@3] File [C:/Users/VRLab/Documents/GitHub/space-miner/SpaceMiner/Saved/Config/Windows/Scalability.ini]
[2023.04.03-13.30.12:100][  0]LogConfig: Setting CVar [[r.HairStrands.SkyLighting.IntegrationType:2]]
[2023.04.03-13.30.12:100][  0]LogConfig: Setting CVar [[r.HairStrands.SkyAO.SampleCount:4]]
[2023.04.03-13.30.12:101][  0]LogConfig: Setting CVar [[r.HairStrands.Visibility.MSAA.SamplePerPixel:4]]
[2023.04.03-13.30.12:101][  0]LogConfig: Applying CVar settings from Section [Startup] File [../../../Engine/Config/ConsoleVariables.ini]
[2023.04.03-13.30.12:122][  0]LogConfig: Setting CVar [[net.UseAdaptiveNetUpdateFrequency:0]]
[2023.04.03-13.30.12:122][  0]LogConfig: Setting CVar [[p.chaos.AllowCreatePhysxBodies:1]]
[2023.04.03-13.30.12:122][  0]LogConfig: Setting CVar [[fx.SkipVectorVMBackendOptimizations:1]]
[2023.04.03-13.30.12:122][  0]LogConfig: Applying CVar settings from Section [ConsoleVariables] File [C:/Users/VRLab/Documents/GitHub/space-miner/SpaceMiner/Saved/Config/Windows/Engine.ini]
[2023.04.03-13.30.12:122][  0]LogConfig: Applying CVar settings from Section [ConsoleVariables] File [C:/Users/VRLab/Documents/GitHub/space-miner/SpaceMiner/Saved/Config/Windows/Editor.ini]
[2023.04.03-13.30.12:122][  0]LogInit: Computer: DESKTOP-NVV9UOD
[2023.04.03-13.30.12:122][  0]LogInit: User: VRLab
[2023.04.03-13.30.12:122][  0]LogInit: CPU Page size=4096, Cores=6
[2023.04.03-13.30.12:122][  0]LogInit: High frequency timer resolution =10.000000 MHz
[2023.04.03-13.30.12:122][  0]LogMemory: Memory total: Physical=16.0GB (16GB approx)
[2023.04.03-13.30.12:122][  0]LogMemory: Platform Memory Stats for Windows
[2023.04.03-13.30.12:122][  0]LogMemory: Process Physical Memory: 137.27 MB used, 137.27 MB peak
[2023.04.03-13.30.12:122][  0]LogMemory: Process Virtual Memory: 109.43 MB used, 109.43 MB peak
[2023.04.03-13.30.12:122][  0]LogMemory: Physical Memory: 3748.23 MB used,  12587.14 MB free, 16335.38 MB total
[2023.04.03-13.30.12:122][  0]LogMemory: Virtual Memory: 134183112.00 MB used,  34613.75 MB free, 134217728.00 MB total
[2023.04.03-13.30.12:150][  0]LogWindows: WindowsPlatformFeatures enabled
[2023.04.03-13.30.13:173][  0]LogInit: Physics initialised using underlying interface: PhysX
[2023.04.03-13.30.13:192][  0]LogInit: Using OS detected language (ru-RU).
[2023.04.03-13.30.13:192][  0]LogInit: Using OS detected locale (ru-RU).
[2023.04.03-13.30.13:204][  0]LogTextLocalizationManager: No specific localization for 'ru-RU' exists, so the 'ru' localization will be used.
[2023.04.03-13.30.13:205][  0]LogTextLocalizationResource: LocRes '../../../Engine/Content/Localization/Editor/ru/Editor.locres' could not be opened for reading!
[2023.04.03-13.30.13:205][  0]LogTextLocalizationResource: LocRes '../../../Engine/Content/Localization/EditorTutorials/ru/EditorTutorials.locres' could not be opened for reading!
[2023.04.03-13.30.13:205][  0]LogTextLocalizationResource: LocRes '../../../Engine/Content/Localization/Keywords/ru/Keywords.locres' could not be opened for reading!
[2023.04.03-13.30.13:205][  0]LogTextLocalizationResource: LocRes '../../../Engine/Content/Localization/Category/ru/Category.locres' could not be opened for reading!
[2023.04.03-13.30.13:205][  0]LogTextLocalizationResource: LocRes '../../../Engine/Content/Localization/ToolTips/ru/ToolTips.locres' could not be opened for reading!
[2023.04.03-13.30.13:206][  0]LogTextLocalizationResource: LocRes '../../../Engine/Content/Localization/PropertyNames/ru/PropertyNames.locres' could not be opened for reading!
[2023.04.03-13.30.13:206][  0]LogTextLocalizationResource: LocRes '../../../Engine/Content/Localization/Engine/ru/Engine.locres' could not be opened for reading!
[2023.04.03-13.30.13:248][  0]LogInit: Setting process to per monitor DPI aware
[2023.04.03-13.30.13:289][  0]LogWindowsTextInputMethodSystem: Display: IME system deactivated.
[2023.04.03-13.30.13:706][  0]LogSlate: New Slate User Created.  User Index 0, Is Virtual User: 0
[2023.04.03-13.30.13:706][  0]LogSlate: Slate User Registered.  User Index 0, Is Virtual User: 0
[2023.04.03-13.30.17:229][  0]LogD3D11RHI: Loaded GFSDK_Aftermath_Lib.x64.dll
[2023.04.03-13.30.17:401][  0]LogHMD: Failed to enumerate extensions. Please check that you have a valid OpenXR runtime installed.
[2023.04.03-13.30.17:401][  0]LogD3D11RHI: D3D11 min allowed feature level: 11_0
[2023.04.03-13.30.17:401][  0]LogD3D11RHI: D3D11 max allowed feature level: 11_0
[2023.04.03-13.30.17:401][  0]LogD3D11RHI: D3D11 adapters:
[2023.04.03-13.30.17:565][  0]LogD3D11RHI:    0. 'NVIDIA GeForce GTX 1060 6GB' (Feature Level 11_0)
[2023.04.03-13.30.17:565][  0]LogD3D11RHI:       6052/0/8167 MB DedicatedVideo/DedicatedSystem/SharedSystem, Outputs:1, VendorId:0x10de
[2023.04.03-13.30.17:567][  0]LogD3D11RHI:    1. 'Microsoft Basic Render Driver' (Feature Level 11_0)
[2023.04.03-13.30.17:567][  0]LogD3D11RHI:       0/0/8167 MB DedicatedVideo/DedicatedSystem/SharedSystem, Outputs:0, VendorId:0x1414
[2023.04.03-13.30.17:567][  0]LogD3D11RHI: Chosen D3D11 Adapter:
[2023.04.03-13.30.17:567][  0]LogD3D11RHI:     Description : NVIDIA GeForce GTX 1060 6GB
[2023.04.03-13.30.17:567][  0]LogD3D11RHI:     VendorId    : 10de
[2023.04.03-13.30.17:567][  0]LogD3D11RHI:     DeviceId    : 1c03
[2023.04.03-13.30.17:567][  0]LogD3D11RHI:     SubSysId    : 32831462
[2023.04.03-13.30.17:567][  0]LogD3D11RHI:     Revision    : 00a1
[2023.04.03-13.30.17:567][  0]LogD3D11RHI:     DedicatedVideoMemory : 6345981952 bytes
[2023.04.03-13.30.17:567][  0]LogD3D11RHI:     DedicatedSystemMemory : 0 bytes
[2023.04.03-13.30.17:567][  0]LogD3D11RHI:     SharedSystemMemory : 8564441088 bytes
[2023.04.03-13.30.17:567][  0]LogD3D11RHI:     AdapterLuid : 0 51749
[2023.04.03-13.30.17:571][  0]LogD3D11RHI: Creating new Direct3DDevice
[2023.04.03-13.30.17:571][  0]LogD3D11RHI:     GPU DeviceId: 0x1c03 (for the marketing name, search the web for "GPU Device Id")
[2023.04.03-13.30.17:571][  0]LogWindows: EnumDisplayDevices:
[2023.04.03-13.30.17:571][  0]LogWindows:    0. 'NVIDIA GeForce GTX 1060 6GB' (P:1 D:1)
[2023.04.03-13.30.17:571][  0]LogWindows:    1. 'NVIDIA GeForce GTX 1060 6GB' (P:0 D:0)
[2023.04.03-13.30.17:571][  0]LogWindows:    2. 'NVIDIA GeForce GTX 1060 6GB' (P:0 D:0)
[2023.04.03-13.30.17:572][  0]LogWindows:    3. 'NVIDIA GeForce GTX 1060 6GB' (P:0 D:0)
[2023.04.03-13.30.17:572][  0]LogWindows: DebugString: FoundDriverCount:4 
[2023.04.03-13.30.17:572][  0]LogD3D11RHI:     Adapter Name: NVIDIA GeForce GTX 1060 6GB
[2023.04.03-13.30.17:572][  0]LogD3D11RHI:   Driver Version: 511.79 (internal:30.0.15.1179, unified:511.79)
[2023.04.03-13.30.17:572][  0]LogD3D11RHI:      Driver Date: 2-10-2022
[2023.04.03-13.30.17:572][  0]LogRHI: Texture pool is 4236 MB (70% of 6052 MB)
[2023.04.03-13.30.17:572][  0]LogD3D11RHI: Creating D3DDevice using adapter:
[2023.04.03-13.30.17:572][  0]LogD3D11RHI:     Description : NVIDIA GeForce GTX 1060 6GB
[2023.04.03-13.30.17:572][  0]LogD3D11RHI:     VendorId    : 10de
[2023.04.03-13.30.17:572][  0]LogD3D11RHI:     DeviceId    : 1c03
[2023.04.03-13.30.17:572][  0]LogD3D11RHI:     SubSysId    : 32831462
[2023.04.03-13.30.17:572][  0]LogD3D11RHI:     Revision    : 00a1
[2023.04.03-13.30.17:572][  0]LogD3D11RHI:     DedicatedVideoMemory : 6345981952 bytes
[2023.04.03-13.30.17:572][  0]LogD3D11RHI:     DedicatedSystemMemory : 0 bytes
[2023.04.03-13.30.17:572][  0]LogD3D11RHI:     SharedSystemMemory : 8564441088 bytes
[2023.04.03-13.30.17:572][  0]LogD3D11RHI:     AdapterLuid : 0 51749
[2023.04.03-13.30.17:633][  0]LogD3D11RHI: RHI has support for 64 bit atomics
[2023.04.03-13.30.17:633][  0]LogD3D11RHI: Async texture creation enabled
[2023.04.03-13.30.17:633][  0]LogD3D11RHI: Array index from any shader is supported
[2023.04.03-13.30.17:676][  0]LogD3D11RHI: GPU Timing Frequency: 1000.000000 (Debug: 2 1)
[2023.04.03-13.30.17:868][  0]LogRHI: GeForceNow SDK initialized: 1
[2023.04.03-13.30.19:244][  0]LogTargetPlatformManager: Display: Loaded TargetPlatform 'AllDesktop'
[2023.04.03-13.30.19:329][  0]LogTargetPlatformManager: Display: Loaded TargetPlatform 'Android'
[2023.04.03-13.30.19:329][  0]LogTargetPlatformManager: Display: Loaded TargetPlatform 'Android_ASTC'
[2023.04.03-13.30.19:329][  0]LogTargetPlatformManager: Display: Loaded TargetPlatform 'Android_DXT'
[2023.04.03-13.30.19:329][  0]LogTargetPlatformManager: Display: Loaded TargetPlatform 'Android_ETC2'
[2023.04.03-13.30.19:329][  0]LogTargetPlatformManager: Display: Loaded TargetPlatform 'AndroidClient'
[2023.04.03-13.30.19:329][  0]LogTargetPlatformManager: Display: Loaded TargetPlatform 'Android_ASTCClient'
[2023.04.03-13.30.19:329][  0]LogTargetPlatformManager: Display: Loaded TargetPlatform 'Android_DXTClient'
[2023.04.03-13.30.19:329][  0]LogTargetPlatformManager: Display: Loaded TargetPlatform 'Android_ETC2Client'
[2023.04.03-13.30.19:329][  0]LogTargetPlatformManager: Display: Loaded TargetPlatform 'Android_Multi'
[2023.04.03-13.30.19:329][  0]LogTargetPlatformManager: Display: Loaded TargetPlatform 'Android_MultiClient'
[2023.04.03-13.30.19:368][  0]LogTargetPlatformManager: Display: Loaded TargetPlatform 'IOSClient'
[2023.04.03-13.30.19:368][  0]LogTargetPlatformManager: Display: Loaded TargetPlatform 'IOS'
[2023.04.03-13.30.19:425][  0]LogTargetPlatformManager: Display: Loaded TargetPlatform 'Linux'
[2023.04.03-13.30.19:470][  0]LogTargetPlatformManager: Display: Loaded TargetPlatform 'LinuxNoEditor'
[2023.04.03-13.30.19:538][  0]LogTargetPlatformManager: Display: Loaded TargetPlatform 'LinuxClient'
[2023.04.03-13.30.19:548][  0]LogTargetPlatformManager: Display: Loaded TargetPlatform 'LinuxServer'
[2023.04.03-13.30.20:050][  0]LogTargetPlatformManager: Display: Loaded TargetPlatform 'LinuxAArch64NoEditor'
[2023.04.03-13.30.20:069][  0]LogTargetPlatformManager: Display: Loaded TargetPlatform 'LinuxAArch64Client'
[2023.04.03-13.30.20:075][  0]LogTargetPlatformManager: Display: Loaded TargetPlatform 'LinuxAArch64Server'
[2023.04.03-13.30.20:130][  0]LogTargetPlatformManager: Display: Loaded TargetPlatform 'Lumin'
[2023.04.03-13.30.20:130][  0]LogTargetPlatformManager: Display: Loaded TargetPlatform 'LuminClient'
[2023.04.03-13.30.20:186][  0]LogTargetPlatformManager: Display: Loaded TargetPlatform 'MacNoEditor'
[2023.04.03-13.30.20:209][  0]LogTargetPlatformManager: Display: Loaded TargetPlatform 'Mac'
[2023.04.03-13.30.20:226][  0]LogTargetPlatformManager: Display: Loaded TargetPlatform 'MacClient'
[2023.04.03-13.30.20:243][  0]LogTargetPlatformManager: Display: Loaded TargetPlatform 'MacServer'
[2023.04.03-13.30.20:303][  0]LogTargetPlatformManager: Display: Loaded TargetPlatform 'TVOSClient'
[2023.04.03-13.30.20:303][  0]LogTargetPlatformManager: Display: Loaded TargetPlatform 'TVOS'
[2023.04.03-13.30.20:324][  0]LogTargetPlatformManager: Display: Loaded TargetPlatform 'WindowsNoEditor'
[2023.04.03-13.30.20:329][  0]LogTargetPlatformManager: Display: Loaded TargetPlatform 'Windows'
[2023.04.03-13.30.20:348][  0]LogTargetPlatformManager: Display: Loaded TargetPlatform 'WindowsClient'
[2023.04.03-13.30.20:372][  0]LogTargetPlatformManager: Display: Loaded TargetPlatform 'WindowsServer'
[2023.04.03-13.30.20:372][  0]LogTargetPlatformManager: Display: Building Assets For Windows
[2023.04.03-13.30.20:508][  0]LogAudioDebug: Display: Lib vorbis DLL was dynamically loaded.
[2023.04.03-13.30.21:034][  0]LogTextureFormatOodle: Display: Oodle Texture 2.9.0 init RDO Off
[2023.04.03-13.30.21:555][  0]LogRendererCore: Ray tracing is disabled. Reason: r.RayTracing=0.
[2023.04.03-13.30.21:555][  0]LogShaderCompilers: Guid format shader working directory is -23 characters bigger than the processId version (../../../../../../Users/VRLab/Documents/GitHub/space-miner/SpaceMiner/Intermediate/Shaders/WorkingDirectory/9184/).
[2023.04.03-13.30.21:555][  0]LogShaderCompilers: Cleaned the shader compiler working directory 'C:/Users/VRLab/AppData/Local/Temp/UnrealShaderWorkingDir/344C29984E901817D197CD8810080ED2/'.
[2023.04.03-13.30.21:556][  0]LogXGEController: Cannot use XGE Controller as Incredibuild is not installed on this machine.
[2023.04.03-13.30.21:556][  0]LogShaderCompilers: Cannot use XGE Shader Compiler as Incredibuild is not installed on this machine.
[2023.04.03-13.30.21:556][  0]LogShaderCompilers: Display: Using Local Shader Compiler.
[2023.04.03-13.30.29:795][  0]LogDerivedDataCache: Display: Max Cache Size: 512 MB
[2023.04.03-13.30.31:033][  0]LogDerivedDataCache: Loaded boot cache 1.22s 96MB C:/Users/VRLab/AppData/Local/UnrealEngine/4.27/DerivedDataCache/Boot.ddc.
[2023.04.03-13.30.31:034][  0]LogDerivedDataCache: Display: Loaded Boot cache: C:/Users/VRLab/AppData/Local/UnrealEngine/4.27/DerivedDataCache/Boot.ddc
[2023.04.03-13.30.31:034][  0]LogDerivedDataCache: FDerivedDataBackendGraph:  Pak pak cache file ../../../../../../Users/VRLab/Documents/GitHub/space-miner/SpaceMiner/DerivedDataCache/DDC.ddp not found, will not use a pak cache.
[2023.04.03-13.30.31:034][  0]LogDerivedDataCache: Unable to find inner node Pak for hierarchical cache Hierarchy.
[2023.04.03-13.30.31:034][  0]LogDerivedDataCache: FDerivedDataBackendGraph:  CompressedPak pak cache file ../../../../../../Users/VRLab/Documents/GitHub/space-miner/SpaceMiner/DerivedDataCache/Compressed.ddp not found, will not use a pak cache.
[2023.04.03-13.30.31:034][  0]LogDerivedDataCache: Unable to find inner node CompressedPak for hierarchical cache Hierarchy.
[2023.04.03-13.30.31:098][  0]LogDerivedDataCache: Display: Pak cache opened for reading ../../../Engine/DerivedDataCache/Compressed.ddp.
[2023.04.03-13.30.31:098][  0]LogDerivedDataCache: FDerivedDataBackendGraph:  EnterprisePak pak cache file ../../../Enterprise/DerivedDataCache/Compressed.ddp not found, will not use a pak cache.
[2023.04.03-13.30.31:099][  0]LogDerivedDataCache: Unable to find inner node EnterprisePak for hierarchical cache Hierarchy.
[2023.04.03-13.30.31:468][  0]LogDerivedDataCache: Speed tests for C:/Users/VRLab/AppData/Local/UnrealEngine/Common/DerivedDataCache took 0.37 seconds
[2023.04.03-13.30.31:468][  0]LogDerivedDataCache: Display: Performance to C:/Users/VRLab/AppData/Local/UnrealEngine/Common/DerivedDataCache: Latency=8.84ms. RandomReadSpeed=3.63MBs, RandomWriteSpeed=142.80MBs. Assigned SpeedClass 'Fast'
[2023.04.03-13.30.31:468][  0]LogDerivedDataCache: Using Local data cache path C:/Users/VRLab/AppData/Local/UnrealEngine/Common/DerivedDataCache: Writable
[2023.04.03-13.30.31:468][  0]LogDerivedDataCache: Shared data cache path not found in *engine.ini, will not use an Shared cache.
[2023.04.03-13.30.31:468][  0]LogDerivedDataCache: Unable to find inner node Shared for hierarchical cache Hierarchy.
[2023.04.03-13.30.31:919][  0]LogSlate: Using FreeType 2.10.0
[2023.04.03-13.30.31:956][  0]LogSlate: SlateFontServices - WITH_FREETYPE: 1, WITH_HARFBUZZ: 1
[2023.04.03-13.30.31:957][  0]LogHMD: Failed to enumerate extensions. Please check that you have a valid OpenXR runtime installed.
[2023.04.03-13.30.32:659][  0]LogAssetRegistry: FAssetRegistry took 0.0031 seconds to start up
[2023.04.03-13.30.35:589][  0]LogInit: Selected Device Profile: [Windows]
[2023.04.03-13.30.35:589][  0]LogInit: Active device profile: [0000026197C02D00][0000026195C1A500 49] Windows
[2023.04.03-13.30.35:589][  0]LogInit: Profiles: [0000026197C02D00][0000026195C1A500 49] Windows, [0000026197B8A800][0000026197E42680 49] WindowsNoEditor, [0000026197C01100][0000026197E46800 49] WindowsServer, [0000026197B8A900][0000026197E4A980 49] WindowsClient, [0000026197C02800][0000026197E4EB00 49] IOS, [0000026197C01200][0000026197E3EC40 49] iPadAir, [0000026197B66100][0000026197E52D80 49] iPadAir2, [0000026197B2CD00][0000026197E5AFC0 49] IPadPro, [0000026197B2CE00][0000026197E57000 49] iPadAir3, [0000026197B64600][0000026197E63180 49] iPadAir4, [0000026197B2C200][0000026197E67300 49] iPadMini2, [0000026197B67800][0000026197E6B480 49] iPadMini3, [0000026197B2EE00][0000026197E6F600 49] iPadMini4, [0000026197B67600][0000026197E73780 49] iPadMini5, [0000026197B8BD00][0000026197E7BA40 49] iPhone6, [0000026197B8BC00][0000026197E77A80 49] iPodTouch6, [0000026197B2C900][0000026197E821C0 49] iPhone7, [0000026197B2F600][0000026197E7E200 49] iPodTouch7, [0000026197B89600][0000026197E86380 49] iPhone5S, [0000026197B2D600][0000026197E8A500 49] iPhone6Plus, [0000026197B8B400][0000026197E8E680 49] iPhone6S, [0000026197B2D400][0000026197E92800 49] iPhone6SPlus, [0000026197B8A300][0000026197E96980 49] iPhone7Plus, [0000026197B2E100][0000026197E9AB00 49] iPhoneSE, [0000026197B88C00][0000026197E9EC80 49] iPhone8, [0000026197B2CB00][0000026197E5EDC0 49] iPhone8Plus, [0000026197B88A00][0000026197EA2F00 49] iPhoneX, [0000026197B2E800][0000026197EA7040 49] iPhoneXS, [0000026197B88200][0000026197EAB180 49] iPhoneXSMax, [0000026197B2C500][0000026197EB3300 49] iPhoneXR, [0000026197B8B500][0000026197EB7480 49] iPhone11, [0000026197B2F100][0000026197EBB600 49] iPhone11Pro, [0000026197B8BB00][0000026197EBF780 49] iPhone11ProMax, [0000026197B2FD00][0000026197EC3900 49] iPhoneSE2, [0000026197B8B800][0000026197EC7A80 49] iPhone12Mini, [0000026197B2C700][0000026197ECBC00 49] iPhone12, [0000026197B88D00][0000026197ECE200 49] iPhone12Pro, [0000026197B2E900][0000026197ED2380 49] iPhone12ProMax, [0000026197B8B000][0000026197ED6500 49] iPadPro105, [0000026197B2E500][0000026197EDA680 49] iPadPro129, [0000026197B8BF00][0000026197EDE800 49] iPadPro97, [0000026197B2E300][0000026197EE2980 49] iPadPro2_129, [0000026197B89F00][0000026197EE6B00 49] iPad5, [0000026197B2C800][0000026197EEAC80 49] iPad6, [0000026197B89900][0000026197EEEE00 49] iPad7, [0000026197B2FF00][0000026197EAEF40 49] iPad8, [0000026197B8A500][0000026197EF3080 49] iPadPro11, [0000026197B2EF00][0000026197EF71C0 49] iPadPro2_11, [0000026197B89800][0000026197EFB300 49] iPadPro3_129, [0000026197B2E400][0000026197F03480 49] iPadPro4_129, [0000026197B88500][0000026197F07600 49] AppleTV, [0000026197B2DC00][0000026197F0B780 49] AppleTV4K, [0000026197B89C00][0000026197F0F900 49] TVOS, [0000026197B2EC00][0000026197F13A80 49] Mac, [0000026197B8AA00][0000026197F17C00 49] MacClient, [0000026197B2D200][0000026197F1A200 49] MacNoEditor, [0000026197B88800][0000026197F1E380 49] MacServer, [0000026197B2C100][0000026197F22500 49] Linux, [0000026197B8B300][0000026197F26680 49] LinuxAArch64, [0000026197B2E200][0000026197F2A800 49] LinuxNoEditor, [0000026197B89100][0000026197F2E980 49] LinuxAArch64NoEditor, [0000026197B2DF00][0000026197F32B00 49] LinuxClient, [0000026197B89D00][0000026197F36C80 49] LinuxAArch64Client, [0000026197B2EA00][0000026197F3AE00 49] LinuxServer, [0000026197B8A400][0000026197F3EF80 49] LinuxAArch64Server, [0000026197B2D100][0000026197F43100 49] Android, [0000026197B64300][0000026197EFF240 49] Android_Low, [0000026197C01E00][0000026197F47380 49] Android_Mid, [0000026197B67A00][0000026197F4B4C0 49] Android_High, [0000026197C03800][0000026197F53640 49] Android_Default, [0000026197B67900][0000026197F577C0 49] Android_Adreno4xx, [0000026197C00700][0000026197F5B940 49] Android_Adreno5xx_Low, [0000026197B67200][0000026197F5FAC0 49] Android_Adreno5xx, [0000026197C01300][0000026197F620C0 49] Android_Adreno6xx, [0000026197B65000][0000026197F66240 49] Android_Adreno6xx_Vulkan, [0000026197C00100][0000026197F6A3C0 49] Android_Mali_T6xx, [0000026197B66E00][0000026197F6E540 49] Android_Mali_T7xx, [0000026197C02500][0000026197F726C0 49] Android_Mali_T8xx, [0000026197B67B00][0000026197F76840 49] Android_Mali_G71, [0000026197C03000][0000026197F7A9C0 49] Android_Mali_G72, [0000026197B67500][0000026197F7EB40 49] Android_Mali_G72_Vulkan, [0000026197C00600][0000026197F82CC0 49] Android_Mali_G76, [0000026197B64C00][0000026197F86E40 49] Android_Mali_G76_Vulkan, [0000026197C02A00][0000026197F8AFC0 49] Android_Mali_G77, [0000026197B66A00][0000026197F8F140 49] Android_Mali_G77_Vulkan, [0000026197C00C00][0000026197F932C0 49] Android_Mali_G78, [0000026197B64800][0000026197F4F400 49] Android_Mali_G78_Vulkan, [0000026197C01800][0000026197F97540 49] Android_Mali_G710, [0000026197B64F00][0000026197F9B680 49] Android_Mali_G710_Vulkan, [0000026197C01900][0000026197F9F7C0 49] Android_Vulkan_SM5, [0000026197B66500][0000026197FA7940 49] Android_PowerVR_G6xxx, [0000026197C01D00][0000026197FABAC0 49] Android_PowerVR_GT7xxx, [0000026197B66700][0000026197FAE0C0 49] Android_PowerVR_GE8xxx, [0000026197C02900][0000026197FB2240 49] Android_PowerVR_GM9xxx, [0000026197B2DA00][0000026197FB63C0 49] Android_PowerVR_GM9xxx_Vulkan, [0000026197C01A00][0000026197FBA540 49] Android_TegraK1, [0000026197B2E600][0000026197FBE6C0 49] Android_Unknown_Vulkan, [0000026197C01700][0000026197FC2840 49] Lumin, [0000026197B2DE00][0000026197FC69C0 49] Lumin_Desktop, [0000026197C00900][0000026197FCAB40 49] HoloLens, 
[2023.04.03-13.30.36:426][  0]LogMaterial: Display: Missing cached shadermap for WorldGridMaterial in PCD3D_SM5, Default, SM5 (DDC key hash: A1735345BAA6C16A461C99B571E815C1D167A3DB), compiling. Is special engine material.
[2023.04.03-13.30.40:541][  0]LogShaderCompilers: Display: Submitted 1144 shader compile jobs with 'High' priority
[2023.04.03-13.30.41:112][  0]LogShaderCompilers: Display: Worker (1/3): shaders left to compile 1144
[2023.04.03-13.30.41:112][  0]LogShaderCompilers: Display: Worker (2/3): shaders left to compile 1134
[2023.04.03-13.30.41:112][  0]LogShaderCompilers: Display: Worker (3/3): shaders left to compile 1124
[2023.04.03-13.30.41:112][  0]LogShaderCompilers: Display: Started 30 'Local' shader compile jobs with 'High' priority
[2023.04.03-13.31.12:444][  0]LogShaderCompilers: Display: Worker (1/3): shaders left to compile 1114
[2023.04.03-13.31.12:444][  0]LogShaderCompilers: Display: Started 10 'Local' shader compile jobs with 'High' priority
[2023.04.03-13.31.25:312][  0]LogShaderCompilers: Display: Worker (2/3): shaders left to compile 1104
[2023.04.03-13.31.25:312][  0]LogShaderCompilers: Display: Started 10 'Local' shader compile jobs with 'High' priority
[2023.04.03-13.31.33:145][  0]LogAssetRegistry: Error: Failed to open file for write ../../../../../../Users/VRLab/Documents/GitHub/space-miner/SpaceMiner/Intermediate/CachedAssetRegistry.bin.tmp
[2023.04.03-13.31.38:181][  0]LogShaderCompilers: Display: Worker (3/3): shaders left to compile 1094
[2023.04.03-13.31.38:181][  0]LogShaderCompilers: Display: Started 10 'Local' shader compile jobs with 'High' priority
[2023.04.03-13.31.50:490][  0]LogShaderCompilers: Display: Worker (2/3): shaders left to compile 1084
[2023.04.03-13.31.50:490][  0]LogShaderCompilers: Display: Started 10 'Local' shader compile jobs with 'High' priority
[2023.04.03-13.32.08:954][  0]LogShaderCompilers: Display: Worker (3/3): shaders left to compile 1074
[2023.04.03-13.32.08:954][  0]LogShaderCompilers: Display: Started 10 'Local' shader compile jobs with 'High' priority
[2023.04.03-13.32.18:465][  0]LogShaderCompilers: Display: Worker (1/3): shaders left to compile 1064
[2023.04.03-13.32.18:465][  0]LogShaderCompilers: Display: Started 10 'Local' shader compile jobs with 'High' priority
[2023.04.03-13.32.32:453][  0]LogShaderCompilers: Display: Worker (2/3): shaders left to compile 1054
[2023.04.03-13.32.32:453][  0]LogShaderCompilers: Display: Started 10 'Local' shader compile jobs with 'High' priority
[2023.04.03-13.33.12:177][  0]LogShaderCompilers: Display: Worker (2/3): shaders left to compile 1044
[2023.04.03-13.33.12:177][  0]LogShaderCompilers: Display: Started 10 'Local' shader compile jobs with 'High' priority
[2023.04.03-13.33.14:415][  0]LogShaderCompilers: Display: Worker (1/3): shaders left to compile 1034
[2023.04.03-13.33.14:415][  0]LogShaderCompilers: Display: Started 10 'Local' shader compile jobs with 'High' priority
[2023.04.03-13.33.20:570][  0]LogShaderCompilers: Display: Worker (3/3): shaders left to compile 1024
[2023.04.03-13.33.20:570][  0]LogShaderCompilers: Display: Started 10 'Local' shader compile jobs with 'High' priority
[2023.04.03-13.33.26:165][  0]LogShaderCompilers: Display: Worker (1/3): shaders left to compile 1014
[2023.04.03-13.33.26:165][  0]LogShaderCompilers: Display: Started 10 'Local' shader compile jobs with 'High' priority
[2023.04.03-13.33.33:439][  0]LogAssetRegistry: Error: Failed to open file for write ../../../../../../Users/VRLab/Documents/GitHub/space-miner/SpaceMiner/Intermediate/CachedAssetRegistry.bin.tmp
[2023.04.03-13.33.54:700][  0]LogShaderCompilers: Display: Worker (2/3): shaders left to compile 1004
[2023.04.03-13.33.54:700][  0]LogShaderCompilers: Display: Started 10 'Local' shader compile jobs with 'High' priority
[2023.04.03-13.34.03:652][  0]LogShaderCompilers: Display: Worker (2/3): shaders left to compile 994
[2023.04.03-13.34.03:652][  0]LogShaderCompilers: Display: Started 10 'Local' shader compile jobs with 'High' priority
[2023.04.03-13.34.20:437][  0]LogShaderCompilers: Display: Worker (1/3): shaders left to compile 984
[2023.04.03-13.34.20:437][  0]LogShaderCompilers: Display: Started 10 'Local' shader compile jobs with 'High' priority
[2023.04.03-13.34.27:710][  0]LogShaderCompilers: Display: Worker (3/3): shaders left to compile 974
[2023.04.03-13.34.27:710][  0]LogShaderCompilers: Display: Started 10 'Local' shader compile jobs with 'High' priority
[2023.04.03-13.34.40:579][  0]LogShaderCompilers: Display: Worker (2/3): shaders left to compile 964
[2023.04.03-13.34.40:579][  0]LogShaderCompilers: Display: Started 10 'Local' shader compile jobs with 'High' priority
[2023.04.03-13.35.11:911][  0]LogShaderCompilers: Display: Worker (2/3): shaders left to compile 954
[2023.04.03-13.35.11:911][  0]LogShaderCompilers: Display: Started 10 'Local' shader compile jobs with 'High' priority
[2023.04.03-13.35.17:506][  0]LogShaderCompilers: Display: Worker (1/3): shaders left to compile 944
[2023.04.03-13.35.17:506][  0]LogShaderCompilers: Display: Started 10 'Local' shader compile jobs with 'High' priority
[2023.04.03-13.35.42:124][  0]LogShaderCompilers: Display: Worker (3/3): shaders left to compile 934
[2023.04.03-13.35.42:124][  0]LogShaderCompilers: Display: Started 10 'Local' shader compile jobs with 'High' priority
[2023.04.03-13.35.43:243][  0]LogShaderCompilers: Display: Worker (2/3): shaders left to compile 924
[2023.04.03-13.35.43:243][  0]LogShaderCompilers: Display: Started 10 'Local' shader compile jobs with 'High' priority
[2023.04.03-13.36.00:588][  0]LogShaderCompilers: Display: Worker (1/3): shaders left to compile 914
[2023.04.03-13.36.00:588][  0]LogShaderCompilers: Display: Started 10 'Local' shader compile jobs with 'High' priority
[2023.04.03-13.36.38:075][  0]LogShaderCompilers: Display: Worker (1/3): shaders left to compile 904
[2023.04.03-13.36.38:075][  0]LogShaderCompilers: Display: Started 10 'Local' shader compile jobs with 'High' priority
[2023.04.03-13.36.50:384][  0]LogShaderCompilers: Display: Worker (3/3): shaders left to compile 894
[2023.04.03-13.36.50:384][  0]LogShaderCompilers: Display: Started 10 'Local' shader compile jobs with 'High' priority
[2023.04.03-13.36.50:943][  0]LogShaderCompilers: Display: Worker (2/3): shaders left to compile 884
[2023.04.03-13.36.50:943][  0]LogShaderCompilers: Display: Started 10 'Local' shader compile jobs with 'High' priority
[2023.04.03-13.37.10:526][  0]LogShaderCompilers: Display: Worker (1/3): shaders left to compile 874
[2023.04.03-13.37.10:526][  0]LogShaderCompilers: Display: Started 10 'Local' shader compile jobs with 'High' priority
[2023.04.03-13.37.33:467][  0]LogShaderCompilers: Display: Worker (2/3): shaders left to compile 864
[2023.04.03-13.37.33:467][  0]LogShaderCompilers: Display: Started 10 'Local' shader compile jobs with 'High' priority
[2023.04.03-13.37.34:026][  0]LogShaderCompilers: Display: Worker (3/3): shaders left to compile 854
[2023.04.03-13.37.34:026][  0]LogShaderCompilers: Display: Started 10 'Local' shader compile jobs with 'High' priority
[2023.04.03-13.38.15:430][  0]LogShaderCompilers: Display: Worker (3/3): shaders left to compile 844
[2023.04.03-13.38.15:430][  0]LogShaderCompilers: Display: Started 10 'Local' shader compile jobs with 'High' priority
[2023.04.03-13.38.20:466][  0]LogShaderCompilers: Display: Worker (1/3): shaders left to compile 834
[2023.04.03-13.38.20:466][  0]LogShaderCompilers: Display: Started 10 'Local' shader compile jobs with 'High' priority
[2023.04.03-13.38.25:501][  0]LogShaderCompilers: Display: Worker (2/3): shaders left to compile 824
[2023.04.03-13.38.25:501][  0]LogShaderCompilers: Display: Started 10 'Local' shader compile jobs with 'High' priority
[2023.04.03-13.38.39:489][  0]LogShaderCompilers: Display: Worker (3/3): shaders left to compile 814
[2023.04.03-13.38.39:489][  0]LogShaderCompilers: Display: Started 10 'Local' shader compile jobs with 'High' priority
[2023.04.03-13.38.52:358][  0]LogShaderCompilers: Display: Worker (1/3): shaders left to compile 804
[2023.04.03-13.38.52:358][  0]LogShaderCompilers: Display: Started 10 'Local' shader compile jobs with 'High' priority
[2023.04.03-13.38.56:834][  0]LogShaderCompilers: Display: Worker (2/3): shaders left to compile 794
[2023.04.03-13.38.56:834][  0]LogShaderCompilers: Display: Started 10 'Local' shader compile jobs with 'High' priority
[2023.04.03-13.39.25:368][  0]LogShaderCompilers: Display: Worker (2/3): shaders left to compile 784
[2023.04.03-13.39.25:368][  0]LogShaderCompilers: Display: Started 10 'Local' shader compile jobs with 'High' priority
[2023.04.03-13.39.32:082][  0]LogShaderCompilers: Display: Worker (1/3): shaders left to compile 774
[2023.04.03-13.39.32:082][  0]LogShaderCompilers: Display: Started 10 'Local' shader compile jobs with 'High' priority
[2023.04.03-13.39.32:642][  0]LogShaderCompilers: Display: Worker (3/3): shaders left to compile 764
[2023.04.03-13.39.32:642][  0]LogShaderCompilers: Display: Started 10 'Local' shader compile jobs with 'High' priority
[2023.04.03-13.39.50:546][  0]LogShaderCompilers: Display: Worker (2/3): shaders left to compile 754
[2023.04.03-13.39.50:546][  0]LogShaderCompilers: Display: Started 10 'Local' shader compile jobs with 'High' priority
[2023.04.03-13.40.06:771][  0]LogShaderCompilers: Display: Worker (3/3): shaders left to compile 744
[2023.04.03-13.40.06:771][  0]LogShaderCompilers: Display: Started 10 'Local' shader compile jobs with 'High' priority
[2023.04.03-13.40.13:486][  0]LogShaderCompilers: Display: Worker (1/3): shaders left to compile 734
[2023.04.03-13.40.13:486][  0]LogShaderCompilers: Display: Started 10 'Local' shader compile jobs with 'High' priority
[2023.04.03-13.40.47:056][  0]LogShaderCompilers: Display: Worker (1/3): shaders left to compile 724
[2023.04.03-13.40.47:056][  0]LogShaderCompilers: Display: Started 10 'Local' shader compile jobs with 'High' priority
[2023.04.03-13.40.49:294][  0]LogShaderCompilers: Display: Worker (2/3): shaders left to compile 714
[2023.04.03-13.40.49:294][  0]LogShaderCompilers: Display: Started 10 'Local' shader compile jobs with 'High' priority
[2023.04.03-13.40.53:210][  0]LogShaderCompilers: Display: Worker (3/3): shaders left to compile 704
[2023.04.03-13.40.53:210][  0]LogShaderCompilers: Display: Started 10 'Local' shader compile jobs with 'High' priority
[2023.04.03-13.41.09:995][  0]LogShaderCompilers: Display: Worker (1/3): shaders left to compile 694
[2023.04.03-13.41.09:995][  0]LogShaderCompilers: Display: Started 10 'Local' shader compile jobs with 'High' priority
[2023.04.03-13.41.17:828][  0]LogShaderCompilers: Display: Worker (1/3): shaders left to compile 684
[2023.04.03-13.41.17:828][  0]LogShaderCompilers: Display: Started 10 'Local' shader compile jobs with 'High' priority
[2023.04.03-13.41.31:816][  0]LogShaderCompilers: Display: Worker (2/3): shaders left to compile 674
[2023.04.03-13.41.31:816][  0]LogShaderCompilers: Display: Started 10 'Local' shader compile jobs with 'High' priority
[2023.04.03-13.41.48:601][  0]LogShaderCompilers: Display: Worker (1/3): shaders left to compile 664
[2023.04.03-13.41.48:601][  0]LogShaderCompilers: Display: Started 10 'Local' shader compile jobs with 'High' priority
[2023.04.03-13.41.51:958][  0]LogShaderCompilers: Display: Worker (3/3): shaders left to compile 654
[2023.04.03-13.41.51:958][  0]LogShaderCompilers: Display: Started 10 'Local' shader compile jobs with 'High' priority
[2023.04.03-13.42.16:576][  0]LogShaderCompilers: Display: Worker (3/3): shaders left to compile 644
[2023.04.03-13.42.16:576][  0]LogShaderCompilers: Display: Started 10 'Local' shader compile jobs with 'High' priority
[2023.04.03-13.42.25:528][  0]LogShaderCompilers: Display: Worker (2/3): shaders left to compile 634
[2023.04.03-13.42.25:528][  0]LogShaderCompilers: Display: Started 10 'Local' shader compile jobs with 'High' priority
[2023.04.03-13.42.35:599][  0]LogShaderCompilers: Display: Worker (1/3): shaders left to compile 624
[2023.04.03-13.42.35:599][  0]LogShaderCompilers: Display: Started 10 'Local' shader compile jobs with 'High' priority
[2023.04.03-13.42.41:754][  0]LogShaderCompilers: Display: Worker (3/3): shaders left to compile 614
[2023.04.03-13.42.41:754][  0]LogShaderCompilers: Display: Started 10 'Local' shader compile jobs with 'High' priority
[2023.04.03-13.42.57:980][  0]LogShaderCompilers: Display: Worker (2/3): shaders left to compile 604
[2023.04.03-13.42.57:980][  0]LogShaderCompilers: Display: Started 10 'Local' shader compile jobs with 'High' priority
[2023.04.03-13.43.29:871][  0]LogShaderCompilers: Display: Worker (2/3): shaders left to compile 594
[2023.04.03-13.43.29:871][  0]LogShaderCompilers: Display: Started 10 'Local' shader compile jobs with 'High' priority
[2023.04.03-13.43.31:550][  0]LogShaderCompilers: Display: Worker (1/3): shaders left to compile 584
[2023.04.03-13.43.31:550][  0]LogShaderCompilers: Display: Started 10 'Local' shader compile jobs with 'High' priority
[2023.04.03-13.43.38:823][  0]LogShaderCompilers: Display: Worker (3/3): shaders left to compile 574
[2023.04.03-13.43.38:823][  0]LogShaderCompilers: Display: Started 10 'Local' shader compile jobs with 'High' priority
[2023.04.03-13.43.55:049][  0]LogShaderCompilers: Display: Worker (2/3): shaders left to compile 564
[2023.04.03-13.43.55:049][  0]LogShaderCompilers: Display: Started 10 'Local' shader compile jobs with 'High' priority
[2023.04.03-13.44.03:441][  0]LogShaderCompilers: Display: Worker (1/3): shaders left to compile 554
[2023.04.03-13.44.03:441][  0]LogShaderCompilers: Display: Started 10 'Local' shader compile jobs with 'High' priority
[2023.04.03-13.44.25:822][  0]LogShaderCompilers: Display: Worker (3/3): shaders left to compile 544
[2023.04.03-13.44.25:822][  0]LogShaderCompilers: Display: Started 10 'Local' shader compile jobs with 'High' priority
[2023.04.03-13.44.36:452][  0]LogShaderCompilers: Display: Worker (1/3): shaders left to compile 534
[2023.04.03-13.44.36:452][  0]LogShaderCompilers: Display: Started 10 'Local' shader compile jobs with 'High' priority
[2023.04.03-13.44.54:916][  0]LogShaderCompilers: Display: Worker (1/3): shaders left to compile 524
[2023.04.03-13.44.54:916][  0]LogShaderCompilers: Display: Started 10 'Local' shader compile jobs with 'High' priority
[2023.04.03-13.44.54:916][  0]LogShaderCompilers: Display: Worker (2/3): shaders left to compile 514
[2023.04.03-13.44.54:916][  0]LogShaderCompilers: Display: Started 10 'Local' shader compile jobs with 'High' priority
[2023.04.03-13.45.14:498][  0]LogShaderCompilers: Display: Worker (3/3): shaders left to compile 504
[2023.04.03-13.45.14:498][  0]LogShaderCompilers: Display: Started 10 'Local' shader compile jobs with 'High' priority
[2023.04.03-13.45.35:759][  0]LogShaderCompilers: Display: Worker (1/3): shaders left to compile 494
[2023.04.03-13.45.35:759][  0]LogShaderCompilers: Display: Started 10 'Local' shader compile jobs with 'High' priority
[2023.04.03-13.45.35:759][  0]LogShaderCompilers: Display: Worker (3/3): shaders left to compile 484
[2023.04.03-13.45.35:759][  0]LogShaderCompilers: Display: Started 10 'Local' shader compile jobs with 'High' priority
[2023.04.03-13.45.45:831][  0]LogShaderCompilers: Display: Worker (2/3): shaders left to compile 474
[2023.04.03-13.45.45:831][  0]LogShaderCompilers: Display: Started 10 'Local' shader compile jobs with 'High' priority
[2023.04.03-13.45.48:069][  0]LogShaderCompilers: Display: Worker (1/3): shaders left to compile 464
[2023.04.03-13.45.48:069][  0]LogShaderCompilers: Display: Started 10 'Local' shader compile jobs with 'High' priority
[2023.04.03-13.45.54:223][  0]LogShaderCompilers: Display: Worker (3/3): shaders left to compile 454
[2023.04.03-13.45.54:223][  0]LogShaderCompilers: Display: Started 10 'Local' shader compile jobs with 'High' priority
[2023.04.03-13.45.55:902][  0]LogShaderCompilers: Display: Worker (1/3): shaders left to compile 444
[2023.04.03-13.45.55:902][  0]LogShaderCompilers: Display: Started 10 'Local' shader compile jobs with 'High' priority
[2023.04.03-13.46.00:378][  0]LogShaderCompilers: Display: Worker (3/3): shaders left to compile 434
[2023.04.03-13.46.00:378][  0]LogShaderCompilers: Display: Started 10 'Local' shader compile jobs with 'High' priority
[2023.04.03-13.46.00:937][  0]LogShaderCompilers: Display: Worker (2/3): shaders left to compile 424
[2023.04.03-13.46.00:937][  0]LogShaderCompilers: Display: Started 10 'Local' shader compile jobs with 'High' priority
