Log file open, 04/03/23 16:30:05
LogWindows: Failed to load 'aqProf.dll' (GetLastError=126)
LogWindows: File 'aqProf.dll' does not exist
LogWindows: Failed to load 'VtuneApi.dll' (GetLastError=126)
LogWindows: File 'VtuneApi.dll' does not exist
LogWindows: Failed to load 'VtuneApi32e.dll' (GetLastError=126)
LogWindows: File 'VtuneApi32e.dll' does not exist
LogConsoleResponse: Display: Failed to find resolution value strings in scalability ini. Falling back to default.
LogConsoleResponse: Display: Failed to find resolution value strings in scalability ini. Falling back to default.
LogInit: Display: Running engine for game: SpaceMiner
LogPlatformFile: Not using cached read wrapper
LogTaskGraph: Started task graph with 5 named threads and 20 total threads with 3 sets of task threads.
LogStats: Stats thread started at 0.217106
LogICUInternationalization: ICU TimeZone Detection - Raw Offset: +3:00, Platform Override: ''
LogInit: Display: Loading text-based GConfig....
LogPluginManager: Mounting plugin MeshPainting
LogPluginManager: Mounting plugin XGEController
LogPluginManager: Mounting plugin Paper2D
LogPluginManager: Mounting plugin AISupport
LogPluginManager: Mounting plugin EnvironmentQueryEditor
LogPluginManager: Mounting plugin LightPropagationVolume
LogPluginManager: Mounting plugin LiveLink
LogPluginManager: Mounting plugin CameraShakePreviewer
LogPluginManager: Mounting plugin GameplayCameras
LogPluginManager: Mounting plugin OodleData
LogPluginManager: Mounting plugin OodleNetwork
LogPluginManager: Mounting plugin AnimationSharing
LogPluginManager: Mounting plugin CLionSourceCodeAccess
LogPluginManager: Mounting plugin CodeLiteSourceCodeAccess
LogPluginManager: Mounting plugin GitSourceControl
LogPluginManager: Mounting plugin KDevelopSourceCodeAccess
LogPluginManager: Mounting plugin NullSourceCodeAccess
LogPluginManager: Mounting plugin PerforceSourceControl
LogPluginManager: Mounting plugin PixWinPlugin
LogPluginManager: Mounting plugin PlasticSourceControl
LogPluginManager: Mounting plugin PluginUtils
LogPluginManager: Mounting plugin PropertyAccessNode
LogPluginManager: Mounting plugin SubversionSourceControl
LogPluginManager: Mounting plugin RiderSourceCodeAccess
LogPluginManager: Mounting plugin TextureFormatOodle
LogPluginManager: Mounting plugin UObjectPlugin
LogPluginManager: Mounting plugin VisualStudioSourceCodeAccess
LogPluginManager: Mounting plugin VisualStudioCodeSourceCodeAccess
LogPluginManager: Mounting plugin XCodeSourceCodeAccess
LogPluginManager: Mounting plugin AssetManagerEditor
LogPluginManager: Mounting plugin CryptoKeys
LogPluginManager: Mounting plugin CurveEditorTools
LogPluginManager: Mounting plugin DataValidation
LogPluginManager: Mounting plugin FacialAnimation
LogPluginManager: Mounting plugin GameplayTagsEditor
LogPluginManager: Mounting plugin GeometryMode
LogPluginManager: Mounting plugin MacGraphicsSwitching
LogPluginManager: Mounting plugin MaterialAnalyzer
LogPluginManager: Mounting plugin MobileLauncherProfileWizard
LogPluginManager: Mounting plugin PluginBrowser
LogPluginManager: Mounting plugin SpeedTreeImporter
LogPluginManager: Mounting plugin DatasmithContent
LogPluginManager: Mounting plugin VariantManagerContent
LogPluginManager: Mounting plugin AlembicImporter
LogPluginManager: Mounting plugin AutomationUtils
LogPluginManager: Mounting plugin BackChannel
LogPluginManager: Mounting plugin ChaosCloth
LogPluginManager: Mounting plugin ChaosClothEditor
LogPluginManager: Mounting plugin ChaosEditor
LogPluginManager: Mounting plugin ChaosNiagara
LogPluginManager: Mounting plugin ChaosSolverPlugin
LogPluginManager: Mounting plugin CharacterAI
LogPluginManager: Mounting plugin LuminPlatformFeatures
LogPluginManager: Mounting plugin MagicLeap
LogPluginManager: Mounting plugin MagicLeapLightEstimation
LogPluginManager: Mounting plugin MagicLeapMedia
LogPluginManager: Mounting plugin MagicLeapPassableWorld
LogPluginManager: Mounting plugin MLSDK
LogPluginManager: Mounting plugin AndroidMedia
LogPluginManager: Mounting plugin AvfMedia
LogPluginManager: Mounting plugin Niagara
LogPluginManager: Mounting plugin ImgMedia
LogPluginManager: Mounting plugin MediaCompositing
LogPluginManager: Mounting plugin MediaPlayerEditor
LogPluginManager: Mounting plugin WebMMedia
LogPluginManager: Mounting plugin WmfMedia
LogPluginManager: Mounting plugin GeometryCache
LogPluginManager: Mounting plugin GeometryCollectionPlugin
LogPluginManager: Mounting plugin GeometryProcessing
LogPluginManager: Mounting plugin MotoSynth
LogPluginManager: Mounting plugin OpenImageDenoise
LogPluginManager: Mounting plugin PlanarCut
LogPluginManager: Mounting plugin PlatformCrypto
LogPluginManager: Mounting plugin ProxyLODPlugin
LogPluginManager: Mounting plugin PythonScriptPlugin
LogPluginManager: Mounting plugin TcpMessaging
LogPluginManager: Mounting plugin UdpMessaging
LogPluginManager: Mounting plugin SkeletalReduction
LogPluginManager: Mounting plugin ActorSequence
LogPluginManager: Mounting plugin LevelSequenceEditor
LogPluginManager: Mounting plugin MatineeToLevelSequence
LogPluginManager: Mounting plugin TemplateSequence
LogPluginManager: Mounting plugin OnlineSubsystem
LogPluginManager: Mounting plugin OnlineSubsystemNull
LogPluginManager: Mounting plugin OnlineSubsystemUtils
LogPluginManager: Mounting plugin LauncherChunkInstaller
LogPluginManager: Mounting plugin ActorLayerUtilities
LogPluginManager: Mounting plugin AndroidDeviceProfileSelector
LogPluginManager: Mounting plugin AndroidMoviePlayer
LogPluginManager: Mounting plugin AndroidPermission
LogPluginManager: Mounting plugin AppleImageUtils
LogPluginManager: Mounting plugin AppleMoviePlayer
LogPluginManager: Mounting plugin ArchVisCharacter
LogPluginManager: Mounting plugin AssetTags
LogPluginManager: Mounting plugin AudioCapture
LogPluginManager: Mounting plugin AudioSynesthesia
LogPluginManager: Mounting plugin CableComponent
LogPluginManager: Mounting plugin ChunkDownloader
LogPluginManager: Mounting plugin CustomMeshComponent
LogPluginManager: Mounting plugin EditableMesh
LogPluginManager: Mounting plugin ExampleDeviceProfileSelector
LogPluginManager: Mounting plugin ScreenshotTools
LogPluginManager: Mounting plugin GoogleCloudMessaging
LogPluginManager: Mounting plugin GooglePAD
LogPluginManager: Mounting plugin IOSDeviceProfileSelector
LogPluginManager: Mounting plugin LinuxDeviceProfileSelector
LogPluginManager: Mounting plugin LocationServicesBPLibrary
LogPluginManager: Mounting plugin MobilePatchingUtils
LogPluginManager: Mounting plugin OpenXR
LogPluginManager: Mounting plugin OpenXREyeTracker
LogPluginManager: Mounting plugin Takes
LogPluginManager: Mounting plugin OpenXRHandTracking
LogPluginManager: Mounting plugin PhysXVehicles
LogPluginManager: Mounting plugin PostSplashScreen
LogPluginManager: Mounting plugin ProceduralMeshComponent
LogPluginManager: Mounting plugin PropertyAccessEditor
LogPluginManager: Mounting plugin ResonanceAudio
LogPluginManager: Mounting plugin RuntimePhysXCooking
LogPluginManager: Mounting plugin SignificanceManager
LogPluginManager: Mounting plugin SoundFields
LogPluginManager: Mounting plugin Synthesis
LogPluginManager: Mounting plugin WebMMoviePlayer
LogPluginManager: Mounting plugin WindowsMoviePlayer
LogPluginManager: Mounting plugin ContentBrowserAssetDataSource
LogPluginManager: Mounting plugin ContentBrowserClassDataSource
LogPluginManager: Mounting plugin ContentBrowserFileDataSource
LogPluginManager: Mounting plugin OnlineSubsystemGooglePlay
LogPluginManager: Mounting plugin OnlineSubsystemIOS
LogPluginManager: Mounting plugin OculusOpenXR
PixWinPlugin: PIX capture plugin failed to initialize! Check that the process is launched from PIX.
LogInit: Using libcurl 7.55.1-DEV
LogInit:  - built for x86_64-pc-win32
LogInit:  - supports SSL with OpenSSL/1.1.1
LogInit:  - supports HTTP deflate (compression) using libz 1.2.8
LogInit:  - other features:
LogInit:      CURL_VERSION_SSL
LogInit:      CURL_VERSION_LIBZ
LogInit:      CURL_VERSION_IPV6
LogInit:      CURL_VERSION_ASYNCHDNS
LogInit:      CURL_VERSION_LARGEFILE
LogInit:      CURL_VERSION_IDN
LogInit:  CurlRequestOptions (configurable via config and command line):
LogInit:  - bVerifyPeer = true  - Libcurl will verify peer certificate
LogInit:  - bUseHttpProxy = false  - Libcurl will NOT use HTTP proxy
LogInit:  - bDontReuseConnections = false  - Libcurl will reuse connections
LogInit:  - MaxHostConnections = 16  - Libcurl will limit the number of connections to a host
LogInit:  - LocalHostAddr = Default
LogInit:  - BufferSize = 65536
LogOnline: OSS: Creating online subsystem instance for: NULL
LogInit: WinSock: version 1.1 (2.2), MaxSocks=32767, MaxUdp=65467
LogOnline: OSS: TryLoadSubsystemAndSetDefault: Loaded subsystem for module [NULL]
LogInit: Build: ++UE4+Release-4.27-CL-18319896
LogInit: Engine Version: 4.27.2-18319896+++UE4+Release-4.27
LogInit: Compatible Engine Version: 4.27.0-17155196+++UE4+Release-4.27
LogInit: Net CL: 17155196
LogInit: OS: Windows 10 (Release 2009) (), CPU: Intel(R) Core(TM) i5-8400 CPU @ 2.80GHz, GPU: NVIDIA GeForce GTX 1060 6GB
LogInit: Compiled (64-bit): Nov 30 2021 07:12:08
LogInit: Compiled with Visual C++: 19.24.28315.00
LogInit: Build Configuration: Development
LogInit: Branch Name: ++UE4+Release-4.27
LogInit: Command Line: 
LogInit: Base Directory: C:/Program Files/Epic Games/UE_4.27/Engine/Binaries/Win64/
LogInit: Allocator: TBB
LogInit: Installed Engine Build: 1
LogDevObjectVersion: Number of dev versions registered: 29
LogDevObjectVersion:   Dev-Blueprints (B0D832E4-1F89-4F0D-ACCF-7EB736FD4AA2): 10
LogDevObjectVersion:   Dev-Build (E1C64328-A22C-4D53-A36C-8E866417BD8C): 0
LogDevObjectVersion:   Dev-Core (375EC13C-06E4-48FB-B500-84F0262A717E): 4
LogDevObjectVersion:   Dev-Editor (E4B068ED-F494-42E9-A231-DA0B2E46BB41): 40
LogDevObjectVersion:   Dev-Framework (CFFC743F-43B0-4480-9391-14DF171D2073): 37
LogDevObjectVersion:   Dev-Mobile (B02B49B5-BB20-44E9-A304-32B752E40360): 3
LogDevObjectVersion:   Dev-Networking (A4E4105C-59A1-49B5-A7C5-40C4547EDFEE): 0
LogDevObjectVersion:   Dev-Online (39C831C9-5AE6-47DC-9A44-9C173E1C8E7C): 0
LogDevObjectVersion:   Dev-Physics (78F01B33-EBEA-4F98-B9B4-84EACCB95AA2): 14
LogDevObjectVersion:   Dev-Platform (6631380F-2D4D-43E0-8009-CF276956A95A): 0
LogDevObjectVersion:   Dev-Rendering (12F88B9F-8875-4AFC-A67C-D90C383ABD29): 45
LogDevObjectVersion:   Dev-Sequencer (7B5AE74C-D270-4C10-A958-57980B212A5A): 13
LogDevObjectVersion:   Dev-VR (D7296918-1DD6-4BDD-9DE2-64A83CC13884): 3
LogDevObjectVersion:   Dev-LoadTimes (C2A15278-BFE7-4AFE-6C17-90FF531DF755): 1
LogDevObjectVersion:   Private-Geometry (6EACA3D4-40EC-4CC1-B786-8BED09428FC5): 3
LogDevObjectVersion:   Dev-AnimPhys (29E575DD-E0A3-4627-9D10-D276232CDCEA): 17
LogDevObjectVersion:   Dev-Anim (AF43A65D-7FD3-4947-9873-3E8ED9C1BB05): 15
LogDevObjectVersion:   Dev-ReflectionCapture (6B266CEC-1EC7-4B8F-A30B-E4D90942FC07): 1
LogDevObjectVersion:   Dev-Automation (0DF73D61-A23F-47EA-B727-89E90C41499A): 1
LogDevObjectVersion:   FortniteMain (601D1886-AC64-4F84-AA16-D3DE0DEAC7D6): 47
LogDevObjectVersion:   FortniteRelease (E7086368-6B23-4C58-8439-1B7016265E91): 1
LogDevObjectVersion:   Dev-Enterprise (9DFFBCD6-494F-0158-E221-12823C92A888): 10
LogDevObjectVersion:   Dev-Niagara (F2AED0AC-9AFE-416F-8664-AA7FFA26D6FC): 1
LogDevObjectVersion:   Dev-Destruction (174F1F0B-B4C6-45A5-B13F-2EE8D0FB917D): 10
LogDevObjectVersion:   Dev-Physics-Ext (35F94A83-E258-406C-A318-09F59610247C): 41
LogDevObjectVersion:   Dev-PhysicsMaterial-Chaos (B68FC16E-8B1B-42E2-B453-215C058844FE): 1
LogDevObjectVersion:   Dev-CineCamera (B2E18506-4273-CFC2-A54E-F4BB758BBA07): 1
LogDevObjectVersion:   Dev-VirtualProduction (64F58936-FD1B-42BA-BA96-7289D5D0FA4E): 1
LogDevObjectVersion:   Dev-MediaFramework (6F0ED827-A609-4895-9C91-998D90180EA4): 2
LogFileManager: Warning: Error deleting file: ../../../../../../Users/VRLab/Documents/GitHub/space-miner/SpaceMiner/Saved/Logs/SpaceMiner-backup-2023.03.27-13.38.02.log (Error Code 5)
LogInit: Presizing for max 25165824 objects, including 0 objects not considered by GC, pre-allocating 0 bytes for permanent pool.
LogConfig: Applying CVar settings from Section [/Script/Engine.StreamingSettings] File [C:/Users/VRLab/Documents/GitHub/space-miner/SpaceMiner/Saved/Config/Windows/Engine.ini]
LogConfig: Setting CVar [[s.MinBulkDataSizeForAsyncLoading:131072]]
LogConfig: Setting CVar [[s.AsyncLoadingThreadEnabled:0]]
LogConfig: Setting CVar [[s.EventDrivenLoaderEnabled:1]]
LogConfig: Setting CVar [[s.WarnIfTimeLimitExceeded:0]]
LogConfig: Setting CVar [[s.TimeLimitExceededMultiplier:1.5]]
LogConfig: Setting CVar [[s.TimeLimitExceededMinTime:0.005]]
LogConfig: Setting CVar [[s.UseBackgroundLevelStreaming:1]]
LogConfig: Setting CVar [[s.PriorityAsyncLoadingExtraTime:15.0]]
LogConfig: Setting CVar [[s.LevelStreamingActorsUpdateTimeLimit:5.0]]
LogConfig: Setting CVar [[s.PriorityLevelStreamingActorsUpdateExtraTime:5.0]]
LogConfig: Setting CVar [[s.LevelStreamingComponentsRegistrationGranularity:10]]
LogConfig: Setting CVar [[s.UnregisterComponentsTimeLimit:1.0]]
LogConfig: Setting CVar [[s.LevelStreamingComponentsUnregistrationGranularity:5]]
LogConfig: Setting CVar [[s.FlushStreamingOnExit:1]]
LogInit: Object subsystem initialized
LogConfig: Setting CVar [[con.DebugEarlyDefault:1]]
LogConfig: Setting CVar [[r.setres:1280x720]]
[2023.04.03-13.30.12:072][  0]LogConfig: Setting CVar [[r.VSync:0]]
[2023.04.03-13.30.12:072][  0]LogConfig: Setting CVar [[r.RHICmdBypass:0]]
[2023.04.03-13.30.12:072][  0]LogConfig: Applying CVar settings from Section [/Script/Engine.RendererSettings] File [C:/Users/VRLab/Documents/GitHub/space-miner/SpaceMiner/Saved/Config/Windows/Engine.ini]
[2023.04.03-13.30.12:072][  0]LogConfig: Setting CVar [[r.GPUCrashDebugging:0]]
[2023.04.03-13.30.12:072][  0]LogConfig: Setting CVar [[r.Mobile.DisableVertexFog:1]]
[2023.04.03-13.30.12:072][  0]LogConfig: Setting CVar [[r.Shadow.CSM.MaxMobileCascades:2]]
[2023.04.03-13.30.12:072][  0]LogConfig: Setting CVar [[r.MobileMSAA:4]]
[2023.04.03-13.30.12:072][  0]LogConfig: Setting CVar [[r.Mobile.AllowDitheredLODTransition:0]]
[2023.04.03-13.30.12:072][  0]LogConfig: Setting CVar [[r.Mobile.AllowSoftwareOcclusion:0]]
[2023.04.03-13.30.12:072][  0]LogConfig: Setting CVar [[r.Mobile.VirtualTextures:0]]
[2023.04.03-13.30.12:072][  0]LogConfig: Setting CVar [[r.DiscardUnusedQuality:0]]
[2023.04.03-13.30.12:072][  0]LogConfig: Setting CVar [[r.AllowOcclusionQueries:1]]
[2023.04.03-13.30.12:072][  0]LogConfig: Setting CVar [[r.MinScreenRadiusForLights:0.030000]]
[2023.04.03-13.30.12:072][  0]LogConfig: Setting CVar [[r.MinScreenRadiusForDepthPrepass:0.030000]]
[2023.04.03-13.30.12:072][  0]LogConfig: Setting CVar [[r.MinScreenRadiusForCSMDepth:0.010000]]
[2023.04.03-13.30.12:072][  0]LogConfig: Setting CVar [[r.PrecomputedVisibilityWarning:0]]
[2023.04.03-13.30.12:072][  0]LogConfig: Setting CVar [[r.TextureStreaming:1]]
[2023.04.03-13.30.12:072][  0]LogConfig: Setting CVar [[Compat.UseDXT5NormalMaps:0]]
[2023.04.03-13.30.12:072][  0]LogConfig: Setting CVar [[r.VirtualTextures:0]]
[2023.04.03-13.30.12:072][  0]LogConfig: Setting CVar [[r.VirtualTexturedLightmaps:0]]
[2023.04.03-13.30.12:072][  0]LogConfig: Setting CVar [[r.VT.TileSize:128]]
[2023.04.03-13.30.12:072][  0]LogConfig: Setting CVar [[r.VT.TileBorderSize:4]]
[2023.04.03-13.30.12:072][  0]LogConfig: Setting CVar [[r.vt.FeedbackFactor:16]]
[2023.04.03-13.30.12:072][  0]LogConfig: Setting CVar [[r.VT.EnableCompressZlib:1]]
[2023.04.03-13.30.12:072][  0]LogConfig: Setting CVar [[r.VT.EnableCompressCrunch:0]]
[2023.04.03-13.30.12:072][  0]LogConfig: Setting CVar [[r.ClearCoatNormal:0]]
[2023.04.03-13.30.12:072][  0]LogConfig: Setting CVar [[r.ReflectionCaptureResolution:128]]
[2023.04.03-13.30.12:072][  0]LogConfig: Setting CVar [[r.Mobile.ReflectionCaptureCompression:0]]
[2023.04.03-13.30.12:072][  0]LogConfig: Setting CVar [[r.ReflectionEnvironmentLightmapMixBasedOnRoughness:1]]
[2023.04.03-13.30.12:072][  0]LogConfig: Setting CVar [[r.ForwardShading:1]]
[2023.04.03-13.30.12:072][  0]LogConfig: Setting CVar [[r.VertexFoggingForOpaque:1]]
[2023.04.03-13.30.12:072][  0]LogConfig: Setting CVar [[r.AllowStaticLighting:1]]
[2023.04.03-13.30.12:072][  0]LogConfig: Setting CVar [[r.NormalMapsForStaticLighting:0]]
[2023.04.03-13.30.12:072][  0]LogConfig: Setting CVar [[r.GenerateMeshDistanceFields:0]]
[2023.04.03-13.30.12:072][  0]LogConfig: Setting CVar [[r.DistanceFieldBuild.EightBit:0]]
[2023.04.03-13.30.12:073][  0]LogConfig: Setting CVar [[r.GenerateLandscapeGIData:0]]
[2023.04.03-13.30.12:073][  0]LogConfig: Setting CVar [[r.DistanceFieldBuild.Compress:0]]
[2023.04.03-13.30.12:073][  0]LogConfig: Setting CVar [[r.TessellationAdaptivePixelsPerTriangle:48.000000]]
[2023.04.03-13.30.12:073][  0]LogConfig: Setting CVar [[r.SeparateTranslucency:0]]
[2023.04.03-13.30.12:073][  0]LogConfig: Setting CVar [[r.TranslucentSortPolicy:0]]
[2023.04.03-13.30.12:073][  0]LogConfig: Setting CVar [[r.CustomDepth:1]]
[2023.04.03-13.30.12:073][  0]LogConfig: Setting CVar [[r.CustomDepthTemporalAAJitter:1]]
[2023.04.03-13.30.12:073][  0]LogConfig: Setting CVar [[r.PostProcessing.PropagateAlpha:0]]
[2023.04.03-13.30.12:073][  0]LogConfig: Setting CVar [[r.DefaultFeature.Bloom:0]]
[2023.04.03-13.30.12:073][  0]LogConfig: Setting CVar [[r.DefaultFeature.AmbientOcclusion:0]]
[2023.04.03-13.30.12:073][  0]LogConfig: Setting CVar [[r.DefaultFeature.AmbientOcclusionStaticFraction:1]]
[2023.04.03-13.30.12:073][  0]LogConfig: Setting CVar [[r.DefaultFeature.AutoExposure:0]]
[2023.04.03-13.30.12:073][  0]LogConfig: Setting CVar [[r.DefaultFeature.AutoExposure.Method:0]]
[2023.04.03-13.30.12:073][  0]LogConfig: Setting CVar [[r.DefaultFeature.AutoExposure.Bias:1.000000]]
[2023.04.03-13.30.12:073][  0]LogConfig: Setting CVar [[r.DefaultFeature.AutoExposure.ExtendDefaultLuminanceRange:1]]
[2023.04.03-13.30.12:073][  0]LogConfig: Setting CVar [[r.UsePreExposure:1]]
[2023.04.03-13.30.12:073][  0]LogConfig: Setting CVar [[r.EyeAdaptation.EditorOnly:0]]
[2023.04.03-13.30.12:073][  0]LogConfig: Setting CVar [[r.DefaultFeature.MotionBlur:0]]
[2023.04.03-13.30.12:073][  0]LogConfig: Setting CVar [[r.DefaultFeature.LensFlare:0]]
[2023.04.03-13.30.12:073][  0]LogConfig: Setting CVar [[r.TemporalAA.Upsampling:0]]
[2023.04.03-13.30.12:073][  0]LogConfig: Setting CVar [[r.SSGI.Enable:0]]
[2023.04.03-13.30.12:074][  0]LogConfig: Setting CVar [[r.DefaultFeature.AntiAliasing:3]]
[2023.04.03-13.30.12:074][  0]LogConfig: Setting CVar [[r.DefaultFeature.LightUnits:1]]
[2023.04.03-13.30.12:074][  0]LogConfig: Setting CVar [[r.DefaultBackBufferPixelFormat:4]]
[2023.04.03-13.30.12:074][  0]LogConfig: Setting CVar [[r.Shadow.UnbuiltPreviewInGame:1]]
[2023.04.03-13.30.12:074][  0]LogConfig: Setting CVar [[r.StencilForLODDither:0]]
[2023.04.03-13.30.12:074][  0]LogConfig: Setting CVar [[r.EarlyZPass:3]]
[2023.04.03-13.30.12:074][  0]LogConfig: Setting CVar [[r.EarlyZPassOnlyMaterialMasking:0]]
[2023.04.03-13.30.12:074][  0]LogConfig: Setting CVar [[r.DBuffer:1]]
[2023.04.03-13.30.12:074][  0]LogConfig: Setting CVar [[r.ClearSceneMethod:1]]
[2023.04.03-13.30.12:074][  0]LogConfig: Setting CVar [[r.BasePassOutputsVelocity:0]]
[2023.04.03-13.30.12:074][  0]LogConfig: Setting CVar [[r.VertexDeformationOutputsVelocity:0]]
[2023.04.03-13.30.12:074][  0]LogConfig: Setting CVar [[r.SelectiveBasePassOutputs:0]]
[2023.04.03-13.30.12:074][  0]LogConfig: Setting CVar [[fx.GPUSimulationTextureSizeX:1024]]
[2023.04.03-13.30.12:074][  0]LogConfig: Setting CVar [[fx.GPUSimulationTextureSizeY:1024]]
[2023.04.03-13.30.12:074][  0]LogConfig: Setting CVar [[r.AllowGlobalClipPlane:0]]
[2023.04.03-13.30.12:074][  0]LogConfig: Setting CVar [[r.GBufferFormat:1]]
[2023.04.03-13.30.12:074][  0]LogConfig: Setting CVar [[r.MorphTarget.Mode:1]]
[2023.04.03-13.30.12:074][  0]LogConfig: Setting CVar [[vr.InstancedStereo:1]]
[2023.04.03-13.30.12:074][  0]LogConfig: Setting CVar [[r.MobileHDR:0]]
[2023.04.03-13.30.12:074][  0]LogConfig: Setting CVar [[vr.MobileMultiView:1]]
[2023.04.03-13.30.12:074][  0]LogConfig: Setting CVar [[r.Mobile.UseHWsRGBEncoding:1]]
[2023.04.03-13.30.12:074][  0]LogConfig: Setting CVar [[vr.RoundRobinOcclusion:0]]
[2023.04.03-13.30.12:074][  0]LogConfig: Setting CVar [[vr.ODSCapture:0]]
[2023.04.03-13.30.12:074][  0]LogConfig: Setting CVar [[r.MeshStreaming:0]]
[2023.04.03-13.30.12:074][  0]LogConfig: Setting CVar [[r.WireframeCullThreshold:5.000000]]
[2023.04.03-13.30.12:074][  0]LogConfig: Setting CVar [[r.RayTracing:0]]
[2023.04.03-13.30.12:074][  0]LogConfig: Setting CVar [[r.RayTracing.UseTextureLod:0]]
[2023.04.03-13.30.12:074][  0]LogConfig: Setting CVar [[r.SupportStationarySkylight:1]]
[2023.04.03-13.30.12:074][  0]LogConfig: Setting CVar [[r.SupportLowQualityLightmaps:1]]
[2023.04.03-13.30.12:074][  0]LogConfig: Setting CVar [[r.SupportPointLightWholeSceneShadows:1]]
[2023.04.03-13.30.12:074][  0]LogConfig: Setting CVar [[r.SupportAtmosphericFog:1]]
[2023.04.03-13.30.12:074][  0]LogConfig: Setting CVar [[r.SupportSkyAtmosphere:1]]
[2023.04.03-13.30.12:074][  0]LogConfig: Setting CVar [[r.SupportSkyAtmosphereAffectsHeightFog:0]]
[2023.04.03-13.30.12:075][  0]LogConfig: Setting CVar [[r.SkinCache.CompileShaders:0]]
[2023.04.03-13.30.12:075][  0]LogConfig: Setting CVar [[r.SkinCache.DefaultBehavior:1]]
[2023.04.03-13.30.12:075][  0]LogConfig: Setting CVar [[r.SkinCache.SceneMemoryLimitInMB:128.000000]]
[2023.04.03-13.30.12:075][  0]LogConfig: Setting CVar [[r.Mobile.EnableStaticAndCSMShadowReceivers:1]]
[2023.04.03-13.30.12:075][  0]LogConfig: Setting CVar [[r.Mobile.EnableMovableLightCSMShaderCulling:1]]
[2023.04.03-13.30.12:075][  0]LogConfig: Setting CVar [[r.Mobile.AllowDistanceFieldShadows:1]]
[2023.04.03-13.30.12:075][  0]LogConfig: Setting CVar [[r.Mobile.AllowMovableDirectionalLights:1]]
[2023.04.03-13.30.12:075][  0]LogConfig: Setting CVar [[r.MobileNumDynamicPointLights:4]]
[2023.04.03-13.30.12:075][  0]LogConfig: Setting CVar [[r.MobileDynamicPointLightsUseStaticBranch:1]]
[2023.04.03-13.30.12:075][  0]LogConfig: Setting CVar [[r.Mobile.EnableMovableSpotlights:0]]
[2023.04.03-13.30.12:075][  0]LogConfig: Setting CVar [[r.Mobile.EnableMovableSpotlightsShadow:0]]
[2023.04.03-13.30.12:075][  0]LogConfig: Setting CVar [[r.GPUSkin.Support16BitBoneIndex:0]]
[2023.04.03-13.30.12:075][  0]LogConfig: Setting CVar [[r.GPUSkin.Limit2BoneInfluences:0]]
[2023.04.03-13.30.12:075][  0]LogConfig: Setting CVar [[r.SupportDepthOnlyIndexBuffers:1]]
[2023.04.03-13.30.12:075][  0]LogConfig: Setting CVar [[r.SupportReversedIndexBuffers:1]]
[2023.04.03-13.30.12:075][  0]LogConfig: Setting CVar [[r.LightPropagationVolume:0]]
[2023.04.03-13.30.12:075][  0]LogConfig: Setting CVar [[r.Mobile.AmbientOcclusion:0]]
[2023.04.03-13.30.12:075][  0]LogConfig: Setting CVar [[r.GPUSkin.UnlimitedBoneInfluences:0]]
[2023.04.03-13.30.12:075][  0]LogConfig: Setting CVar [[r.GPUSkin.UnlimitedBoneInfluencesThreshold:8]]
[2023.04.03-13.30.12:075][  0]LogConfig: Setting CVar [[r.Mobile.PlanarReflectionMode:0]]
[2023.04.03-13.30.12:075][  0]LogConfig: Setting CVar [[r.Mobile.SupportGPUScene:1]]
[2023.04.03-13.30.12:075][  0]LogConfig: Applying CVar settings from Section [/Script/Engine.RendererOverrideSettings] File [C:/Users/VRLab/Documents/GitHub/space-miner/SpaceMiner/Saved/Config/Windows/Engine.ini]
[2023.04.03-13.30.12:075][  0]LogConfig: Applying CVar settings from Section [/Script/Engine.StreamingSettings] File [C:/Users/VRLab/Documents/GitHub/space-miner/SpaceMiner/Saved/Config/Windows/Engine.ini]
[2023.04.03-13.30.12:075][  0]LogConfig: Setting CVar [[s.MinBulkDataSizeForAsyncLoading:131072]]
[2023.04.03-13.30.12:075][  0]LogConfig: Setting CVar [[s.AsyncLoadingThreadEnabled:0]]
[2023.04.03-13.30.12:075][  0]LogConfig: Setting CVar [[s.EventDrivenLoaderEnabled:1]]
[2023.04.03-13.30.12:075][  0]LogConfig: Setting CVar [[s.WarnIfTimeLimitExceeded:0]]
[2023.04.03-13.30.12:075][  0]LogConfig: Setting CVar [[s.TimeLimitExceededMultiplier:1.5]]
[2023.04.03-13.30.12:075][  0]LogConfig: Setting CVar [[s.TimeLimitExceededMinTime:0.005]]
[2023.04.03-13.30.12:075][  0]LogConfig: Setting CVar [[s.UseBackgroundLevelStreaming:1]]
[2023.04.03-13.30.12:075][  0]LogConfig: Setting CVar [[s.PriorityAsyncLoadingExtraTime:15.0]]
[2023.04.03-13.30.12:075][  0]LogConfig: Setting CVar [[s.LevelStreamingActorsUpdateTimeLimit:5.0]]
[2023.04.03-13.30.12:075][  0]LogConfig: Setting CVar [[s.PriorityLevelStreamingActorsUpdateExtraTime:5.0]]
[2023.04.03-13.30.12:075][  0]LogConfig: Setting CVar [[s.LevelStreamingComponentsRegistrationGranularity:10]]
[2023.04.03-13.30.12:075][  0]LogConfig: Setting CVar [[s.UnregisterComponentsTimeLimit:1.0]]
[2023.04.03-13.30.12:075][  0]LogConfig: Setting CVar [[s.LevelStreamingComponentsUnregistrationGranularity:5]]
[2023.04.03-13.30.12:075][  0]LogConfig: Setting CVar [[s.FlushStreamingOnExit:1]]
[2023.04.03-13.30.12:075][  0]LogConfig: Applying CVar settings from Section [/Script/Engine.GarbageCollectionSettings] File [C:/Users/VRLab/Documents/GitHub/space-miner/SpaceMiner/Saved/Config/Windows/Engine.ini]
[2023.04.03-13.30.12:075][  0]LogConfig: Setting CVar [[gc.MaxObjectsNotConsideredByGC:1]]
[2023.04.03-13.30.12:075][  0]LogConfig: Setting CVar [[gc.SizeOfPermanentObjectPool:0]]
[2023.04.03-13.30.12:075][  0]LogConfig: Setting CVar [[gc.FlushStreamingOnGC:0]]
[2023.04.03-13.30.12:075][  0]LogConfig: Setting CVar [[gc.NumRetriesBeforeForcingGC:10]]
[2023.04.03-13.30.12:075][  0]LogConfig: Setting CVar [[gc.AllowParallelGC:1]]
[2023.04.03-13.30.12:075][  0]LogConfig: Setting CVar [[gc.TimeBetweenPurgingPendingKillObjects:61.1]]
[2023.04.03-13.30.12:075][  0]LogConfig: Setting CVar [[gc.MaxObjectsInEditor:25165824]]
[2023.04.03-13.30.12:075][  0]LogConfig: Setting CVar [[gc.IncrementalBeginDestroyEnabled:1]]
[2023.04.03-13.30.12:075][  0]LogConfig: Setting CVar [[gc.CreateGCClusters:1]]
[2023.04.03-13.30.12:075][  0]LogConfig: Setting CVar [[gc.MinGCClusterSize:5]]
[2023.04.03-13.30.12:075][  0]LogConfig: Setting CVar [[gc.ActorClusteringEnabled:0]]
[2023.04.03-13.30.12:075][  0]LogConfig: Setting CVar [[gc.BlueprintClusteringEnabled:0]]
[2023.04.03-13.30.12:075][  0]LogConfig: Setting CVar [[gc.UseDisregardForGCOnDedicatedServers:0]]
[2023.04.03-13.30.12:075][  0]LogConfig: Setting CVar [[gc.MultithreadedDestructionEnabled:1]]
[2023.04.03-13.30.12:075][  0]LogConfig: Applying CVar settings from Section [/Script/Engine.NetworkSettings] File [C:/Users/VRLab/Documents/GitHub/space-miner/SpaceMiner/Saved/Config/Windows/Engine.ini]
[2023.04.03-13.30.12:075][  0]LogConfig: Applying CVar settings from Section [/Script/UnrealEd.CookerSettings] File [C:/Users/VRLab/Documents/GitHub/space-miner/SpaceMiner/Saved/Config/Windows/Engine.ini]
[2023.04.03-13.30.12:088][  0]LogConfig: Applying CVar settings from Section [ViewDistanceQuality@3] File [C:/Users/VRLab/Documents/GitHub/space-miner/SpaceMiner/Saved/Config/Windows/Scalability.ini]
[2023.04.03-13.30.12:088][  0]LogConfig: Setting CVar [[r.SkeletalMeshLODBias:0]]
[2023.04.03-13.30.12:088][  0]LogConfig: Setting CVar [[r.ViewDistanceScale:1.0]]
[2023.04.03-13.30.12:088][  0]LogConfig: Applying CVar settings from Section [AntiAliasingQuality@3] File [C:/Users/VRLab/Documents/GitHub/space-miner/SpaceMiner/Saved/Config/Windows/Scalability.ini]
[2023.04.03-13.30.12:088][  0]LogConfig: Setting CVar [[r.PostProcessAAQuality:4]]
[2023.04.03-13.30.12:088][  0]LogConfig: Applying CVar settings from Section [ShadowQuality@3] File [C:/Users/VRLab/Documents/GitHub/space-miner/SpaceMiner/Saved/Config/Windows/Scalability.ini]
[2023.04.03-13.30.12:088][  0]LogConfig: Setting CVar [[r.LightFunctionQuality:1]]
[2023.04.03-13.30.12:088][  0]LogConfig: Setting CVar [[r.ShadowQuality:5]]
[2023.04.03-13.30.12:088][  0]LogConfig: Setting CVar [[r.Shadow.CSM.MaxCascades:10]]
[2023.04.03-13.30.12:088][  0]LogConfig: Setting CVar [[r.Shadow.MaxResolution:2048]]
[2023.04.03-13.30.12:088][  0]LogConfig: Setting CVar [[r.Shadow.MaxCSMResolution:2048]]
[2023.04.03-13.30.12:088][  0]LogConfig: Setting CVar [[r.Shadow.RadiusThreshold:0.01]]
[2023.04.03-13.30.12:088][  0]LogConfig: Setting CVar [[r.Shadow.DistanceScale:1.0]]
[2023.04.03-13.30.12:088][  0]LogConfig: Setting CVar [[r.Shadow.CSM.TransitionScale:1.0]]
[2023.04.03-13.30.12:088][  0]LogConfig: Setting CVar [[r.Shadow.PreShadowResolutionFactor:1.0]]
[2023.04.03-13.30.12:088][  0]LogConfig: Setting CVar [[r.DistanceFieldShadowing:1]]
[2023.04.03-13.30.12:088][  0]LogConfig: Setting CVar [[r.DistanceFieldAO:1]]
[2023.04.03-13.30.12:088][  0]LogConfig: Setting CVar [[r.AOQuality:2]]
[2023.04.03-13.30.12:088][  0]LogConfig: Setting CVar [[r.VolumetricFog:1]]
[2023.04.03-13.30.12:088][  0]LogConfig: Setting CVar [[r.VolumetricFog.GridPixelSize:8]]
[2023.04.03-13.30.12:088][  0]LogConfig: Setting CVar [[r.VolumetricFog.GridSizeZ:128]]
[2023.04.03-13.30.12:088][  0]LogConfig: Setting CVar [[r.VolumetricFog.HistoryMissSupersampleCount:4]]
[2023.04.03-13.30.12:088][  0]LogConfig: Setting CVar [[r.LightMaxDrawDistanceScale:1]]
[2023.04.03-13.30.12:088][  0]LogConfig: Setting CVar [[r.CapsuleShadows:1]]
[2023.04.03-13.30.12:088][  0]LogConfig: Applying CVar settings from Section [PostProcessQuality@3] File [C:/Users/VRLab/Documents/GitHub/space-miner/SpaceMiner/Saved/Config/Windows/Scalability.ini]
[2023.04.03-13.30.12:088][  0]LogConfig: Setting CVar [[r.MotionBlurQuality:4]]
[2023.04.03-13.30.12:088][  0]LogConfig: Setting CVar [[r.AmbientOcclusionMipLevelFactor:0.4]]
[2023.04.03-13.30.12:088][  0]LogConfig: Setting CVar [[r.AmbientOcclusionMaxQuality:100]]
[2023.04.03-13.30.12:088][  0]LogConfig: Setting CVar [[r.AmbientOcclusionLevels:-1]]
[2023.04.03-13.30.12:088][  0]LogConfig: Setting CVar [[r.AmbientOcclusionRadiusScale:1.0]]
[2023.04.03-13.30.12:088][  0]LogConfig: Setting CVar [[r.DepthOfFieldQuality:2]]
[2023.04.03-13.30.12:088][  0]LogConfig: Setting CVar [[r.RenderTargetPoolMin:400]]
[2023.04.03-13.30.12:088][  0]LogConfig: Setting CVar [[r.LensFlareQuality:2]]
[2023.04.03-13.30.12:088][  0]LogConfig: Setting CVar [[r.SceneColorFringeQuality:1]]
[2023.04.03-13.30.12:088][  0]LogConfig: Setting CVar [[r.EyeAdaptationQuality:2]]
[2023.04.03-13.30.12:088][  0]LogConfig: Setting CVar [[r.BloomQuality:5]]
[2023.04.03-13.30.12:088][  0]LogConfig: Setting CVar [[r.FastBlurThreshold:100]]
[2023.04.03-13.30.12:088][  0]LogConfig: Setting CVar [[r.Upscale.Quality:3]]
[2023.04.03-13.30.12:088][  0]LogConfig: Setting CVar [[r.Tonemapper.GrainQuantization:1]]
[2023.04.03-13.30.12:088][  0]LogConfig: Setting CVar [[r.LightShaftQuality:1]]
[2023.04.03-13.30.12:088][  0]LogConfig: Setting CVar [[r.Filter.SizeScale:1]]
[2023.04.03-13.30.12:088][  0]LogConfig: Setting CVar [[r.Tonemapper.Quality:5]]
[2023.04.03-13.30.12:088][  0]LogConfig: Setting CVar [[r.DOF.Gather.AccumulatorQuality:1        ; higher gathering accumulator quality]]
[2023.04.03-13.30.12:088][  0]LogConfig: Setting CVar [[r.DOF.Gather.PostfilterMethod:1          ; Median3x3 postfilering method]]
[2023.04.03-13.30.12:088][  0]LogConfig: Setting CVar [[r.DOF.Gather.EnableBokehSettings:0       ; no bokeh simulation when gathering]]
[2023.04.03-13.30.12:088][  0]LogConfig: Setting CVar [[r.DOF.Gather.RingCount:4                 ; medium number of samples when gathering]]
[2023.04.03-13.30.12:089][  0]LogConfig: Setting CVar [[r.DOF.Scatter.ForegroundCompositing:1    ; additive foreground scattering]]
[2023.04.03-13.30.12:089][  0]LogConfig: Setting CVar [[r.DOF.Scatter.BackgroundCompositing:2    ; additive background scattering]]
[2023.04.03-13.30.12:089][  0]LogConfig: Setting CVar [[r.DOF.Scatter.EnableBokehSettings:1      ; bokeh simulation when scattering]]
[2023.04.03-13.30.12:089][  0]LogConfig: Setting CVar [[r.DOF.Scatter.MaxSpriteRatio:0.1         ; only a maximum of 10% of scattered bokeh]]
[2023.04.03-13.30.12:089][  0]LogConfig: Setting CVar [[r.DOF.Recombine.Quality:1                ; cheap slight out of focus]]
[2023.04.03-13.30.12:089][  0]LogConfig: Setting CVar [[r.DOF.Recombine.EnableBokehSettings:0    ; no bokeh simulation on slight out of focus]]
[2023.04.03-13.30.12:089][  0]LogConfig: Setting CVar [[r.DOF.TemporalAAQuality:1                ; more stable temporal accumulation]]
[2023.04.03-13.30.12:089][  0]LogConfig: Setting CVar [[r.DOF.Kernel.MaxForegroundRadius:0.025]]
[2023.04.03-13.30.12:089][  0]LogConfig: Setting CVar [[r.DOF.Kernel.MaxBackgroundRadius:0.025]]
[2023.04.03-13.30.12:089][  0]LogConfig: Applying CVar settings from Section [TextureQuality@3] File [C:/Users/VRLab/Documents/GitHub/space-miner/SpaceMiner/Saved/Config/Windows/Scalability.ini]
[2023.04.03-13.30.12:089][  0]LogConfig: Setting CVar [[r.Streaming.MipBias:0]]
[2023.04.03-13.30.12:089][  0]LogConfig: Setting CVar [[r.Streaming.AmortizeCPUToGPUCopy:0]]
[2023.04.03-13.30.12:089][  0]LogConfig: Setting CVar [[r.Streaming.MaxNumTexturesToStreamPerFrame:0]]
[2023.04.03-13.30.12:089][  0]LogConfig: Setting CVar [[r.Streaming.Boost:1]]
[2023.04.03-13.30.12:089][  0]LogConfig: Setting CVar [[r.MaxAnisotropy:8]]
[2023.04.03-13.30.12:089][  0]LogConfig: Setting CVar [[r.VT.MaxAnisotropy:8]]
[2023.04.03-13.30.12:089][  0]LogConfig: Setting CVar [[r.Streaming.LimitPoolSizeToVRAM:0]]
[2023.04.03-13.30.12:089][  0]LogConfig: Setting CVar [[r.Streaming.PoolSize:1000]]
[2023.04.03-13.30.12:089][  0]LogConfig: Setting CVar [[r.Streaming.MaxEffectiveScreenSize:0]]
[2023.04.03-13.30.12:089][  0]LogConfig: Applying CVar settings from Section [EffectsQuality@3] File [C:/Users/VRLab/Documents/GitHub/space-miner/SpaceMiner/Saved/Config/Windows/Scalability.ini]
[2023.04.03-13.30.12:089][  0]LogConfig: Setting CVar [[r.TranslucencyLightingVolumeDim:64]]
[2023.04.03-13.30.12:089][  0]LogConfig: Setting CVar [[r.RefractionQuality:2]]
[2023.04.03-13.30.12:089][  0]LogConfig: Setting CVar [[r.SSR.Quality:3]]
[2023.04.03-13.30.12:089][  0]LogConfig: Setting CVar [[r.SSR.HalfResSceneColor:0]]
[2023.04.03-13.30.12:089][  0]LogConfig: Setting CVar [[r.SceneColorFormat:4]]
[2023.04.03-13.30.12:089][  0]LogConfig: Setting CVar [[r.DetailMode:2]]
[2023.04.03-13.30.12:089][  0]LogConfig: Setting CVar [[r.TranslucencyVolumeBlur:1]]
[2023.04.03-13.30.12:089][  0]LogConfig: Setting CVar [[r.MaterialQualityLevel:1 ; High quality]]
[2023.04.03-13.30.12:089][  0]LogConfig: Setting CVar [[r.AnisotropicMaterials:1]]
[2023.04.03-13.30.12:089][  0]LogConfig: Setting CVar [[r.SSS.Scale:1]]
[2023.04.03-13.30.12:089][  0]LogConfig: Setting CVar [[r.SSS.SampleSet:2]]
[2023.04.03-13.30.12:089][  0]LogConfig: Setting CVar [[r.SSS.Quality:1]]
[2023.04.03-13.30.12:089][  0]LogConfig: Setting CVar [[r.SSS.HalfRes:0]]
[2023.04.03-13.30.12:089][  0]LogConfig: Setting CVar [[r.SSGI.Quality:3]]
[2023.04.03-13.30.12:089][  0]LogConfig: Setting CVar [[r.EmitterSpawnRateScale:1.0]]
[2023.04.03-13.30.12:089][  0]LogConfig: Setting CVar [[r.ParticleLightQuality:2]]
[2023.04.03-13.30.12:089][  0]LogConfig: Setting CVar [[r.SkyAtmosphere.AerialPerspectiveLUT.FastApplyOnOpaque:1 ; Always have FastSkyLUT 1 in this case to avoid wrong sky]]
[2023.04.03-13.30.12:089][  0]LogConfig: Setting CVar [[r.SkyAtmosphere.AerialPerspectiveLUT.SampleCountMaxPerSlice:4]]
[2023.04.03-13.30.12:089][  0]LogConfig: Setting CVar [[r.SkyAtmosphere.AerialPerspectiveLUT.DepthResolution:16.0]]
[2023.04.03-13.30.12:089][  0]LogConfig: Setting CVar [[r.SkyAtmosphere.FastSkyLUT:1]]
[2023.04.03-13.30.12:089][  0]LogConfig: Setting CVar [[r.SkyAtmosphere.FastSkyLUT.SampleCountMin:4.0]]
[2023.04.03-13.30.12:089][  0]LogConfig: Setting CVar [[r.SkyAtmosphere.FastSkyLUT.SampleCountMax:128.0]]
[2023.04.03-13.30.12:089][  0]LogConfig: Setting CVar [[r.SkyAtmosphere.SampleCountMin:4.0]]
[2023.04.03-13.30.12:089][  0]LogConfig: Setting CVar [[r.SkyAtmosphere.SampleCountMax:128.0]]
[2023.04.03-13.30.12:089][  0]LogConfig: Setting CVar [[r.SkyAtmosphere.TransmittanceLUT.UseSmallFormat:0]]
[2023.04.03-13.30.12:089][  0]LogConfig: Setting CVar [[r.SkyAtmosphere.TransmittanceLUT.SampleCount:10.0]]
[2023.04.03-13.30.12:089][  0]LogConfig: Setting CVar [[r.SkyAtmosphere.MultiScatteringLUT.SampleCount:15.0]]
[2023.04.03-13.30.12:089][  0]LogConfig: Setting CVar [[r.SkyLight.RealTimeReflectionCapture:1]]
[2023.04.03-13.30.12:089][  0]LogConfig: Applying CVar settings from Section [FoliageQuality@3] File [C:/Users/VRLab/Documents/GitHub/space-miner/SpaceMiner/Saved/Config/Windows/Scalability.ini]
[2023.04.03-13.30.12:089][  0]LogConfig: Setting CVar [[foliage.DensityScale:1.0]]
[2023.04.03-13.30.12:089][  0]LogConfig: Setting CVar [[grass.DensityScale:1.0]]
[2023.04.03-13.30.12:089][  0]LogConfig: Applying CVar settings from Section [ShadingQuality@3] File [C:/Users/VRLab/Documents/GitHub/space-miner/SpaceMiner/Saved/Config/Windows/Scalability.ini]
[2023.04.03-13.30.12:089][  0]LogConfig: Setting CVar [[r.HairStrands.SkyLighting.IntegrationType:2]]
[2023.04.03-13.30.12:089][  0]LogConfig: Setting CVar [[r.HairStrands.SkyAO.SampleCount:4]]
[2023.04.03-13.30.12:089][  0]LogConfig: Setting CVar [[r.HairStrands.Visibility.MSAA.SamplePerPixel:4]]
[2023.04.03-13.30.12:090][  0]LogInit: Selected Device Profile: [Windows]
[2023.04.03-13.30.12:090][  0]LogInit: Applying CVar settings loaded from the selected device profile: [Windows]
[2023.04.03-13.30.12:094][  0]LogHAL: Display: Platform has ~ 16 GB [17128882176 / 17179869184 / 16], which maps to Larger [LargestMinGB=32, LargerMinGB=12, DefaultMinGB=8, SmallerMinGB=6, SmallestMinGB=0)
[2023.04.03-13.30.12:094][  0]LogInit: Going up to parent DeviceProfile []
[2023.04.03-13.30.12:094][  0]LogConfig: Applying CVar settings from Section [ViewDistanceQuality@3] File [C:/Users/VRLab/Documents/GitHub/space-miner/SpaceMiner/Saved/Config/Windows/Scalability.ini]
[2023.04.03-13.30.12:094][  0]LogConfig: Setting CVar [[r.SkeletalMeshLODBias:0]]
[2023.04.03-13.30.12:094][  0]LogConfig: Setting CVar [[r.ViewDistanceScale:1.0]]
[2023.04.03-13.30.12:094][  0]LogConfig: Applying CVar settings from Section [AntiAliasingQuality@3] File [C:/Users/VRLab/Documents/GitHub/space-miner/SpaceMiner/Saved/Config/Windows/Scalability.ini]
[2023.04.03-13.30.12:094][  0]LogConfig: Setting CVar [[r.PostProcessAAQuality:4]]
[2023.04.03-13.30.12:094][  0]LogConfig: Applying CVar settings from Section [ShadowQuality@3] File [C:/Users/VRLab/Documents/GitHub/space-miner/SpaceMiner/Saved/Config/Windows/Scalability.ini]
[2023.04.03-13.30.12:095][  0]LogConfig: Setting CVar [[r.LightFunctionQuality:1]]
[2023.04.03-13.30.12:095][  0]LogConfig: Setting CVar [[r.ShadowQuality:5]]
[2023.04.03-13.30.12:095][  0]LogConfig: Setting CVar [[r.Shadow.CSM.MaxCascades:10]]
[2023.04.03-13.30.12:095][  0]LogConfig: Setting CVar [[r.Shadow.MaxResolution:2048]]
[2023.04.03-13.30.12:095][  0]LogConfig: Setting CVar [[r.Shadow.MaxCSMResolution:2048]]
[2023.04.03-13.30.12:095][  0]LogConfig: Setting CVar [[r.Shadow.RadiusThreshold:0.01]]
[2023.04.03-13.30.12:095][  0]LogConfig: Setting CVar [[r.Shadow.DistanceScale:1.0]]
[2023.04.03-13.30.12:095][  0]LogConfig: Setting CVar [[r.Shadow.CSM.TransitionScale:1.0]]
[2023.04.03-13.30.12:095][  0]LogConfig: Setting CVar [[r.Shadow.PreShadowResolutionFactor:1.0]]
[2023.04.03-13.30.12:095][  0]LogConfig: Setting CVar [[r.DistanceFieldShadowing:1]]
[2023.04.03-13.30.12:095][  0]LogConfig: Setting CVar [[r.DistanceFieldAO:1]]
[2023.04.03-13.30.12:095][  0]LogConfig: Setting CVar [[r.AOQuality:2]]
[2023.04.03-13.30.12:095][  0]LogConfig: Setting CVar [[r.VolumetricFog:1]]
[2023.04.03-13.30.12:096][  0]LogConfig: Setting CVar [[r.VolumetricFog.GridPixelSize:8]]
[2023.04.03-13.30.12:096][  0]LogConfig: Setting CVar [[r.VolumetricFog.GridSizeZ:128]]
[2023.04.03-13.30.12:096][  0]LogConfig: Setting CVar [[r.VolumetricFog.HistoryMissSupersampleCount:4]]
[2023.04.03-13.30.12:096][  0]LogConfig: Setting CVar [[r.LightMaxDrawDistanceScale:1]]
[2023.04.03-13.30.12:096][  0]LogConfig: Setting CVar [[r.CapsuleShadows:1]]
[2023.04.03-13.30.12:096][  0]LogConfig: Applying CVar settings from Section [PostProcessQuality@3] File [C:/Users/VRLab/Documents/GitHub/space-miner/SpaceMiner/Saved/Config/Windows/Scalability.ini]
[2023.04.03-13.30.12:096][  0]LogConfig: Setting CVar [[r.MotionBlurQuality:4]]
[2023.04.03-13.30.12:096][  0]LogConfig: Setting CVar [[r.AmbientOcclusionMipLevelFactor:0.4]]
[2023.04.03-13.30.12:096][  0]LogConfig: Setting CVar [[r.AmbientOcclusionMaxQuality:100]]
[2023.04.03-13.30.12:096][  0]LogConfig: Setting CVar [[r.AmbientOcclusionLevels:-1]]
[2023.04.03-13.30.12:096][  0]LogConfig: Setting CVar [[r.AmbientOcclusionRadiusScale:1.0]]
[2023.04.03-13.30.12:096][  0]LogConfig: Setting CVar [[r.DepthOfFieldQuality:2]]
[2023.04.03-13.30.12:097][  0]LogConfig: Setting CVar [[r.RenderTargetPoolMin:400]]
[2023.04.03-13.30.12:097][  0]LogConfig: Setting CVar [[r.LensFlareQuality:2]]
[2023.04.03-13.30.12:097][  0]LogConfig: Setting CVar [[r.SceneColorFringeQuality:1]]
[2023.04.03-13.30.12:097][  0]LogConfig: Setting CVar [[r.EyeAdaptationQuality:2]]
[2023.04.03-13.30.12:097][  0]LogConfig: Setting CVar [[r.BloomQuality:5]]
[2023.04.03-13.30.12:097][  0]LogConfig: Setting CVar [[r.FastBlurThreshold:100]]
[2023.04.03-13.30.12:097][  0]LogConfig: Setting CVar [[r.Upscale.Quality:3]]
[2023.04.03-13.30.12:097][  0]LogConfig: Setting CVar [[r.Tonemapper.GrainQuantization:1]]
[2023.04.03-13.30.12:097][  0]LogConfig: Setting CVar [[r.LightShaftQuality:1]]
[2023.04.03-13.30.12:097][  0]LogConfig: Setting CVar [[r.Filter.SizeScale:1]]
[2023.04.03-13.30.12:097][  0]LogConfig: Setting CVar [[r.Tonemapper.Quality:5]]
[2023.04.03-13.30.12:097][  0]LogConfig: Setting CVar [[r.DOF.Gather.AccumulatorQuality:1        ; higher gathering accumulator quality]]
[2023.04.03-13.30.12:097][  0]LogConfig: Setting CVar [[r.DOF.Gather.PostfilterMethod:1          ; Median3x3 postfilering method]]
[2023.04.03-13.30.12:097][  0]LogConfig: Setting CVar [[r.DOF.Gather.EnableBokehSettings:0       ; no bokeh simulation when gathering]]
[2023.04.03-13.30.12:098][  0]LogConfig: Setting CVar [[r.DOF.Gather.RingCount:4                 ; medium number of samples when gathering]]
[2023.04.03-13.30.12:098][  0]LogConfig: Setting CVar [[r.DOF.Scatter.ForegroundCompositing:1    ; additive foreground scattering]]
[2023.04.03-13.30.12:098][  0]LogConfig: Setting CVar [[r.DOF.Scatter.BackgroundCompositing:2    ; additive background scattering]]
[2023.04.03-13.30.12:098][  0]LogConfig: Setting CVar [[r.DOF.Scatter.EnableBokehSettings:1      ; bokeh simulation when scattering]]
[2023.04.03-13.30.12:098][  0]LogConfig: Setting CVar [[r.DOF.Scatter.MaxSpriteRatio:0.1         ; only a maximum of 10% of scattered bokeh]]
[2023.04.03-13.30.12:098][  0]LogConfig: Setting CVar [[r.DOF.Recombine.Quality:1                ; cheap slight out of focus]]
[2023.04.03-13.30.12:098][  0]LogConfig: Setting CVar [[r.DOF.Recombine.EnableBokehSettings:0    ; no bokeh simulation on slight out of focus]]
[2023.04.03-13.30.12:098][  0]LogConfig: Setting CVar [[r.DOF.TemporalAAQuality:1                ; more stable temporal accumulation]]
[2023.04.03-13.30.12:098][  0]LogConfig: Setting CVar [[r.DOF.Kernel.MaxForegroundRadius:0.025]]
[2023.04.03-13.30.12:098][  0]LogConfig: Setting CVar [[r.DOF.Kernel.MaxBackgroundRadius:0.025]]
[2023.04.03-13.30.12:098][  0]LogConfig: Applying CVar settings from Section [TextureQuality@3] File [C:/Users/VRLab/Documents/GitHub/space-miner/SpaceMiner/Saved/Config/Windows/Scalability.ini]
[2023.04.03-13.30.12:098][  0]LogConfig: Setting CVar [[r.Streaming.MipBias:0]]
[2023.04.03-13.30.12:098][  0]LogConfig: Setting CVar [[r.Streaming.AmortizeCPUToGPUCopy:0]]
[2023.04.03-13.30.12:099][  0]LogConfig: Setting CVar [[r.Streaming.MaxNumTexturesToStreamPerFrame:0]]
[2023.04.03-13.30.12:099][  0]LogConfig: Setting CVar [[r.Streaming.Boost:1]]
[2023.04.03-13.30.12:099][  0]LogConfig: Setting CVar [[r.MaxAnisotropy:8]]
[2023.04.03-13.30.12:099][  0]LogConfig: Setting CVar [[r.VT.MaxAnisotropy:8]]
[2023.04.03-13.30.12:099][  0]LogConfig: Setting CVar [[r.Streaming.LimitPoolSizeToVRAM:0]]
[2023.04.03-13.30.12:099][  0]LogConfig: Setting CVar [[r.Streaming.PoolSize:1000]]
[2023.04.03-13.30.12:099][  0]LogConfig: Setting CVar [[r.Streaming.MaxEffectiveScreenSize:0]]
[2023.04.03-13.30.12:099][  0]LogConfig: Applying CVar settings from Section [EffectsQuality@3] File [C:/Users/VRLab/Documents/GitHub/space-miner/SpaceMiner/Saved/Config/Windows/Scalability.ini]
[2023.04.03-13.30.12:099][  0]LogConfig: Setting CVar [[r.TranslucencyLightingVolumeDim:64]]
[2023.04.03-13.30.12:099][  0]LogConfig: Setting CVar [[r.RefractionQuality:2]]
[2023.04.03-13.30.12:099][  0]LogConfig: Setting CVar [[r.SSR.Quality:3]]
[2023.04.03-13.30.12:099][  0]LogConfig: Setting CVar [[r.SSR.HalfResSceneColor:0]]
[2023.04.03-13.30.12:099][  0]LogConfig: Setting CVar [[r.SceneColorFormat:4]]
[2023.04.03-13.30.12:099][  0]LogConfig: Setting CVar [[r.DetailMode:2]]
[2023.04.03-13.30.12:099][  0]LogConfig: Setting CVar [[r.TranslucencyVolumeBlur:1]]
[2023.04.03-13.30.12:099][  0]LogConfig: Setting CVar [[r.MaterialQualityLevel:1 ; High quality]]
[2023.04.03-13.30.12:099][  0]LogConfig: Setting CVar [[r.AnisotropicMaterials:1]]
[2023.04.03-13.30.12:099][  0]LogConfig: Setting CVar [[r.SSS.Scale:1]]
[2023.04.03-13.30.12:099][  0]LogConfig: Setting CVar [[r.SSS.SampleSet:2]]
[2023.04.03-13.30.12:099][  0]LogConfig: Setting CVar [[r.SSS.Quality:1]]
[2023.04.03-13.30.12:100][  0]LogConfig: Setting CVar [[r.SSS.HalfRes:0]]
[2023.04.03-13.30.12:100][  0]LogConfig: Setting CVar [[r.SSGI.Quality:3]]
[2023.04.03-13.30.12:100][  0]LogConfig: Setting CVar [[r.EmitterSpawnRateScale:1.0]]
[2023.04.03-13.30.12:100][  0]LogConfig: Setting CVar [[r.ParticleLightQuality:2]]
[2023.04.03-13.30.12:100][  0]LogConfig: Setting CVar [[r.SkyAtmosphere.AerialPerspectiveLUT.FastApplyOnOpaque:1 ; Always have FastSkyLUT 1 in this case to avoid wrong sky]]
[2023.04.03-13.30.12:100][  0]LogConfig: Setting CVar [[r.SkyAtmosphere.AerialPerspectiveLUT.SampleCountMaxPerSlice:4]]
[2023.04.03-13.30.12:100][  0]LogConfig: Setting CVar [[r.SkyAtmosphere.AerialPerspectiveLUT.DepthResolution:16.0]]
[2023.04.03-13.30.12:100][  0]LogConfig: Setting CVar [[r.SkyAtmosphere.FastSkyLUT:1]]
[2023.04.03-13.30.12:100][  0]LogConfig: Setting CVar [[r.SkyAtmosphere.FastSkyLUT.SampleCountMin:4.0]]
[2023.04.03-13.30.12:100][  0]LogConfig: Setting CVar [[r.SkyAtmosphere.FastSkyLUT.SampleCountMax:128.0]]
[2023.04.03-13.30.12:100][  0]LogConfig: Setting CVar [[r.SkyAtmosphere.SampleCountMin:4.0]]
[2023.04.03-13.30.12:100][  0]LogConfig: Setting CVar [[r.SkyAtmosphere.SampleCountMax:128.0]]
[2023.04.03-13.30.12:100][  0]LogConfig: Setting CVar [[r.SkyAtmosphere.TransmittanceLUT.UseSmallFormat:0]]
[2023.04.03-13.30.12:100][  0]LogConfig: Setting CVar [[r.SkyAtmosphere.TransmittanceLUT.SampleCount:10.0]]
[2023.04.03-13.30.12:100][  0]LogConfig: Setting CVar [[r.SkyAtmosphere.MultiScatteringLUT.SampleCount:15.0]]
[2023.04.03-13.30.12:100][  0]LogConfig: Setting CVar [[r.SkyLight.RealTimeReflectionCapture:1]]
[2023.04.03-13.30.12:100][  0]LogConfig: Applying CVar settings from Section [FoliageQuality@3] File [C:/Users/VRLab/Documents/GitHub/space-miner/SpaceMiner/Saved/Config/Windows/Scalability.ini]
[2023.04.03-13.30.12:100][  0]LogConfig: Setting CVar [[foliage.DensityScale:1.0]]
[2023.04.03-13.30.12:101][  0]LogConfig: Setting CVar [[grass.DensityScale:1.0]]
[2023.04.03-13.30.12:101][  0]LogConfig: Applying CVar settings from Section [ShadingQuality@3] File [C:/Users/VRLab/Documents/GitHub/space-miner/SpaceMiner/Saved/Config/Windows/Scalability.ini]
[2023.04.03-13.30.12:101][  0]LogConfig: Setting CVar [[r.HairStrands.SkyLighting.IntegrationType:2]]
[2023.04.03-13.30.12:101][  0]LogConfig: Setting CVar [[r.HairStrands.SkyAO.SampleCount:4]]
[2023.04.03-13.30.12:101][  0]LogConfig: Setting CVar [[r.HairStrands.Visibility.MSAA.SamplePerPixel:4]]
[2023.04.03-13.30.12:101][  0]LogConfig: Applying CVar settings from Section [Startup] File [../../../Engine/Config/ConsoleVariables.ini]
[2023.04.03-13.30.12:122][  0]LogConfig: Setting CVar [[net.UseAdaptiveNetUpdateFrequency:0]]
[2023.04.03-13.30.12:122][  0]LogConfig: Setting CVar [[p.chaos.AllowCreatePhysxBodies:1]]
[2023.04.03-13.30.12:122][  0]LogConfig: Setting CVar [[fx.SkipVectorVMBackendOptimizations:1]]
[2023.04.03-13.30.12:122][  0]LogConfig: Applying CVar settings from Section [ConsoleVariables] File [C:/Users/VRLab/Documents/GitHub/space-miner/SpaceMiner/Saved/Config/Windows/Engine.ini]
[2023.04.03-13.30.12:122][  0]LogConfig: Applying CVar settings from Section [ConsoleVariables] File [C:/Users/VRLab/Documents/GitHub/space-miner/SpaceMiner/Saved/Config/Windows/Editor.ini]
[2023.04.03-13.30.12:122][  0]LogInit: Computer: DESKTOP-NVV9UOD
[2023.04.03-13.30.12:122][  0]LogInit: User: VRLab
[2023.04.03-13.30.12:122][  0]LogInit: CPU Page size=4096, Cores=6
[2023.04.03-13.30.12:122][  0]LogInit: High frequency timer resolution =10.000000 MHz
[2023.04.03-13.30.12:122][  0]LogMemory: Memory total: Physical=16.0GB (16GB approx)
[2023.04.03-13.30.12:122][  0]LogMemory: Platform Memory Stats for Windows
[2023.04.03-13.30.12:122][  0]LogMemory: Process Physical Memory: 139.55 MB used, 139.56 MB peak
[2023.04.03-13.30.12:122][  0]LogMemory: Process Virtual Memory: 113.37 MB used, 113.37 MB peak
[2023.04.03-13.30.12:122][  0]LogMemory: Physical Memory: 3748.23 MB used,  12587.14 MB free, 16335.38 MB total
[2023.04.03-13.30.12:122][  0]LogMemory: Virtual Memory: 134183144.00 MB used,  34580.89 MB free, 134217728.00 MB total
[2023.04.03-13.30.12:150][  0]LogWindows: WindowsPlatformFeatures enabled
[2023.04.03-13.30.13:173][  0]LogInit: Physics initialised using underlying interface: PhysX
[2023.04.03-13.30.13:193][  0]LogInit: Using OS detected language (ru-RU).
[2023.04.03-13.30.13:193][  0]LogInit: Using OS detected locale (ru-RU).
[2023.04.03-13.30.13:204][  0]LogTextLocalizationManager: No specific localization for 'ru-RU' exists, so the 'ru' localization will be used.
[2023.04.03-13.30.13:205][  0]LogTextLocalizationResource: LocRes '../../../Engine/Content/Localization/Editor/ru/Editor.locres' could not be opened for reading!
[2023.04.03-13.30.13:205][  0]LogTextLocalizationResource: LocRes '../../../Engine/Content/Localization/EditorTutorials/ru/EditorTutorials.locres' could not be opened for reading!
[2023.04.03-13.30.13:205][  0]LogTextLocalizationResource: LocRes '../../../Engine/Content/Localization/Keywords/ru/Keywords.locres' could not be opened for reading!
[2023.04.03-13.30.13:205][  0]LogTextLocalizationResource: LocRes '../../../Engine/Content/Localization/Category/ru/Category.locres' could not be opened for reading!
[2023.04.03-13.30.13:205][  0]LogTextLocalizationResource: LocRes '../../../Engine/Content/Localization/ToolTips/ru/ToolTips.locres' could not be opened for reading!
[2023.04.03-13.30.13:206][  0]LogTextLocalizationResource: LocRes '../../../Engine/Content/Localization/PropertyNames/ru/PropertyNames.locres' could not be opened for reading!
[2023.04.03-13.30.13:206][  0]LogTextLocalizationResource: LocRes '../../../Engine/Content/Localization/Engine/ru/Engine.locres' could not be opened for reading!
[2023.04.03-13.30.13:248][  0]LogInit: Setting process to per monitor DPI aware
[2023.04.03-13.30.13:288][  0]LogWindowsTextInputMethodSystem: Display: IME system deactivated.
[2023.04.03-13.30.13:706][  0]LogSlate: New Slate User Created.  User Index 0, Is Virtual User: 0
[2023.04.03-13.30.13:706][  0]LogSlate: Slate User Registered.  User Index 0, Is Virtual User: 0
[2023.04.03-13.30.17:229][  0]LogD3D11RHI: Loaded GFSDK_Aftermath_Lib.x64.dll
[2023.04.03-13.30.17:401][  0]LogHMD: Failed to enumerate extensions. Please check that you have a valid OpenXR runtime installed.
[2023.04.03-13.30.17:401][  0]LogD3D11RHI: D3D11 min allowed feature level: 11_0
[2023.04.03-13.30.17:401][  0]LogD3D11RHI: D3D11 max allowed feature level: 11_0
[2023.04.03-13.30.17:401][  0]LogD3D11RHI: D3D11 adapters:
[2023.04.03-13.30.17:522][  0]LogD3D11RHI:    0. 'NVIDIA GeForce GTX 1060 6GB' (Feature Level 11_0)
[2023.04.03-13.30.17:539][  0]LogD3D11RHI:       6052/0/8167 MB DedicatedVideo/DedicatedSystem/SharedSystem, Outputs:1, VendorId:0x10de
[2023.04.03-13.30.17:541][  0]LogD3D11RHI:    1. 'Microsoft Basic Render Driver' (Feature Level 11_0)
[2023.04.03-13.30.17:541][  0]LogD3D11RHI:       0/0/8167 MB DedicatedVideo/DedicatedSystem/SharedSystem, Outputs:0, VendorId:0x1414
[2023.04.03-13.30.17:541][  0]LogD3D11RHI: Chosen D3D11 Adapter:
[2023.04.03-13.30.17:541][  0]LogD3D11RHI:     Description : NVIDIA GeForce GTX 1060 6GB
[2023.04.03-13.30.17:541][  0]LogD3D11RHI:     VendorId    : 10de
[2023.04.03-13.30.17:541][  0]LogD3D11RHI:     DeviceId    : 1c03
[2023.04.03-13.30.17:541][  0]LogD3D11RHI:     SubSysId    : 32831462
[2023.04.03-13.30.17:541][  0]LogD3D11RHI:     Revision    : 00a1
[2023.04.03-13.30.17:541][  0]LogD3D11RHI:     DedicatedVideoMemory : 6345981952 bytes
[2023.04.03-13.30.17:541][  0]LogD3D11RHI:     DedicatedSystemMemory : 0 bytes
[2023.04.03-13.30.17:541][  0]LogD3D11RHI:     SharedSystemMemory : 8564441088 bytes
[2023.04.03-13.30.17:541][  0]LogD3D11RHI:     AdapterLuid : 0 51749
[2023.04.03-13.30.17:545][  0]LogD3D11RHI: Creating new Direct3DDevice
[2023.04.03-13.30.17:545][  0]LogD3D11RHI:     GPU DeviceId: 0x1c03 (for the marketing name, search the web for "GPU Device Id")
[2023.04.03-13.30.17:545][  0]LogWindows: EnumDisplayDevices:
[2023.04.03-13.30.17:545][  0]LogWindows:    0. 'NVIDIA GeForce GTX 1060 6GB' (P:1 D:1)
[2023.04.03-13.30.17:546][  0]LogWindows:    1. 'NVIDIA GeForce GTX 1060 6GB' (P:0 D:0)
[2023.04.03-13.30.17:546][  0]LogWindows:    2. 'NVIDIA GeForce GTX 1060 6GB' (P:0 D:0)
[2023.04.03-13.30.17:546][  0]LogWindows:    3. 'NVIDIA GeForce GTX 1060 6GB' (P:0 D:0)
[2023.04.03-13.30.17:546][  0]LogWindows: DebugString: FoundDriverCount:4 
[2023.04.03-13.30.17:546][  0]LogD3D11RHI:     Adapter Name: NVIDIA GeForce GTX 1060 6GB
[2023.04.03-13.30.17:546][  0]LogD3D11RHI:   Driver Version: 511.79 (internal:30.0.15.1179, unified:511.79)
[2023.04.03-13.30.17:546][  0]LogD3D11RHI:      Driver Date: 2-10-2022
[2023.04.03-13.30.17:546][  0]LogRHI: Texture pool is 4236 MB (70% of 6052 MB)
[2023.04.03-13.30.17:551][  0]LogD3D11RHI: Creating D3DDevice using adapter:
[2023.04.03-13.30.17:551][  0]LogD3D11RHI:     Description : NVIDIA GeForce GTX 1060 6GB
[2023.04.03-13.30.17:551][  0]LogD3D11RHI:     VendorId    : 10de
[2023.04.03-13.30.17:551][  0]LogD3D11RHI:     DeviceId    : 1c03
[2023.04.03-13.30.17:551][  0]LogD3D11RHI:     SubSysId    : 32831462
[2023.04.03-13.30.17:551][  0]LogD3D11RHI:     Revision    : 00a1
[2023.04.03-13.30.17:551][  0]LogD3D11RHI:     DedicatedVideoMemory : 6345981952 bytes
[2023.04.03-13.30.17:551][  0]LogD3D11RHI:     DedicatedSystemMemory : 0 bytes
[2023.04.03-13.30.17:551][  0]LogD3D11RHI:     SharedSystemMemory : 8564441088 bytes
[2023.04.03-13.30.17:551][  0]LogD3D11RHI:     AdapterLuid : 0 51749
[2023.04.03-13.30.17:613][  0]LogD3D11RHI: RHI has support for 64 bit atomics
[2023.04.03-13.30.17:613][  0]LogD3D11RHI: Async texture creation enabled
[2023.04.03-13.30.17:613][  0]LogD3D11RHI: Array index from any shader is supported
[2023.04.03-13.30.17:677][  0]LogD3D11RHI: GPU Timing Frequency: 1000.000000 (Debug: 2 1)
[2023.04.03-13.30.17:868][  0]LogRHI: GeForceNow SDK initialized: 1
[2023.04.03-13.30.19:354][  0]LogTargetPlatformManager: Display: Loaded TargetPlatform 'AllDesktop'
[2023.04.03-13.30.19:374][  0]LogTargetPlatformManager: Display: Loaded TargetPlatform 'Android'
[2023.04.03-13.30.19:374][  0]LogTargetPlatformManager: Display: Loaded TargetPlatform 'Android_ASTC'
[2023.04.03-13.30.19:374][  0]LogTargetPlatformManager: Display: Loaded TargetPlatform 'Android_DXT'
[2023.04.03-13.30.19:374][  0]LogTargetPlatformManager: Display: Loaded TargetPlatform 'Android_ETC2'
[2023.04.03-13.30.19:374][  0]LogTargetPlatformManager: Display: Loaded TargetPlatform 'AndroidClient'
[2023.04.03-13.30.19:374][  0]LogTargetPlatformManager: Display: Loaded TargetPlatform 'Android_ASTCClient'
[2023.04.03-13.30.19:374][  0]LogTargetPlatformManager: Display: Loaded TargetPlatform 'Android_DXTClient'
[2023.04.03-13.30.19:374][  0]LogTargetPlatformManager: Display: Loaded TargetPlatform 'Android_ETC2Client'
[2023.04.03-13.30.19:374][  0]LogTargetPlatformManager: Display: Loaded TargetPlatform 'Android_Multi'
[2023.04.03-13.30.19:374][  0]LogTargetPlatformManager: Display: Loaded TargetPlatform 'Android_MultiClient'
[2023.04.03-13.30.19:385][  0]LogTargetPlatformManager: Display: Loaded TargetPlatform 'IOSClient'
[2023.04.03-13.30.19:385][  0]LogTargetPlatformManager: Display: Loaded TargetPlatform 'IOS'
[2023.04.03-13.30.19:425][  0]LogTargetPlatformManager: Display: Loaded TargetPlatform 'Linux'
[2023.04.03-13.30.19:469][  0]LogTargetPlatformManager: Display: Loaded TargetPlatform 'LinuxNoEditor'
[2023.04.03-13.30.19:550][  0]LogTargetPlatformManager: Display: Loaded TargetPlatform 'LinuxClient'
[2023.04.03-13.30.19:553][  0]LogTargetPlatformManager: Display: Loaded TargetPlatform 'LinuxServer'
[2023.04.03-13.30.20:050][  0]LogTargetPlatformManager: Display: Loaded TargetPlatform 'LinuxAArch64NoEditor'
[2023.04.03-13.30.20:069][  0]LogTargetPlatformManager: Display: Loaded TargetPlatform 'LinuxAArch64Client'
[2023.04.03-13.30.20:075][  0]LogTargetPlatformManager: Display: Loaded TargetPlatform 'LinuxAArch64Server'
[2023.04.03-13.30.20:131][  0]LogTargetPlatformManager: Display: Loaded TargetPlatform 'Lumin'
[2023.04.03-13.30.20:131][  0]LogTargetPlatformManager: Display: Loaded TargetPlatform 'LuminClient'
[2023.04.03-13.30.20:186][  0]LogTargetPlatformManager: Display: Loaded TargetPlatform 'MacNoEditor'
[2023.04.03-13.30.20:209][  0]LogTargetPlatformManager: Display: Loaded TargetPlatform 'Mac'
[2023.04.03-13.30.20:226][  0]LogTargetPlatformManager: Display: Loaded TargetPlatform 'MacClient'
[2023.04.03-13.30.20:243][  0]LogTargetPlatformManager: Display: Loaded TargetPlatform 'MacServer'
[2023.04.03-13.30.20:303][  0]LogTargetPlatformManager: Display: Loaded TargetPlatform 'TVOSClient'
[2023.04.03-13.30.20:303][  0]LogTargetPlatformManager: Display: Loaded TargetPlatform 'TVOS'
[2023.04.03-13.30.20:324][  0]LogTargetPlatformManager: Display: Loaded TargetPlatform 'WindowsNoEditor'
[2023.04.03-13.30.20:329][  0]LogTargetPlatformManager: Display: Loaded TargetPlatform 'Windows'
[2023.04.03-13.30.20:348][  0]LogTargetPlatformManager: Display: Loaded TargetPlatform 'WindowsClient'
[2023.04.03-13.30.20:371][  0]LogTargetPlatformManager: Display: Loaded TargetPlatform 'WindowsServer'
[2023.04.03-13.30.20:372][  0]LogTargetPlatformManager: Display: Building Assets For Windows
[2023.04.03-13.30.20:508][  0]LogAudioDebug: Display: Lib vorbis DLL was dynamically loaded.
[2023.04.03-13.30.21:034][  0]LogTextureFormatOodle: Display: Oodle Texture 2.9.0 init RDO Off
[2023.04.03-13.30.21:555][  0]LogRendererCore: Ray tracing is disabled. Reason: r.RayTracing=0.
[2023.04.03-13.30.21:555][  0]LogShaderCompilers: Guid format shader working directory is -24 characters bigger than the processId version (../../../../../../Users/VRLab/Documents/GitHub/space-miner/SpaceMiner/Intermediate/Shaders/WorkingDirectory/12180/).
[2023.04.03-13.30.21:555][  0]LogShaderCompilers: Cleaned the shader compiler working directory 'C:/Users/VRLab/AppData/Local/Temp/UnrealShaderWorkingDir/E1F17D3F4C189D9738A30B90686FAE2D/'.
[2023.04.03-13.30.21:555][  0]LogXGEController: Cannot use XGE Controller as Incredibuild is not installed on this machine.
[2023.04.03-13.30.21:556][  0]LogShaderCompilers: Cannot use XGE Shader Compiler as Incredibuild is not installed on this machine.
[2023.04.03-13.30.21:556][  0]LogShaderCompilers: Display: Using Local Shader Compiler.
[2023.04.03-13.30.29:795][  0]LogDerivedDataCache: Display: Max Cache Size: 512 MB
[2023.04.03-13.30.31:039][  0]LogDerivedDataCache: Loaded boot cache 1.23s 96MB C:/Users/VRLab/AppData/Local/UnrealEngine/4.27/DerivedDataCache/Boot.ddc.
[2023.04.03-13.30.31:039][  0]LogDerivedDataCache: Display: Loaded Boot cache: C:/Users/VRLab/AppData/Local/UnrealEngine/4.27/DerivedDataCache/Boot.ddc
[2023.04.03-13.30.31:040][  0]LogDerivedDataCache: FDerivedDataBackendGraph:  Pak pak cache file ../../../../../../Users/VRLab/Documents/GitHub/space-miner/SpaceMiner/DerivedDataCache/DDC.ddp not found, will not use a pak cache.
[2023.04.03-13.30.31:040][  0]LogDerivedDataCache: Unable to find inner node Pak for hierarchical cache Hierarchy.
[2023.04.03-13.30.31:040][  0]LogDerivedDataCache: FDerivedDataBackendGraph:  CompressedPak pak cache file ../../../../../../Users/VRLab/Documents/GitHub/space-miner/SpaceMiner/DerivedDataCache/Compressed.ddp not found, will not use a pak cache.
[2023.04.03-13.30.31:040][  0]LogDerivedDataCache: Unable to find inner node CompressedPak for hierarchical cache Hierarchy.
[2023.04.03-13.30.31:098][  0]LogDerivedDataCache: Display: Pak cache opened for reading ../../../Engine/DerivedDataCache/Compressed.ddp.
[2023.04.03-13.30.31:098][  0]LogDerivedDataCache: FDerivedDataBackendGraph:  EnterprisePak pak cache file ../../../Enterprise/DerivedDataCache/Compressed.ddp not found, will not use a pak cache.
[2023.04.03-13.30.31:098][  0]LogDerivedDataCache: Unable to find inner node EnterprisePak for hierarchical cache Hierarchy.
[2023.04.03-13.30.31:470][  0]LogDerivedDataCache: Speed tests for C:/Users/VRLab/AppData/Local/UnrealEngine/Common/DerivedDataCache took 0.37 seconds
[2023.04.03-13.30.31:470][  0]LogDerivedDataCache: Display: Performance to C:/Users/VRLab/AppData/Local/UnrealEngine/Common/DerivedDataCache: Latency=8.85ms. RandomReadSpeed=3.63MBs, RandomWriteSpeed=102.99MBs. Assigned SpeedClass 'Fast'
[2023.04.03-13.30.31:472][  0]LogDerivedDataCache: Using Local data cache path C:/Users/VRLab/AppData/Local/UnrealEngine/Common/DerivedDataCache: Writable
[2023.04.03-13.30.31:472][  0]LogDerivedDataCache: Shared data cache path not found in *engine.ini, will not use an Shared cache.
[2023.04.03-13.30.31:472][  0]LogDerivedDataCache: Unable to find inner node Shared for hierarchical cache Hierarchy.
[2023.04.03-13.30.31:919][  0]LogSlate: Using FreeType 2.10.0
[2023.04.03-13.30.31:956][  0]LogSlate: SlateFontServices - WITH_FREETYPE: 1, WITH_HARFBUZZ: 1
[2023.04.03-13.30.31:957][  0]LogHMD: Failed to enumerate extensions. Please check that you have a valid OpenXR runtime installed.
[2023.04.03-13.30.32:659][  0]LogAssetRegistry: FAssetRegistry took 0.0033 seconds to start up
[2023.04.03-13.30.35:589][  0]LogInit: Selected Device Profile: [Windows]
[2023.04.03-13.30.35:589][  0]LogInit: Active device profile: [000001F273196D00][000001F26F648680 49] Windows
[2023.04.03-13.30.35:589][  0]LogInit: Profiles: [000001F273196D00][000001F26F648680 49] Windows, [000001F273122800][000001F271396800 49] WindowsNoEditor, [000001F273195100][000001F27139A980 49] WindowsServer, [000001F273122900][000001F27139EB00 49] WindowsClient, [000001F273196800][000001F2713A2C80 49] IOS, [000001F273195200][000001F271392DC0 49] iPadAir, [000001F27310A100][000001F2713A6F00 49] iPadAir2, [000001F2730C8D00][000001F2713AF140 49] IPadPro, [000001F2730C8E00][000001F2713AB180 49] iPadAir3, [000001F273108600][000001F2713B7300 49] iPadAir4, [000001F2730C8200][000001F2713BB480 49] iPadMini2, [000001F27310B800][000001F2713BF600 49] iPadMini3, [000001F2730CAE00][000001F2713C3780 49] iPadMini4, [000001F27310B600][000001F2713C7900 49] iPadMini5, [000001F273123D00][000001F2713CFBC0 49] iPhone6, [000001F273123C00][000001F2713CBC00 49] iPodTouch6, [000001F2730C8900][000001F2713D6340 49] iPhone7, [000001F2730CB600][000001F2713D2380 49] iPodTouch7, [000001F273121600][000001F2713DA500 49] iPhone5S, [000001F2730C9600][000001F2713DE680 49] iPhone6Plus, [000001F273123400][000001F2713E2800 49] iPhone6S, [000001F2730C9400][000001F2713E6980 49] iPhone6SPlus, [000001F273122300][000001F2713EAB00 49] iPhone7Plus, [000001F2730CA100][000001F2735BEC80 49] iPhoneSE, [000001F273120C00][000001F2735C2E00 49] iPhone8, [000001F2730C8B00][000001F2713B2F40 49] iPhone8Plus, [000001F273120A00][000001F2735C7080 49] iPhoneX, [000001F2730CA800][000001F2735CB1C0 49] iPhoneXS, [000001F273120200][000001F2735CF300 49] iPhoneXSMax, [000001F2730C8500][000001F2735D7480 49] iPhoneXR, [000001F273123500][000001F2735DB600 49] iPhone11, [000001F2730CB100][000001F2735DF780 49] iPhone11Pro, [000001F273123B00][000001F2735E3900 49] iPhone11ProMax, [000001F2730CBD00][000001F2735E7A80 49] iPhoneSE2, [000001F273123800][000001F2735EBC00 49] iPhone12Mini, [000001F2730C8700][000001F2735EE200 49] iPhone12, [000001F273120D00][000001F2735F2380 49] iPhone12Pro, [000001F2730CA900][000001F2735F6500 49] iPhone12ProMax, [000001F273123000][000001F2735FA680 49] iPadPro105, [000001F2730CA500][000001F2735FE800 49] iPadPro129, [000001F273123F00][000001F273602980 49] iPadPro97, [000001F2730CA300][000001F273606B00 49] iPadPro2_129, [000001F273121F00][000001F27360AC80 49] iPad5, [000001F2730C8800][000001F27360EE00 49] iPad6, [000001F273121900][000001F273612F80 49] iPad7, [000001F2730CBF00][000001F273617100 49] iPad8, [000001F273122500][000001F2735D3240 49] iPadPro11, [000001F2730CAF00][000001F27361B380 49] iPadPro2_11, [000001F273121800][000001F27361F4C0 49] iPadPro3_129, [000001F2730CA400][000001F273627640 49] iPadPro4_129, [000001F273120500][000001F27362B7C0 49] AppleTV, [000001F2730C9C00][000001F27362F940 49] AppleTV4K, [000001F273121C00][000001F273633AC0 49] TVOS, [000001F2730CAC00][000001F2736360C0 49] Mac, [000001F273122A00][000001F27363A240 49] MacClient, [000001F2730C9200][000001F27363E3C0 49] MacNoEditor, [000001F273120800][000001F273642540 49] MacServer, [000001F2730C8100][000001F2736466C0 49] Linux, [000001F273123300][000001F27364A840 49] LinuxAArch64, [000001F2730CA200][000001F27364E9C0 49] LinuxNoEditor, [000001F273121100][000001F273652B40 49] LinuxAArch64NoEditor, [000001F2730C9F00][000001F273656CC0 49] LinuxClient, [000001F273121D00][000001F27365AE40 49] LinuxAArch64Client, [000001F2730CAA00][000001F27365EFC0 49] LinuxServer, [000001F273122400][000001F273663140 49] LinuxAArch64Server, [000001F2730C9100][000001F2736672C0 49] Android, [000001F273108300][000001F273623400 49] Android_Low, [000001F273195E00][000001F27366B540 49] Android_Mid, [000001F27310BA00][000001F27366F680 49] Android_High, [000001F273197800][000001F2736737C0 49] Android_Default, [000001F27310B900][000001F27367B940 49] Android_Adreno4xx, [000001F273194700][000001F27367FAC0 49] Android_Adreno5xx_Low, [000001F27310B200][000001F2736820C0 49] Android_Adreno5xx, [000001F273195300][000001F273686240 49] Android_Adreno6xx, [000001F273109000][000001F27368A3C0 49] Android_Adreno6xx_Vulkan, [000001F273194100][000001F27368E540 49] Android_Mali_T6xx, [000001F27310AE00][000001F2736926C0 49] Android_Mali_T7xx, [000001F273196500][000001F273696840 49] Android_Mali_T8xx, [000001F27310BB00][000001F27369A9C0 49] Android_Mali_G71, [000001F273197000][000001F27369EB40 49] Android_Mali_G72, [000001F27310B500][000001F2736A2CC0 49] Android_Mali_G72_Vulkan, [000001F273194600][000001F2736A6E40 49] Android_Mali_G76, [000001F273108C00][000001F2736AAFC0 49] Android_Mali_G76_Vulkan, [000001F273196A00][000001F2736AF140 49] Android_Mali_G77, [000001F27310AA00][000001F2736B32C0 49] Android_Mali_G77_Vulkan, [000001F273194C00][000001F2736B7440 49] Android_Mali_G78, [000001F273108800][000001F273677580 49] Android_Mali_G78_Vulkan, [000001F273195800][000001F2736BB6C0 49] Android_Mali_G710, [000001F273108F00][000001F2736BF800 49] Android_Mali_G710_Vulkan, [000001F273195900][000001F2736C3940 49] Android_Vulkan_SM5, [000001F27310A500][000001F2736CBAC0 49] Android_PowerVR_G6xxx, [000001F273195D00][000001F2736CE0C0 49] Android_PowerVR_GT7xxx, [000001F27310A700][000001F2736D2240 49] Android_PowerVR_GE8xxx, [000001F273196900][000001F2736D63C0 49] Android_PowerVR_GM9xxx, [000001F2730C9A00][000001F2736DA540 49] Android_PowerVR_GM9xxx_Vulkan, [000001F273195A00][000001F2736DE6C0 49] Android_TegraK1, [000001F2730CA600][000001F2736E2840 49] Android_Unknown_Vulkan, [000001F273195700][000001F2736E69C0 49] Lumin, [000001F2730C9E00][000001F2736EAB40 49] Lumin_Desktop, [000001F273194900][000001F2736EECC0 49] HoloLens, 
[2023.04.03-13.30.36:426][  0]LogMaterial: Display: Missing cached shadermap for WorldGridMaterial in PCD3D_SM5, Default, SM5 (DDC key hash: A1735345BAA6C16A461C99B571E815C1D167A3DB), compiling. Is special engine material.
[2023.04.03-13.30.40:956][  0]LogShaderCompilers: Display: Submitted 1144 shader compile jobs with 'High' priority
[2023.04.03-13.30.41:516][  0]LogShaderCompilers: Display: Worker (1/3): shaders left to compile 1144
[2023.04.03-13.30.41:516][  0]LogShaderCompilers: Display: Worker (2/3): shaders left to compile 1134
[2023.04.03-13.30.41:516][  0]LogShaderCompilers: Display: Worker (3/3): shaders left to compile 1124
[2023.04.03-13.30.41:516][  0]LogShaderCompilers: Display: Started 30 'Local' shader compile jobs with 'High' priority
[2023.04.03-13.31.12:291][  0]LogShaderCompilers: Display: Worker (1/3): shaders left to compile 1114
[2023.04.03-13.31.12:291][  0]LogShaderCompilers: Display: Started 10 'Local' shader compile jobs with 'High' priority
[2023.04.03-13.31.16:208][  0]LogShaderCompilers: Display: Worker (2/3): shaders left to compile 1104
[2023.04.03-13.31.16:208][  0]LogShaderCompilers: Display: Started 10 'Local' shader compile jobs with 'High' priority
[2023.04.03-13.31.33:552][  0]LogAssetRegistry: Error: Failed to open file for write ../../../../../../Users/VRLab/Documents/GitHub/space-miner/SpaceMiner/Intermediate/CachedAssetRegistry.bin.tmp
[2023.04.03-13.31.40:266][  0]LogShaderCompilers: Display: Worker (2/3): shaders left to compile 1094
[2023.04.03-13.31.40:266][  0]LogShaderCompilers: Display: Started 10 'Local' shader compile jobs with 'High' priority
[2023.04.03-13.31.50:897][  0]LogShaderCompilers: Display: Worker (3/3): shaders left to compile 1084
[2023.04.03-13.31.50:897][  0]LogShaderCompilers: Display: Started 10 'Local' shader compile jobs with 'High' priority
[2023.04.03-13.32.12:158][  0]LogShaderCompilers: Display: Worker (2/3): shaders left to compile 1074
[2023.04.03-13.32.12:158][  0]LogShaderCompilers: Display: Started 10 'Local' shader compile jobs with 'High' priority
[2023.04.03-13.32.18:872][  0]LogShaderCompilers: Display: Worker (1/3): shaders left to compile 1064
[2023.04.03-13.32.18:872][  0]LogShaderCompilers: Display: Started 10 'Local' shader compile jobs with 'High' priority
[2023.04.03-13.32.32:860][  0]LogShaderCompilers: Display: Worker (3/3): shaders left to compile 1054
[2023.04.03-13.32.32:860][  0]LogShaderCompilers: Display: Started 10 'Local' shader compile jobs with 'High' priority
[2023.04.03-13.32.33:419][  0]LogAssetRegistry: Error: Failed to open file for write ../../../../../../Users/VRLab/Documents/GitHub/space-miner/SpaceMiner/Intermediate/CachedAssetRegistry.bin.tmp
[2023.04.03-13.33.10:907][  0]LogShaderCompilers: Display: Worker (3/3): shaders left to compile 1044
[2023.04.03-13.33.10:907][  0]LogShaderCompilers: Display: Started 10 'Local' shader compile jobs with 'High' priority
[2023.04.03-13.33.14:823][  0]LogShaderCompilers: Display: Worker (1/3): shaders left to compile 1034
[2023.04.03-13.33.14:823][  0]LogShaderCompilers: Display: Started 10 'Local' shader compile jobs with 'High' priority
[2023.04.03-13.33.24:335][  0]LogShaderCompilers: Display: Worker (2/3): shaders left to compile 1024
[2023.04.03-13.33.24:335][  0]LogShaderCompilers: Display: Started 10 'Local' shader compile jobs with 'High' priority
[2023.04.03-13.33.26:574][  0]LogShaderCompilers: Display: Worker (1/3): shaders left to compile 1014
[2023.04.03-13.33.26:574][  0]LogShaderCompilers: Display: Started 10 'Local' shader compile jobs with 'High' priority
[2023.04.03-13.33.53:430][  0]LogShaderCompilers: Display: Worker (3/3): shaders left to compile 1004
[2023.04.03-13.33.53:430][  0]LogShaderCompilers: Display: Started 10 'Local' shader compile jobs with 'High' priority
[2023.04.03-13.34.01:823][  0]LogShaderCompilers: Display: Worker (3/3): shaders left to compile 994
[2023.04.03-13.34.01:823][  0]LogShaderCompilers: Display: Started 10 'Local' shader compile jobs with 'High' priority
[2023.04.03-13.34.20:846][  0]LogShaderCompilers: Display: Worker (1/3): shaders left to compile 984
[2023.04.03-13.34.20:846][  0]LogShaderCompilers: Display: Started 10 'Local' shader compile jobs with 'High' priority
[2023.04.03-13.34.30:922][  0]LogShaderCompilers: Display: Worker (2/3): shaders left to compile 974
[2023.04.03-13.34.30:922][  0]LogShaderCompilers: Display: Started 10 'Local' shader compile jobs with 'High' priority
[2023.04.03-13.34.39:314][  0]LogShaderCompilers: Display: Worker (3/3): shaders left to compile 964
[2023.04.03-13.34.39:314][  0]LogShaderCompilers: Display: Started 10 'Local' shader compile jobs with 'High' priority
[2023.04.03-13.35.10:087][  0]LogShaderCompilers: Display: Worker (3/3): shaders left to compile 954
[2023.04.03-13.35.10:087][  0]LogShaderCompilers: Display: Started 10 'Local' shader compile jobs with 'High' priority
[2023.04.03-13.35.18:480][  0]LogShaderCompilers: Display: Worker (1/3): shaders left to compile 944
[2023.04.03-13.35.18:480][  0]LogShaderCompilers: Display: Started 10 'Local' shader compile jobs with 'High' priority
[2023.04.03-13.35.41:419][  0]LogShaderCompilers: Display: Worker (3/3): shaders left to compile 934
[2023.04.03-13.35.41:419][  0]LogShaderCompilers: Display: Started 10 'Local' shader compile jobs with 'High' priority
[2023.04.03-13.35.44:217][  0]LogShaderCompilers: Display: Worker (2/3): shaders left to compile 924
[2023.04.03-13.35.44:217][  0]LogShaderCompilers: Display: Started 10 'Local' shader compile jobs with 'High' priority
[2023.04.03-13.36.01:002][  0]LogShaderCompilers: Display: Worker (1/3): shaders left to compile 914
[2023.04.03-13.36.01:002][  0]LogShaderCompilers: Display: Started 10 'Local' shader compile jobs with 'High' priority
[2023.04.03-13.36.51:357][  0]LogShaderCompilers: Display: Worker (3/3): shaders left to compile 904
[2023.04.03-13.36.51:357][  0]LogShaderCompilers: Display: Started 10 'Local' shader compile jobs with 'High' priority
[2023.04.03-13.36.53:036][  0]LogShaderCompilers: Display: Worker (2/3): shaders left to compile 894
[2023.04.03-13.36.53:036][  0]LogShaderCompilers: Display: Started 10 'Local' shader compile jobs with 'High' priority
[2023.04.03-13.37.16:535][  0]LogShaderCompilers: Display: Worker (1/3): shaders left to compile 884
[2023.04.03-13.37.16:535][  0]LogShaderCompilers: Display: Started 10 'Local' shader compile jobs with 'High' priority
[2023.04.03-13.37.21:570][  0]LogShaderCompilers: Display: Worker (3/3): shaders left to compile 874
[2023.04.03-13.37.21:570][  0]LogShaderCompilers: Display: Started 10 'Local' shader compile jobs with 'High' priority
[2023.04.03-13.37.38:916][  0]LogShaderCompilers: Display: Worker (2/3): shaders left to compile 864
[2023.04.03-13.37.38:916][  0]LogShaderCompilers: Display: Started 10 'Local' shader compile jobs with 'High' priority
[2023.04.03-13.38.00:737][  0]LogShaderCompilers: Display: Worker (1/3): shaders left to compile 854
[2023.04.03-13.38.00:737][  0]LogShaderCompilers: Display: Started 10 'Local' shader compile jobs with 'High' priority
[2023.04.03-13.38.31:509][  0]LogShaderCompilers: Display: Worker (3/3): shaders left to compile 844
[2023.04.03-13.38.31:509][  0]LogShaderCompilers: Display: Started 10 'Local' shader compile jobs with 'High' priority
[2023.04.03-13.38.31:509][  0]LogShaderCompilers: Display: Worker (2/3): shaders left to compile 834
[2023.04.03-13.38.31:509][  0]LogShaderCompilers: Display: Started 10 'Local' shader compile jobs with 'High' priority
[2023.04.03-13.38.37:104][  0]LogShaderCompilers: Display: Worker (1/3): shaders left to compile 824
[2023.04.03-13.38.37:104][  0]LogShaderCompilers: Display: Started 10 'Local' shader compile jobs with 'High' priority
[2023.04.03-13.38.55:008][  0]LogShaderCompilers: Display: Worker (3/3): shaders left to compile 814
[2023.04.03-13.38.55:008][  0]LogShaderCompilers: Display: Started 10 'Local' shader compile jobs with 'High' priority
[2023.04.03-13.39.03:402][  0]LogShaderCompilers: Display: Worker (2/3): shaders left to compile 804
[2023.04.03-13.39.03:402][  0]LogShaderCompilers: Display: Started 10 'Local' shader compile jobs with 'High' priority
[2023.04.03-13.39.08:438][  0]LogShaderCompilers: Display: Worker (1/3): shaders left to compile 794
[2023.04.03-13.39.08:438][  0]LogShaderCompilers: Display: Started 10 'Local' shader compile jobs with 'High' priority
[2023.04.03-13.39.38:651][  0]LogShaderCompilers: Display: Worker (1/3): shaders left to compile 784
[2023.04.03-13.39.38:651][  0]LogShaderCompilers: Display: Started 10 'Local' shader compile jobs with 'High' priority
[2023.04.03-13.39.48:722][  0]LogShaderCompilers: Display: Worker (3/3): shaders left to compile 774
[2023.04.03-13.39.48:722][  0]LogShaderCompilers: Display: Started 10 'Local' shader compile jobs with 'High' priority
[2023.04.03-13.40.03:269][  0]LogShaderCompilers: Display: Worker (1/3): shaders left to compile 764
[2023.04.03-13.40.03:269][  0]LogShaderCompilers: Display: Started 10 'Local' shader compile jobs with 'High' priority
[2023.04.03-13.40.11:104][  0]LogShaderCompilers: Display: Worker (2/3): shaders left to compile 754
[2023.04.03-13.40.11:104][  0]LogShaderCompilers: Display: Started 10 'Local' shader compile jobs with 'High' priority
[2023.04.03-13.40.23:413][  0]LogShaderCompilers: Display: Worker (3/3): shaders left to compile 744
[2023.04.03-13.40.23:413][  0]LogShaderCompilers: Display: Started 10 'Local' shader compile jobs with 'High' priority
[2023.04.03-13.40.37:960][  0]LogShaderCompilers: Display: Worker (1/3): shaders left to compile 734
[2023.04.03-13.40.37:960][  0]LogShaderCompilers: Display: Started 10 'Local' shader compile jobs with 'High' priority
[2023.04.03-13.41.09:292][  0]LogShaderCompilers: Display: Worker (3/3): shaders left to compile 724
[2023.04.03-13.41.09:292][  0]LogShaderCompilers: Display: Started 10 'Local' shader compile jobs with 'High' priority
[2023.04.03-13.41.09:852][  0]LogShaderCompilers: Display: Worker (1/3): shaders left to compile 714
[2023.04.03-13.41.09:852][  0]LogShaderCompilers: Display: Started 10 'Local' shader compile jobs with 'High' priority
[2023.04.03-13.41.09:852][  0]LogShaderCompilers: Display: Worker (2/3): shaders left to compile 704
[2023.04.03-13.41.09:852][  0]LogShaderCompilers: Display: Started 10 'Local' shader compile jobs with 'High' priority
[2023.04.03-13.41.32:791][  0]LogShaderCompilers: Display: Worker (3/3): shaders left to compile 694
[2023.04.03-13.41.32:791][  0]LogShaderCompilers: Display: Started 10 'Local' shader compile jobs with 'High' priority
[2023.04.03-13.41.39:505][  0]LogShaderCompilers: Display: Worker (3/3): shaders left to compile 684
[2023.04.03-13.41.39:505][  0]LogShaderCompilers: Display: Started 10 'Local' shader compile jobs with 'High' priority
[2023.04.03-13.41.53:493][  0]LogShaderCompilers: Display: Worker (1/3): shaders left to compile 674
[2023.04.03-13.41.53:493][  0]LogShaderCompilers: Display: Started 10 'Local' shader compile jobs with 'High' priority
[2023.04.03-13.42.04:124][  0]LogShaderCompilers: Display: Worker (2/3): shaders left to compile 664
[2023.04.03-13.42.04:124][  0]LogShaderCompilers: Display: Started 10 'Local' shader compile jobs with 'High' priority
[2023.04.03-13.42.37:134][  0]LogShaderCompilers: Display: Worker (3/3): shaders left to compile 654
[2023.04.03-13.42.37:134][  0]LogShaderCompilers: Display: Started 10 'Local' shader compile jobs with 'High' priority
[2023.04.03-13.42.48:884][  0]LogShaderCompilers: Display: Worker (1/3): shaders left to compile 644
[2023.04.03-13.42.48:884][  0]LogShaderCompilers: Display: Started 10 'Local' shader compile jobs with 'High' priority
[2023.04.03-13.42.51:681][  0]LogShaderCompilers: Display: Worker (2/3): shaders left to compile 634
[2023.04.03-13.42.51:681][  0]LogShaderCompilers: Display: Started 10 'Local' shader compile jobs with 'High' priority
[2023.04.03-13.43.00:633][  0]LogShaderCompilers: Display: Worker (3/3): shaders left to compile 624
[2023.04.03-13.43.00:633][  0]LogShaderCompilers: Display: Started 10 'Local' shader compile jobs with 'High' priority
[2023.04.03-13.43.12:383][  0]LogShaderCompilers: Display: Worker (1/3): shaders left to compile 614
[2023.04.03-13.43.12:383][  0]LogShaderCompilers: Display: Started 10 'Local' shader compile jobs with 'High' priority
[2023.04.03-13.43.25:811][  0]LogShaderCompilers: Display: Worker (2/3): shaders left to compile 604
[2023.04.03-13.43.25:811][  0]LogShaderCompilers: Display: Started 10 'Local' shader compile jobs with 'High' priority
[2023.04.03-13.43.57:704][  0]LogShaderCompilers: Display: Worker (3/3): shaders left to compile 594
[2023.04.03-13.43.57:704][  0]LogShaderCompilers: Display: Started 10 'Local' shader compile jobs with 'High' priority
[2023.04.03-13.43.58:823][  0]LogShaderCompilers: Display: Worker (2/3): shaders left to compile 584
[2023.04.03-13.43.58:823][  0]LogShaderCompilers: Display: Started 10 'Local' shader compile jobs with 'High' priority
[2023.04.03-13.44.12:810][  0]LogShaderCompilers: Display: Worker (1/3): shaders left to compile 574
[2023.04.03-13.44.12:810][  0]LogShaderCompilers: Display: Started 10 'Local' shader compile jobs with 'High' priority
[2023.04.03-13.44.23:441][  0]LogShaderCompilers: Display: Worker (3/3): shaders left to compile 564
[2023.04.03-13.44.23:441][  0]LogShaderCompilers: Display: Started 10 'Local' shader compile jobs with 'High' priority
[2023.04.03-13.44.32:393][  0]LogShaderCompilers: Display: Worker (2/3): shaders left to compile 554
[2023.04.03-13.44.32:393][  0]LogShaderCompilers: Display: Started 10 'Local' shader compile jobs with 'High' priority
[2023.04.03-13.44.58:690][  0]LogShaderCompilers: Display: Worker (1/3): shaders left to compile 544
[2023.04.03-13.44.58:690][  0]LogShaderCompilers: Display: Started 10 'Local' shader compile jobs with 'High' priority
[2023.04.03-13.45.08:761][  0]LogShaderCompilers: Display: Worker (2/3): shaders left to compile 534
[2023.04.03-13.45.08:761][  0]LogShaderCompilers: Display: Started 10 'Local' shader compile jobs with 'High' priority
[2023.04.03-13.45.23:867][  0]LogShaderCompilers: Display: Worker (3/3): shaders left to compile 524
[2023.04.03-13.45.23:867][  0]LogShaderCompilers: Display: Started 10 'Local' shader compile jobs with 'High' priority
[2023.04.03-13.45.25:546][  0]LogShaderCompilers: Display: Worker (2/3): shaders left to compile 514
[2023.04.03-13.45.25:546][  0]LogShaderCompilers: Display: Started 10 'Local' shader compile jobs with 'High' priority
